{"/Users/kylemartinelli/HackReactor/FEC/config.js": {"path":"/Users/kylemartinelli/HackReactor/FEC/config.js","statementMap":{"0":{"start":{"line":1,"column":0},"end":{"line":3,"column":2}}},"fnMap":{},"branchMap":{},"s":{"0":3},"f":{},"b":{},"_coverageSchema":"1a1c01bbd47fc00a2c39e90264f33305004495a9","hash":"3eb3148cda9df44d18097bb31d1a58c8f1b32dd2"}
,"/Users/kylemartinelli/HackReactor/FEC/client/src/Components/ProductDetails/ProductDetails.jsx": {"path":"/Users/kylemartinelli/HackReactor/FEC/client/src/Components/ProductDetails/ProductDetails.jsx","statementMap":{"0":{"start":{"line":11,"column":20},"end":{"line":24,"column":1}},"1":{"start":{"line":26,"column":23},"end":{"line":33,"column":1}},"2":{"start":{"line":35,"column":25},"end":{"line":40,"column":1}},"3":{"start":{"line":42,"column":24},"end":{"line":47,"column":1}},"4":{"start":{"line":49,"column":25},"end":{"line":54,"column":1}},"5":{"start":{"line":55,"column":29},"end":{"line":60,"column":1}},"6":{"start":{"line":61,"column":27},"end":{"line":66,"column":1}},"7":{"start":{"line":67,"column":29},"end":{"line":72,"column":1}},"8":{"start":{"line":76,"column":44},"end":{"line":76,"column":62}},"9":{"start":{"line":77,"column":44},"end":{"line":77,"column":62}},"10":{"start":{"line":78,"column":2},"end":{"line":85,"column":24}},"11":{"start":{"line":79,"column":4},"end":{"line":84,"column":5}},"12":{"start":{"line":80,"column":6},"end":{"line":83,"column":11}},"13":{"start":{"line":82,"column":10},"end":{"line":82,"column":46}},"14":{"start":{"line":82,"column":47},"end":{"line":82,"column":86}},"15":{"start":{"line":87,"column":22},"end":{"line":89,"column":3}},"16":{"start":{"line":88,"column":4},"end":{"line":88,"column":31}},"17":{"start":{"line":90,"column":2},"end":{"line":120,"column":4}}},"fnMap":{"0":{"name":"ProductDetails","decl":{"start":{"line":75,"column":24},"end":{"line":75,"column":38}},"loc":{"start":{"line":75,"column":81},"end":{"line":121,"column":1}},"line":75},"1":{"name":"(anonymous_1)","decl":{"start":{"line":78,"column":18},"end":{"line":78,"column":19}},"loc":{"start":{"line":78,"column":24},"end":{"line":85,"column":3}},"line":78},"2":{"name":"(anonymous_2)","decl":{"start":{"line":81,"column":14},"end":{"line":81,"column":15}},"loc":{"start":{"line":81,"column":24},"end":{"line":83,"column":9}},"line":81},"3":{"name":"(anonymous_3)","decl":{"start":{"line":87,"column":22},"end":{"line":87,"column":23}},"loc":{"start":{"line":87,"column":36},"end":{"line":89,"column":3}},"line":87}},"branchMap":{"0":{"loc":{"start":{"line":79,"column":4},"end":{"line":84,"column":5}},"type":"if","locations":[{"start":{"line":79,"column":4},"end":{"line":84,"column":5}},{"start":{},"end":{}}],"line":79}},"s":{"0":1,"1":1,"2":1,"3":1,"4":1,"5":1,"6":1,"7":1,"8":1,"9":1,"10":1,"11":1,"12":0,"13":0,"14":0,"15":1,"16":0,"17":1},"f":{"0":1,"1":1,"2":0,"3":0},"b":{"0":[0,1]},"_coverageSchema":"1a1c01bbd47fc00a2c39e90264f33305004495a9","hash":"e82b2dcf50e9ea84e7c5c2a74343b0ee396f4c8c"}
,"/Users/kylemartinelli/HackReactor/FEC/client/src/Components/ProductDetails/StyleButtonEntry.jsx": {"path":"/Users/kylemartinelli/HackReactor/FEC/client/src/Components/ProductDetails/StyleButtonEntry.jsx","statementMap":{"0":{"start":{"line":5,"column":20},"end":{"line":8,"column":1}},"1":{"start":{"line":10,"column":17},"end":{"line":14,"column":1}},"2":{"start":{"line":17,"column":2},"end":{"line":23,"column":4}},"3":{"start":{"line":19,"column":45},"end":{"line":19,"column":70}}},"fnMap":{"0":{"name":"StyleButtonEntry","decl":{"start":{"line":16,"column":24},"end":{"line":16,"column":40}},"loc":{"start":{"line":16,"column":88},"end":{"line":24,"column":1}},"line":16},"1":{"name":"(anonymous_1)","decl":{"start":{"line":19,"column":39},"end":{"line":19,"column":40}},"loc":{"start":{"line":19,"column":45},"end":{"line":19,"column":70}},"line":19}},"branchMap":{},"s":{"0":1,"1":1,"2":0,"3":0},"f":{"0":0,"1":0},"b":{},"_coverageSchema":"1a1c01bbd47fc00a2c39e90264f33305004495a9","hash":"40362d7aacfe65f73728b833ec057df6d6a8d27b"}
,"/Users/kylemartinelli/HackReactor/FEC/client/src/Components/ProductDetails/StyleButtons.jsx": {"path":"/Users/kylemartinelli/HackReactor/FEC/client/src/Components/ProductDetails/StyleButtons.jsx","statementMap":{"0":{"start":{"line":6,"column":30},"end":{"line":8,"column":1}},"1":{"start":{"line":11,"column":2},"end":{"line":22,"column":4}},"2":{"start":{"line":14,"column":8},"end":{"line":19,"column":10}}},"fnMap":{"0":{"name":"StyleButtons","decl":{"start":{"line":10,"column":24},"end":{"line":10,"column":36}},"loc":{"start":{"line":10,"column":84},"end":{"line":23,"column":1}},"line":10},"1":{"name":"(anonymous_1)","decl":{"start":{"line":13,"column":25},"end":{"line":13,"column":26}},"loc":{"start":{"line":14,"column":8},"end":{"line":19,"column":10}},"line":14}},"branchMap":{},"s":{"0":1,"1":1,"2":0},"f":{"0":1,"1":0},"b":{},"_coverageSchema":"1a1c01bbd47fc00a2c39e90264f33305004495a9","hash":"42cd6d655305b530c9bc5a751a75a456944021c7"}
,"/Users/kylemartinelli/HackReactor/FEC/client/src/Components/ProductDetails/StyleDropdowns.jsx": {"path":"/Users/kylemartinelli/HackReactor/FEC/client/src/Components/ProductDetails/StyleDropdowns.jsx","statementMap":{"0":{"start":{"line":5,"column":23},"end":{"line":11,"column":1}},"1":{"start":{"line":13,"column":30},"end":{"line":22,"column":1}},"2":{"start":{"line":24,"column":27},"end":{"line":26,"column":1}},"3":{"start":{"line":28,"column":34},"end":{"line":34,"column":1}},"4":{"start":{"line":36,"column":25},"end":{"line":37,"column":1}},"5":{"start":{"line":39,"column":21},"end":{"line":40,"column":1}},"6":{"start":{"line":42,"column":29},"end":{"line":51,"column":1}},"7":{"start":{"line":53,"column":26},"end":{"line":55,"column":1}},"8":{"start":{"line":57,"column":33},"end":{"line":63,"column":1}},"9":{"start":{"line":65,"column":24},"end":{"line":66,"column":1}},"10":{"start":{"line":68,"column":20},"end":{"line":69,"column":1}},"11":{"start":{"line":71,"column":25},"end":{"line":79,"column":1}},"12":{"start":{"line":81,"column":22},"end":{"line":84,"column":1}},"13":{"start":{"line":86,"column":21},"end":{"line":94,"column":1}},"14":{"start":{"line":100,"column":34},"end":{"line":100,"column":55}},"15":{"start":{"line":101,"column":38},"end":{"line":101,"column":67}},"16":{"start":{"line":102,"column":34},"end":{"line":102,"column":52}},"17":{"start":{"line":103,"column":32},"end":{"line":103,"column":53}},"18":{"start":{"line":104,"column":36},"end":{"line":104,"column":55}},"19":{"start":{"line":105,"column":32},"end":{"line":105,"column":50}},"20":{"start":{"line":107,"column":2},"end":{"line":118,"column":22}},"21":{"start":{"line":108,"column":4},"end":{"line":117,"column":5}},"22":{"start":{"line":109,"column":6},"end":{"line":111,"column":136}},"23":{"start":{"line":110,"column":26},"end":{"line":110,"column":63}},"24":{"start":{"line":111,"column":24},"end":{"line":111,"column":133}},"25":{"start":{"line":112,"column":6},"end":{"line":112,"column":35}},"26":{"start":{"line":113,"column":6},"end":{"line":113,"column":25}},"27":{"start":{"line":114,"column":6},"end":{"line":114,"column":24}},"28":{"start":{"line":115,"column":6},"end":{"line":115,"column":24}},"29":{"start":{"line":116,"column":6},"end":{"line":116,"column":21}},"30":{"start":{"line":120,"column":18},"end":{"line":129,"column":3}},"31":{"start":{"line":121,"column":15},"end":{"line":121,"column":17}},"32":{"start":{"line":122,"column":4},"end":{"line":127,"column":5}},"33":{"start":{"line":122,"column":17},"end":{"line":122,"column":18}},"34":{"start":{"line":123,"column":6},"end":{"line":123,"column":30}},"35":{"start":{"line":124,"column":6},"end":{"line":126,"column":7}},"36":{"start":{"line":125,"column":8},"end":{"line":125,"column":14}},"37":{"start":{"line":128,"column":4},"end":{"line":128,"column":21}},"38":{"start":{"line":131,"column":24},"end":{"line":137,"column":3}},"39":{"start":{"line":133,"column":4},"end":{"line":136,"column":5}},"40":{"start":{"line":134,"column":6},"end":{"line":134,"column":24}},"41":{"start":{"line":135,"column":6},"end":{"line":135,"column":42}},"42":{"start":{"line":138,"column":2},"end":{"line":171,"column":3}},"43":{"start":{"line":141,"column":43},"end":{"line":141,"column":65}},"44":{"start":{"line":147,"column":39},"end":{"line":147,"column":219}},"45":{"start":{"line":147,"column":90},"end":{"line":147,"column":118}},"46":{"start":{"line":147,"column":119},"end":{"line":147,"column":142}},"47":{"start":{"line":147,"column":143},"end":{"line":147,"column":169}},"48":{"start":{"line":147,"column":170},"end":{"line":147,"column":187}},"49":{"start":{"line":153,"column":44},"end":{"line":153,"column":89}},"50":{"start":{"line":153,"column":68},"end":{"line":153,"column":88}},"51":{"start":{"line":159,"column":36},"end":{"line":159,"column":137}},"52":{"start":{"line":159,"column":75},"end":{"line":159,"column":93}},"53":{"start":{"line":159,"column":94},"end":{"line":159,"column":114}},"54":{"start":{"line":165,"column":52},"end":{"line":165,"column":67}}},"fnMap":{"0":{"name":"StyleDropdowns","decl":{"start":{"line":99,"column":24},"end":{"line":99,"column":38}},"loc":{"start":{"line":99,"column":57},"end":{"line":172,"column":1}},"line":99},"1":{"name":"(anonymous_1)","decl":{"start":{"line":107,"column":18},"end":{"line":107,"column":19}},"loc":{"start":{"line":107,"column":24},"end":{"line":118,"column":3}},"line":107},"2":{"name":"(anonymous_2)","decl":{"start":{"line":110,"column":14},"end":{"line":110,"column":15}},"loc":{"start":{"line":110,"column":26},"end":{"line":110,"column":63}},"line":110},"3":{"name":"(anonymous_3)","decl":{"start":{"line":111,"column":11},"end":{"line":111,"column":12}},"loc":{"start":{"line":111,"column":23},"end":{"line":111,"column":134}},"line":111},"4":{"name":"(anonymous_4)","decl":{"start":{"line":120,"column":18},"end":{"line":120,"column":19}},"loc":{"start":{"line":120,"column":32},"end":{"line":129,"column":3}},"line":120},"5":{"name":"(anonymous_5)","decl":{"start":{"line":131,"column":24},"end":{"line":131,"column":25}},"loc":{"start":{"line":131,"column":31},"end":{"line":137,"column":3}},"line":131},"6":{"name":"(anonymous_6)","decl":{"start":{"line":141,"column":37},"end":{"line":141,"column":38}},"loc":{"start":{"line":141,"column":43},"end":{"line":141,"column":65}},"line":141},"7":{"name":"(anonymous_7)","decl":{"start":{"line":147,"column":26},"end":{"line":147,"column":27}},"loc":{"start":{"line":147,"column":39},"end":{"line":147,"column":219}},"line":147},"8":{"name":"(anonymous_8)","decl":{"start":{"line":147,"column":83},"end":{"line":147,"column":84}},"loc":{"start":{"line":147,"column":89},"end":{"line":147,"column":188}},"line":147},"9":{"name":"(anonymous_9)","decl":{"start":{"line":153,"column":36},"end":{"line":153,"column":37}},"loc":{"start":{"line":153,"column":42},"end":{"line":153,"column":91}},"line":153},"10":{"name":"(anonymous_10)","decl":{"start":{"line":159,"column":27},"end":{"line":159,"column":28}},"loc":{"start":{"line":159,"column":36},"end":{"line":159,"column":137}},"line":159},"11":{"name":"(anonymous_11)","decl":{"start":{"line":159,"column":68},"end":{"line":159,"column":69}},"loc":{"start":{"line":159,"column":74},"end":{"line":159,"column":116}},"line":159},"12":{"name":"(anonymous_12)","decl":{"start":{"line":165,"column":46},"end":{"line":165,"column":47}},"loc":{"start":{"line":165,"column":52},"end":{"line":165,"column":67}},"line":165}},"branchMap":{"0":{"loc":{"start":{"line":108,"column":4},"end":{"line":117,"column":5}},"type":"if","locations":[{"start":{"line":108,"column":4},"end":{"line":117,"column":5}},{"start":{},"end":{}}],"line":108},"1":{"loc":{"start":{"line":108,"column":8},"end":{"line":108,"column":43}},"type":"binary-expr","locations":[{"start":{"line":108,"column":8},"end":{"line":108,"column":21}},{"start":{"line":108,"column":25},"end":{"line":108,"column":43}}],"line":108},"2":{"loc":{"start":{"line":124,"column":6},"end":{"line":126,"column":7}},"type":"if","locations":[{"start":{"line":124,"column":6},"end":{"line":126,"column":7}},{"start":{},"end":{}}],"line":124},"3":{"loc":{"start":{"line":133,"column":4},"end":{"line":136,"column":5}},"type":"if","locations":[{"start":{"line":133,"column":4},"end":{"line":136,"column":5}},{"start":{},"end":{}}],"line":133},"4":{"loc":{"start":{"line":144,"column":9},"end":{"line":150,"column":9}},"type":"binary-expr","locations":[{"start":{"line":144,"column":9},"end":{"line":144,"column":17}},{"start":{"line":145,"column":10},"end":{"line":149,"column":36}}],"line":144},"5":{"loc":{"start":{"line":153,"column":44},"end":{"line":153,"column":89}},"type":"if","locations":[{"start":{"line":153,"column":44},"end":{"line":153,"column":89}},{"start":{},"end":{}}],"line":153},"6":{"loc":{"start":{"line":156,"column":9},"end":{"line":162,"column":9}},"type":"binary-expr","locations":[{"start":{"line":156,"column":9},"end":{"line":156,"column":16}},{"start":{"line":157,"column":10},"end":{"line":161,"column":37}}],"line":156}},"s":{"0":1,"1":1,"2":1,"3":1,"4":1,"5":1,"6":1,"7":1,"8":1,"9":1,"10":1,"11":1,"12":1,"13":1,"14":4,"15":4,"16":4,"17":4,"18":4,"19":4,"20":4,"21":2,"22":1,"23":6,"24":6,"25":1,"26":1,"27":1,"28":1,"29":1,"30":4,"31":0,"32":0,"33":0,"34":0,"35":0,"36":0,"37":0,"38":4,"39":0,"40":0,"41":0,"42":4,"43":1,"44":6,"45":0,"46":0,"47":0,"48":0,"49":0,"50":0,"51":0,"52":0,"53":0,"54":0},"f":{"0":4,"1":2,"2":6,"3":6,"4":0,"5":0,"6":1,"7":6,"8":0,"9":0,"10":0,"11":0,"12":0},"b":{"0":[1,1],"1":[2,2],"2":[0,0],"3":[0,0],"4":[4,1],"5":[0,0],"6":[4,0]},"_coverageSchema":"1a1c01bbd47fc00a2c39e90264f33305004495a9","hash":"6e58bb9291647e017ca1ed3a4063e27a0796d0a5"}
,"/Users/kylemartinelli/HackReactor/FEC/client/src/Components/ProductDetails/StyleImage.jsx": {"path":"/Users/kylemartinelli/HackReactor/FEC/client/src/Components/ProductDetails/StyleImage.jsx","statementMap":{"0":{"start":{"line":10,"column":23},"end":{"line":19,"column":1}},"1":{"start":{"line":21,"column":22},"end":{"line":28,"column":1}},"2":{"start":{"line":30,"column":19},"end":{"line":42,"column":1}},"3":{"start":{"line":44,"column":22},"end":{"line":46,"column":1}},"4":{"start":{"line":48,"column":25},"end":{"line":64,"column":1}},"5":{"start":{"line":59,"column":20},"end":{"line":62,"column":3}},"6":{"start":{"line":66,"column":23},"end":{"line":68,"column":1}},"7":{"start":{"line":70,"column":26},"end":{"line":85,"column":1}},"8":{"start":{"line":81,"column":20},"end":{"line":84,"column":3}},"9":{"start":{"line":87,"column":21},"end":{"line":90,"column":1}},"10":{"start":{"line":92,"column":18},"end":{"line":99,"column":1}},"11":{"start":{"line":94,"column":20},"end":{"line":98,"column":3}},"12":{"start":{"line":101,"column":23},"end":{"line":104,"column":1}},"13":{"start":{"line":106,"column":20},"end":{"line":114,"column":1}},"14":{"start":{"line":109,"column":20},"end":{"line":113,"column":3}},"15":{"start":{"line":116,"column":22},"end":{"line":119,"column":1}},"16":{"start":{"line":121,"column":19},"end":{"line":128,"column":1}},"17":{"start":{"line":123,"column":20},"end":{"line":127,"column":3}},"18":{"start":{"line":130,"column":20},"end":{"line":136,"column":1}},"19":{"start":{"line":139,"column":44},"end":{"line":139,"column":62}},"20":{"start":{"line":140,"column":40},"end":{"line":140,"column":58}},"21":{"start":{"line":141,"column":36},"end":{"line":141,"column":53}},"22":{"start":{"line":142,"column":32},"end":{"line":142,"column":50}},"23":{"start":{"line":143,"column":34},"end":{"line":143,"column":51}},"24":{"start":{"line":144,"column":26},"end":{"line":144,"column":47}},"25":{"start":{"line":145,"column":24},"end":{"line":145,"column":42}},"26":{"start":{"line":147,"column":20},"end":{"line":150,"column":3}},"27":{"start":{"line":148,"column":6},"end":{"line":148,"column":31}},"28":{"start":{"line":149,"column":6},"end":{"line":149,"column":20}},"29":{"start":{"line":151,"column":20},"end":{"line":153,"column":3}},"30":{"start":{"line":152,"column":6},"end":{"line":152,"column":21}},"31":{"start":{"line":154,"column":22},"end":{"line":156,"column":3}},"32":{"start":{"line":155,"column":4},"end":{"line":155,"column":16}},"33":{"start":{"line":157,"column":2},"end":{"line":165,"column":28}},"34":{"start":{"line":158,"column":4},"end":{"line":164,"column":5}},"35":{"start":{"line":159,"column":6},"end":{"line":159,"column":47}},"36":{"start":{"line":160,"column":6},"end":{"line":160,"column":114}},"37":{"start":{"line":160,"column":74},"end":{"line":160,"column":94}},"38":{"start":{"line":160,"column":95},"end":{"line":160,"column":106}},"39":{"start":{"line":161,"column":6},"end":{"line":161,"column":22}},"40":{"start":{"line":162,"column":6},"end":{"line":162,"column":21}},"41":{"start":{"line":163,"column":6},"end":{"line":163,"column":21}},"42":{"start":{"line":167,"column":23},"end":{"line":171,"column":3}},"43":{"start":{"line":168,"column":4},"end":{"line":168,"column":32}},"44":{"start":{"line":169,"column":4},"end":{"line":169,"column":28}},"45":{"start":{"line":170,"column":4},"end":{"line":170,"column":30}},"46":{"start":{"line":173,"column":20},"end":{"line":179,"column":3}},"47":{"start":{"line":174,"column":4},"end":{"line":174,"column":22}},"48":{"start":{"line":175,"column":4},"end":{"line":175,"column":22}},"49":{"start":{"line":176,"column":4},"end":{"line":176,"column":23}},"50":{"start":{"line":177,"column":4},"end":{"line":177,"column":39}},"51":{"start":{"line":178,"column":4},"end":{"line":178,"column":32}},"52":{"start":{"line":180,"column":2},"end":{"line":218,"column":4}},"53":{"start":{"line":188,"column":43},"end":{"line":188,"column":59}},"54":{"start":{"line":192,"column":38},"end":{"line":192,"column":56}},"55":{"start":{"line":197,"column":40},"end":{"line":197,"column":60}},"56":{"start":{"line":202,"column":39},"end":{"line":202,"column":58}},"57":{"start":{"line":206,"column":76},"end":{"line":206,"column":91}}},"fnMap":{"0":{"name":"(anonymous_0)","decl":{"start":{"line":59,"column":4},"end":{"line":59,"column":5}},"loc":{"start":{"line":59,"column":20},"end":{"line":62,"column":3}},"line":59},"1":{"name":"(anonymous_1)","decl":{"start":{"line":81,"column":4},"end":{"line":81,"column":5}},"loc":{"start":{"line":81,"column":20},"end":{"line":84,"column":3}},"line":81},"2":{"name":"(anonymous_2)","decl":{"start":{"line":94,"column":4},"end":{"line":94,"column":5}},"loc":{"start":{"line":94,"column":20},"end":{"line":98,"column":3}},"line":94},"3":{"name":"(anonymous_3)","decl":{"start":{"line":109,"column":4},"end":{"line":109,"column":5}},"loc":{"start":{"line":109,"column":20},"end":{"line":113,"column":3}},"line":109},"4":{"name":"(anonymous_4)","decl":{"start":{"line":123,"column":4},"end":{"line":123,"column":5}},"loc":{"start":{"line":123,"column":20},"end":{"line":127,"column":3}},"line":123},"5":{"name":"StyleImage","decl":{"start":{"line":138,"column":24},"end":{"line":138,"column":34}},"loc":{"start":{"line":138,"column":58},"end":{"line":219,"column":1}},"line":138},"6":{"name":"(anonymous_6)","decl":{"start":{"line":147,"column":20},"end":{"line":147,"column":21}},"loc":{"start":{"line":147,"column":26},"end":{"line":150,"column":3}},"line":147},"7":{"name":"(anonymous_7)","decl":{"start":{"line":151,"column":20},"end":{"line":151,"column":21}},"loc":{"start":{"line":151,"column":29},"end":{"line":153,"column":3}},"line":151},"8":{"name":"(anonymous_8)","decl":{"start":{"line":154,"column":22},"end":{"line":154,"column":23}},"loc":{"start":{"line":154,"column":31},"end":{"line":156,"column":3}},"line":154},"9":{"name":"(anonymous_9)","decl":{"start":{"line":157,"column":18},"end":{"line":157,"column":19}},"loc":{"start":{"line":157,"column":24},"end":{"line":165,"column":3}},"line":157},"10":{"name":"(anonymous_10)","decl":{"start":{"line":160,"column":48},"end":{"line":160,"column":49}},"loc":{"start":{"line":160,"column":72},"end":{"line":160,"column":108}},"line":160},"11":{"name":"(anonymous_11)","decl":{"start":{"line":167,"column":23},"end":{"line":167,"column":24}},"loc":{"start":{"line":167,"column":32},"end":{"line":171,"column":3}},"line":167},"12":{"name":"(anonymous_12)","decl":{"start":{"line":173,"column":20},"end":{"line":173,"column":21}},"loc":{"start":{"line":173,"column":29},"end":{"line":179,"column":3}},"line":173},"13":{"name":"(anonymous_13)","decl":{"start":{"line":188,"column":37},"end":{"line":188,"column":38}},"loc":{"start":{"line":188,"column":43},"end":{"line":188,"column":59}},"line":188},"14":{"name":"(anonymous_14)","decl":{"start":{"line":192,"column":32},"end":{"line":192,"column":33}},"loc":{"start":{"line":192,"column":38},"end":{"line":192,"column":56}},"line":192},"15":{"name":"(anonymous_15)","decl":{"start":{"line":197,"column":34},"end":{"line":197,"column":35}},"loc":{"start":{"line":197,"column":40},"end":{"line":197,"column":60}},"line":197},"16":{"name":"(anonymous_16)","decl":{"start":{"line":202,"column":33},"end":{"line":202,"column":34}},"loc":{"start":{"line":202,"column":39},"end":{"line":202,"column":58}},"line":202},"17":{"name":"(anonymous_17)","decl":{"start":{"line":206,"column":70},"end":{"line":206,"column":71}},"loc":{"start":{"line":206,"column":76},"end":{"line":206,"column":91}},"line":206}},"branchMap":{"0":{"loc":{"start":{"line":59,"column":20},"end":{"line":62,"column":3}},"type":"binary-expr","locations":[{"start":{"line":59,"column":20},"end":{"line":59,"column":26}},{"start":{"line":59,"column":30},"end":{"line":62,"column":3}}],"line":59},"1":{"loc":{"start":{"line":81,"column":20},"end":{"line":84,"column":3}},"type":"binary-expr","locations":[{"start":{"line":81,"column":20},"end":{"line":81,"column":26}},{"start":{"line":81,"column":30},"end":{"line":84,"column":3}}],"line":81},"2":{"loc":{"start":{"line":94,"column":20},"end":{"line":98,"column":3}},"type":"binary-expr","locations":[{"start":{"line":94,"column":20},"end":{"line":94,"column":26}},{"start":{"line":94,"column":30},"end":{"line":98,"column":3}}],"line":94},"3":{"loc":{"start":{"line":109,"column":20},"end":{"line":113,"column":3}},"type":"binary-expr","locations":[{"start":{"line":109,"column":20},"end":{"line":109,"column":26}},{"start":{"line":109,"column":30},"end":{"line":113,"column":3}}],"line":109},"4":{"loc":{"start":{"line":123,"column":20},"end":{"line":127,"column":3}},"type":"binary-expr","locations":[{"start":{"line":123,"column":20},"end":{"line":123,"column":26}},{"start":{"line":123,"column":30},"end":{"line":127,"column":3}}],"line":123},"5":{"loc":{"start":{"line":158,"column":4},"end":{"line":164,"column":5}},"type":"if","locations":[{"start":{"line":158,"column":4},"end":{"line":164,"column":5}},{"start":{},"end":{}}],"line":158},"6":{"loc":{"start":{"line":158,"column":8},"end":{"line":158,"column":61}},"type":"binary-expr","locations":[{"start":{"line":158,"column":8},"end":{"line":158,"column":27}},{"start":{"line":158,"column":31},"end":{"line":158,"column":61}}],"line":158},"7":{"loc":{"start":{"line":191,"column":11},"end":{"line":193,"column":11}},"type":"binary-expr","locations":[{"start":{"line":191,"column":11},"end":{"line":191,"column":31}},{"start":{"line":192,"column":12},"end":{"line":192,"column":167}}],"line":191},"8":{"loc":{"start":{"line":196,"column":11},"end":{"line":198,"column":11}},"type":"binary-expr","locations":[{"start":{"line":196,"column":11},"end":{"line":196,"column":33}},{"start":{"line":197,"column":12},"end":{"line":197,"column":175}}],"line":196},"9":{"loc":{"start":{"line":201,"column":11},"end":{"line":203,"column":11}},"type":"binary-expr","locations":[{"start":{"line":201,"column":11},"end":{"line":201,"column":32}},{"start":{"line":202,"column":12},"end":{"line":202,"column":171}}],"line":201}},"s":{"0":1,"1":1,"2":1,"3":1,"4":1,"5":1,"6":1,"7":1,"8":1,"9":1,"10":1,"11":0,"12":1,"13":1,"14":0,"15":1,"16":1,"17":0,"18":1,"19":1,"20":1,"21":1,"22":1,"23":1,"24":1,"25":1,"26":1,"27":0,"28":0,"29":1,"30":0,"31":1,"32":0,"33":1,"34":1,"35":0,"36":0,"37":0,"38":0,"39":0,"40":0,"41":0,"42":1,"43":0,"44":0,"45":0,"46":1,"47":0,"48":0,"49":0,"50":0,"51":0,"52":1,"53":0,"54":0,"55":0,"56":0,"57":0},"f":{"0":1,"1":1,"2":0,"3":0,"4":0,"5":1,"6":0,"7":0,"8":0,"9":1,"10":0,"11":0,"12":0,"13":0,"14":0,"15":0,"16":0,"17":0},"b":{"0":[1,1],"1":[1,1],"2":[0,0],"3":[0,0],"4":[0,0],"5":[0,1],"6":[1,0],"7":[1,0],"8":[1,0],"9":[1,0]},"_coverageSchema":"1a1c01bbd47fc00a2c39e90264f33305004495a9","hash":"8a9c05de7556160e9a84a1dfbf734535c142c8cb"}
,"/Users/kylemartinelli/HackReactor/FEC/client/src/Components/ProductDetails/StylePrice.jsx": {"path":"/Users/kylemartinelli/HackReactor/FEC/client/src/Components/ProductDetails/StylePrice.jsx","statementMap":{"0":{"start":{"line":6,"column":2},"end":{"line":14,"column":3}},"1":{"start":{"line":7,"column":4},"end":{"line":13,"column":6}},"2":{"start":{"line":15,"column":2},"end":{"line":20,"column":4}}},"fnMap":{"0":{"name":"StylePrice","decl":{"start":{"line":5,"column":24},"end":{"line":5,"column":34}},"loc":{"start":{"line":5,"column":52},"end":{"line":21,"column":1}},"line":5}},"branchMap":{"0":{"loc":{"start":{"line":6,"column":2},"end":{"line":14,"column":3}},"type":"if","locations":[{"start":{"line":6,"column":2},"end":{"line":14,"column":3}},{"start":{},"end":{}}],"line":6},"1":{"loc":{"start":{"line":6,"column":6},"end":{"line":6,"column":56}},"type":"binary-expr","locations":[{"start":{"line":6,"column":6},"end":{"line":6,"column":19}},{"start":{"line":6,"column":23},"end":{"line":6,"column":56}}],"line":6}},"s":{"0":2,"1":2,"2":0},"f":{"0":2},"b":{"0":[2,0],"1":[2,2]},"_coverageSchema":"1a1c01bbd47fc00a2c39e90264f33305004495a9","hash":"fa9aa0a41ab26e3128d3451ab714ff06778ade58"}
,"/Users/kylemartinelli/HackReactor/FEC/client/src/Components/Questions/AnswerItem.jsx": {"path":"/Users/kylemartinelli/HackReactor/FEC/client/src/Components/Questions/AnswerItem.jsx","statementMap":{"0":{"start":{"line":7,"column":18},"end":{"line":19,"column":2}},"1":{"start":{"line":21,"column":15},"end":{"line":27,"column":1}},"2":{"start":{"line":29,"column":19},"end":{"line":36,"column":1}},"3":{"start":{"line":38,"column":23},"end":{"line":42,"column":1}},"4":{"start":{"line":46,"column":26},"end":{"line":48,"column":3}},"5":{"start":{"line":47,"column":4},"end":{"line":47,"column":36}},"6":{"start":{"line":50,"column":28},"end":{"line":52,"column":3}},"7":{"start":{"line":51,"column":4},"end":{"line":51,"column":32}},"8":{"start":{"line":56,"column":2},"end":{"line":68,"column":4}}},"fnMap":{"0":{"name":"AnswerItem","decl":{"start":{"line":44,"column":24},"end":{"line":44,"column":34}},"loc":{"start":{"line":44,"column":59},"end":{"line":69,"column":1}},"line":44},"1":{"name":"(anonymous_1)","decl":{"start":{"line":46,"column":26},"end":{"line":46,"column":27}},"loc":{"start":{"line":46,"column":32},"end":{"line":48,"column":3}},"line":46},"2":{"name":"(anonymous_2)","decl":{"start":{"line":50,"column":28},"end":{"line":50,"column":29}},"loc":{"start":{"line":50,"column":34},"end":{"line":52,"column":3}},"line":50}},"branchMap":{},"s":{"0":1,"1":1,"2":1,"3":1,"4":0,"5":0,"6":0,"7":0,"8":0},"f":{"0":0,"1":0,"2":0},"b":{},"_coverageSchema":"1a1c01bbd47fc00a2c39e90264f33305004495a9","hash":"59ec3ed514eeacc884d2ee380085fe3dbeb4c03c"}
,"/Users/kylemartinelli/HackReactor/FEC/client/src/Components/Questions/PhotoGallery.jsx": {"path":"/Users/kylemartinelli/HackReactor/FEC/client/src/Components/Questions/PhotoGallery.jsx","statementMap":{"0":{"start":{"line":8,"column":18},"end":{"line":19,"column":2}},"1":{"start":{"line":21,"column":12},"end":{"line":26,"column":1}},"2":{"start":{"line":28,"column":11},"end":{"line":33,"column":1}},"3":{"start":{"line":35,"column":11},"end":{"line":40,"column":1}},"4":{"start":{"line":42,"column":11},"end":{"line":47,"column":1}},"5":{"start":{"line":49,"column":11},"end":{"line":54,"column":1}},"6":{"start":{"line":60,"column":28},"end":{"line":60,"column":43}},"7":{"start":{"line":62,"column":22},"end":{"line":64,"column":5}},"8":{"start":{"line":63,"column":8},"end":{"line":63,"column":22}},"9":{"start":{"line":66,"column":26},"end":{"line":66,"column":38}},"10":{"start":{"line":68,"column":22},"end":{"line":70,"column":5}},"11":{"start":{"line":69,"column":8},"end":{"line":69,"column":23}},"12":{"start":{"line":72,"column":27},"end":{"line":77,"column":5}},"13":{"start":{"line":73,"column":6},"end":{"line":73,"column":48}},"14":{"start":{"line":74,"column":6},"end":{"line":74,"column":18}},"15":{"start":{"line":75,"column":6},"end":{"line":75,"column":18}},"16":{"start":{"line":79,"column":2},"end":{"line":93,"column":4}},"17":{"start":{"line":81,"column":38},"end":{"line":81,"column":63}},"18":{"start":{"line":82,"column":38},"end":{"line":82,"column":63}},"19":{"start":{"line":83,"column":38},"end":{"line":83,"column":63}},"20":{"start":{"line":84,"column":38},"end":{"line":84,"column":63}},"21":{"start":{"line":85,"column":38},"end":{"line":85,"column":63}}},"fnMap":{"0":{"name":"PhotoGallery","decl":{"start":{"line":58,"column":24},"end":{"line":58,"column":36}},"loc":{"start":{"line":58,"column":47},"end":{"line":94,"column":1}},"line":58},"1":{"name":"(anonymous_1)","decl":{"start":{"line":62,"column":22},"end":{"line":62,"column":23}},"loc":{"start":{"line":62,"column":28},"end":{"line":64,"column":5}},"line":62},"2":{"name":"(anonymous_2)","decl":{"start":{"line":68,"column":22},"end":{"line":68,"column":23}},"loc":{"start":{"line":68,"column":31},"end":{"line":70,"column":5}},"line":68},"3":{"name":"(anonymous_3)","decl":{"start":{"line":72,"column":27},"end":{"line":72,"column":28}},"loc":{"start":{"line":72,"column":36},"end":{"line":77,"column":5}},"line":72},"4":{"name":"(anonymous_4)","decl":{"start":{"line":81,"column":31},"end":{"line":81,"column":32}},"loc":{"start":{"line":81,"column":37},"end":{"line":81,"column":64}},"line":81},"5":{"name":"(anonymous_5)","decl":{"start":{"line":82,"column":31},"end":{"line":82,"column":32}},"loc":{"start":{"line":82,"column":37},"end":{"line":82,"column":64}},"line":82},"6":{"name":"(anonymous_6)","decl":{"start":{"line":83,"column":31},"end":{"line":83,"column":32}},"loc":{"start":{"line":83,"column":37},"end":{"line":83,"column":64}},"line":83},"7":{"name":"(anonymous_7)","decl":{"start":{"line":84,"column":31},"end":{"line":84,"column":32}},"loc":{"start":{"line":84,"column":37},"end":{"line":84,"column":64}},"line":84},"8":{"name":"(anonymous_8)","decl":{"start":{"line":85,"column":31},"end":{"line":85,"column":32}},"loc":{"start":{"line":85,"column":37},"end":{"line":85,"column":64}},"line":85}},"branchMap":{"0":{"loc":{"start":{"line":81,"column":5},"end":{"line":81,"column":128}},"type":"binary-expr","locations":[{"start":{"line":81,"column":5},"end":{"line":81,"column":14}},{"start":{"line":81,"column":18},"end":{"line":81,"column":128}}],"line":81},"1":{"loc":{"start":{"line":82,"column":5},"end":{"line":82,"column":128}},"type":"binary-expr","locations":[{"start":{"line":82,"column":5},"end":{"line":82,"column":14}},{"start":{"line":82,"column":18},"end":{"line":82,"column":128}}],"line":82},"2":{"loc":{"start":{"line":83,"column":5},"end":{"line":83,"column":128}},"type":"binary-expr","locations":[{"start":{"line":83,"column":5},"end":{"line":83,"column":14}},{"start":{"line":83,"column":18},"end":{"line":83,"column":128}}],"line":83},"3":{"loc":{"start":{"line":84,"column":5},"end":{"line":84,"column":128}},"type":"binary-expr","locations":[{"start":{"line":84,"column":5},"end":{"line":84,"column":14}},{"start":{"line":84,"column":18},"end":{"line":84,"column":128}}],"line":84},"4":{"loc":{"start":{"line":85,"column":5},"end":{"line":85,"column":128}},"type":"binary-expr","locations":[{"start":{"line":85,"column":5},"end":{"line":85,"column":14}},{"start":{"line":85,"column":18},"end":{"line":85,"column":128}}],"line":85}},"s":{"0":1,"1":1,"2":1,"3":1,"4":1,"5":1,"6":0,"7":0,"8":0,"9":0,"10":0,"11":0,"12":0,"13":0,"14":0,"15":0,"16":0,"17":0,"18":0,"19":0,"20":0,"21":0},"f":{"0":0,"1":0,"2":0,"3":0,"4":0,"5":0,"6":0,"7":0,"8":0},"b":{"0":[0,0],"1":[0,0],"2":[0,0],"3":[0,0],"4":[0,0]},"_coverageSchema":"1a1c01bbd47fc00a2c39e90264f33305004495a9","hash":"ad5d4d7180db3794c42c80c2443e3b7e796678cf"}
,"/Users/kylemartinelli/HackReactor/FEC/client/src/Components/Questions/QuestionItem.jsx": {"path":"/Users/kylemartinelli/HackReactor/FEC/client/src/Components/Questions/QuestionItem.jsx","statementMap":{"0":{"start":{"line":9,"column":18},"end":{"line":22,"column":2}},"1":{"start":{"line":24,"column":17},"end":{"line":29,"column":1}},"2":{"start":{"line":31,"column":16},"end":{"line":38,"column":1}},"3":{"start":{"line":40,"column":18},"end":{"line":45,"column":1}},"4":{"start":{"line":47,"column":17},"end":{"line":53,"column":1}},"5":{"start":{"line":55,"column":19},"end":{"line":62,"column":1}},"6":{"start":{"line":67,"column":2},"end":{"line":80,"column":15}},"7":{"start":{"line":68,"column":4},"end":{"line":78,"column":7}},"8":{"start":{"line":69,"column":6},"end":{"line":69,"column":25}},"9":{"start":{"line":70,"column":6},"end":{"line":77,"column":7}},"10":{"start":{"line":71,"column":8},"end":{"line":71,"column":36}},"11":{"start":{"line":72,"column":8},"end":{"line":72,"column":47}},"12":{"start":{"line":73,"column":8},"end":{"line":73,"column":30}},"13":{"start":{"line":75,"column":8},"end":{"line":75,"column":36}},"14":{"start":{"line":76,"column":8},"end":{"line":76,"column":31}},"15":{"start":{"line":82,"column":32},"end":{"line":82,"column":44}},"16":{"start":{"line":83,"column":50},"end":{"line":83,"column":62}},"17":{"start":{"line":84,"column":42},"end":{"line":84,"column":57}},"18":{"start":{"line":86,"column":25},"end":{"line":101,"column":3}},"19":{"start":{"line":87,"column":4},"end":{"line":87,"column":37}},"20":{"start":{"line":88,"column":22},"end":{"line":88,"column":36}},"21":{"start":{"line":89,"column":4},"end":{"line":89,"column":89}},"22":{"start":{"line":91,"column":4},"end":{"line":100,"column":5}},"23":{"start":{"line":92,"column":6},"end":{"line":97,"column":7}},"24":{"start":{"line":93,"column":8},"end":{"line":93,"column":72}},"25":{"start":{"line":95,"column":8},"end":{"line":95,"column":37}},"26":{"start":{"line":96,"column":8},"end":{"line":96,"column":31}},"27":{"start":{"line":99,"column":6},"end":{"line":99,"column":29}},"28":{"start":{"line":103,"column":22},"end":{"line":105,"column":3}},"29":{"start":{"line":104,"column":4},"end":{"line":104,"column":49}},"30":{"start":{"line":107,"column":2},"end":{"line":127,"column":4}},"31":{"start":{"line":121,"column":8},"end":{"line":121,"column":80}}},"fnMap":{"0":{"name":"QuestionsItem","decl":{"start":{"line":65,"column":24},"end":{"line":65,"column":37}},"loc":{"start":{"line":65,"column":64},"end":{"line":128,"column":1}},"line":65},"1":{"name":"(anonymous_1)","decl":{"start":{"line":67,"column":12},"end":{"line":67,"column":13}},"loc":{"start":{"line":67,"column":18},"end":{"line":80,"column":3}},"line":67},"2":{"name":"(anonymous_2)","decl":{"start":{"line":68,"column":63},"end":{"line":68,"column":64}},"loc":{"start":{"line":68,"column":75},"end":{"line":78,"column":5}},"line":68},"3":{"name":"(anonymous_3)","decl":{"start":{"line":86,"column":25},"end":{"line":86,"column":26}},"loc":{"start":{"line":86,"column":31},"end":{"line":101,"column":3}},"line":86},"4":{"name":"(anonymous_4)","decl":{"start":{"line":103,"column":22},"end":{"line":103,"column":23}},"loc":{"start":{"line":103,"column":28},"end":{"line":105,"column":3}},"line":103},"5":{"name":"(anonymous_5)","decl":{"start":{"line":119,"column":43},"end":{"line":119,"column":44}},"loc":{"start":{"line":119,"column":62},"end":{"line":122,"column":7}},"line":119}},"branchMap":{"0":{"loc":{"start":{"line":70,"column":6},"end":{"line":77,"column":7}},"type":"if","locations":[{"start":{"line":70,"column":6},"end":{"line":77,"column":7}},{"start":{"line":74,"column":13},"end":{"line":77,"column":7}}],"line":70},"1":{"loc":{"start":{"line":91,"column":4},"end":{"line":100,"column":5}},"type":"if","locations":[{"start":{"line":91,"column":4},"end":{"line":100,"column":5}},{"start":{"line":98,"column":11},"end":{"line":100,"column":5}}],"line":91},"2":{"loc":{"start":{"line":92,"column":6},"end":{"line":97,"column":7}},"type":"if","locations":[{"start":{"line":92,"column":6},"end":{"line":97,"column":7}},{"start":{"line":94,"column":13},"end":{"line":97,"column":7}}],"line":92},"3":{"loc":{"start":{"line":124,"column":7},"end":{"line":124,"column":121}},"type":"binary-expr","locations":[{"start":{"line":124,"column":7},"end":{"line":124,"column":19}},{"start":{"line":124,"column":23},"end":{"line":124,"column":121}}],"line":124}},"s":{"0":1,"1":1,"2":1,"3":1,"4":1,"5":1,"6":0,"7":0,"8":0,"9":0,"10":0,"11":0,"12":0,"13":0,"14":0,"15":0,"16":0,"17":0,"18":0,"19":0,"20":0,"21":0,"22":0,"23":0,"24":0,"25":0,"26":0,"27":0,"28":0,"29":0,"30":0,"31":0},"f":{"0":0,"1":0,"2":0,"3":0,"4":0,"5":0},"b":{"0":[0,0],"1":[0,0],"2":[0,0],"3":[0,0]},"_coverageSchema":"1a1c01bbd47fc00a2c39e90264f33305004495a9","hash":"4b7eb9ad305bf05b57254e9c9957efc07d0278f0"}
,"/Users/kylemartinelli/HackReactor/FEC/client/src/Components/Questions/Questions.jsx": {"path":"/Users/kylemartinelli/HackReactor/FEC/client/src/Components/Questions/Questions.jsx","statementMap":{"0":{"start":{"line":14,"column":18},"end":{"line":30,"column":2}},"1":{"start":{"line":32,"column":15},"end":{"line":36,"column":1}},"2":{"start":{"line":38,"column":15},"end":{"line":42,"column":1}},"3":{"start":{"line":43,"column":15},"end":{"line":54,"column":1}},"4":{"start":{"line":55,"column":24},"end":{"line":59,"column":1}},"5":{"start":{"line":61,"column":23},"end":{"line":65,"column":1}},"6":{"start":{"line":69,"column":36},"end":{"line":69,"column":48}},"7":{"start":{"line":70,"column":54},"end":{"line":70,"column":66}},"8":{"start":{"line":71,"column":40},"end":{"line":71,"column":54}},"9":{"start":{"line":73,"column":2},"end":{"line":75,"column":27}},"10":{"start":{"line":74,"column":4},"end":{"line":74,"column":19}},"11":{"start":{"line":78,"column":23},"end":{"line":94,"column":3}},"12":{"start":{"line":79,"column":4},"end":{"line":93,"column":9}},"13":{"start":{"line":81,"column":8},"end":{"line":81,"column":65}},"14":{"start":{"line":82,"column":8},"end":{"line":82,"column":44}},"15":{"start":{"line":83,"column":24},"end":{"line":83,"column":115}},"16":{"start":{"line":84,"column":8},"end":{"line":84,"column":53}},"17":{"start":{"line":92,"column":8},"end":{"line":92,"column":54}},"18":{"start":{"line":113,"column":25},"end":{"line":135,"column":3}},"19":{"start":{"line":115,"column":18},"end":{"line":115,"column":20}},"20":{"start":{"line":116,"column":15},"end":{"line":116,"column":20}},"21":{"start":{"line":117,"column":4},"end":{"line":132,"column":6}},"22":{"start":{"line":118,"column":6},"end":{"line":131,"column":7}},"23":{"start":{"line":120,"column":8},"end":{"line":120,"column":31}},"24":{"start":{"line":122,"column":8},"end":{"line":130,"column":10}},"25":{"start":{"line":123,"column":10},"end":{"line":129,"column":11}},"26":{"start":{"line":124,"column":12},"end":{"line":128,"column":13}},"27":{"start":{"line":126,"column":14},"end":{"line":126,"column":37}},"28":{"start":{"line":127,"column":14},"end":{"line":127,"column":26}},"29":{"start":{"line":134,"column":4},"end":{"line":134,"column":35}},"30":{"start":{"line":138,"column":21},"end":{"line":142,"column":3}},"31":{"start":{"line":139,"column":4},"end":{"line":141,"column":7}},"32":{"start":{"line":140,"column":6},"end":{"line":140,"column":21}},"33":{"start":{"line":144,"column":2},"end":{"line":164,"column":4}},"34":{"start":{"line":154,"column":85},"end":{"line":154,"column":157}}},"fnMap":{"0":{"name":"Questions","decl":{"start":{"line":67,"column":24},"end":{"line":67,"column":33}},"loc":{"start":{"line":67,"column":70},"end":{"line":165,"column":1}},"line":67},"1":{"name":"(anonymous_1)","decl":{"start":{"line":73,"column":12},"end":{"line":73,"column":13}},"loc":{"start":{"line":73,"column":18},"end":{"line":75,"column":3}},"line":73},"2":{"name":"(anonymous_2)","decl":{"start":{"line":78,"column":23},"end":{"line":78,"column":24}},"loc":{"start":{"line":78,"column":29},"end":{"line":94,"column":3}},"line":78},"3":{"name":"(anonymous_3)","decl":{"start":{"line":80,"column":12},"end":{"line":80,"column":13}},"loc":{"start":{"line":80,"column":26},"end":{"line":90,"column":7}},"line":80},"4":{"name":"(anonymous_4)","decl":{"start":{"line":91,"column":13},"end":{"line":91,"column":14}},"loc":{"start":{"line":91,"column":24},"end":{"line":93,"column":7}},"line":91},"5":{"name":"(anonymous_5)","decl":{"start":{"line":113,"column":25},"end":{"line":113,"column":26}},"loc":{"start":{"line":113,"column":38},"end":{"line":135,"column":3}},"line":113},"6":{"name":"(anonymous_6)","decl":{"start":{"line":117,"column":22},"end":{"line":117,"column":23}},"loc":{"start":{"line":117,"column":43},"end":{"line":132,"column":5}},"line":117},"7":{"name":"(anonymous_7)","decl":{"start":{"line":122,"column":48},"end":{"line":122,"column":49}},"loc":{"start":{"line":122,"column":60},"end":{"line":130,"column":9}},"line":122},"8":{"name":"(anonymous_8)","decl":{"start":{"line":138,"column":21},"end":{"line":138,"column":22}},"loc":{"start":{"line":138,"column":39},"end":{"line":142,"column":3}},"line":138},"9":{"name":"(anonymous_9)","decl":{"start":{"line":139,"column":32},"end":{"line":139,"column":33}},"loc":{"start":{"line":139,"column":38},"end":{"line":141,"column":5}},"line":139},"10":{"name":"(anonymous_10)","decl":{"start":{"line":154,"column":64},"end":{"line":154,"column":65}},"loc":{"start":{"line":154,"column":85},"end":{"line":154,"column":157}},"line":154}},"branchMap":{"0":{"loc":{"start":{"line":83,"column":24},"end":{"line":83,"column":115}},"type":"cond-expr","locations":[{"start":{"line":83,"column":59},"end":{"line":83,"column":91}},{"start":{"line":83,"column":94},"end":{"line":83,"column":115}}],"line":83},"1":{"loc":{"start":{"line":118,"column":6},"end":{"line":131,"column":7}},"type":"if","locations":[{"start":{"line":118,"column":6},"end":{"line":131,"column":7}},{"start":{"line":121,"column":13},"end":{"line":131,"column":7}}],"line":118},"2":{"loc":{"start":{"line":123,"column":10},"end":{"line":129,"column":11}},"type":"if","locations":[{"start":{"line":123,"column":10},"end":{"line":129,"column":11}},{"start":{},"end":{}}],"line":123},"3":{"loc":{"start":{"line":124,"column":12},"end":{"line":128,"column":13}},"type":"if","locations":[{"start":{"line":124,"column":12},"end":{"line":128,"column":13}},{"start":{},"end":{}}],"line":124},"4":{"loc":{"start":{"line":154,"column":9},"end":{"line":154,"column":213}},"type":"cond-expr","locations":[{"start":{"line":154,"column":41},"end":{"line":154,"column":158}},{"start":{"line":154,"column":161},"end":{"line":154,"column":213}}],"line":154},"5":{"loc":{"start":{"line":156,"column":7},"end":{"line":158,"column":24}},"type":"binary-expr","locations":[{"start":{"line":156,"column":7},"end":{"line":156,"column":18}},{"start":{"line":156,"column":22},"end":{"line":158,"column":24}}],"line":156}},"s":{"0":1,"1":1,"2":1,"3":1,"4":1,"5":1,"6":0,"7":0,"8":0,"9":0,"10":0,"11":0,"12":0,"13":0,"14":0,"15":0,"16":0,"17":0,"18":0,"19":0,"20":0,"21":0,"22":0,"23":0,"24":0,"25":0,"26":0,"27":0,"28":0,"29":0,"30":0,"31":0,"32":0,"33":0,"34":0},"f":{"0":0,"1":0,"2":0,"3":0,"4":0,"5":0,"6":0,"7":0,"8":0,"9":0,"10":0},"b":{"0":[0,0],"1":[0,0],"2":[0,0],"3":[0,0],"4":[0,0],"5":[0,0]},"_coverageSchema":"1a1c01bbd47fc00a2c39e90264f33305004495a9","hash":"e2082c46d20f94b27eaceb32885354f36eaae8e4"}
,"/Users/kylemartinelli/HackReactor/FEC/client/src/Components/Questions/SearchBar.jsx": {"path":"/Users/kylemartinelli/HackReactor/FEC/client/src/Components/Questions/SearchBar.jsx","statementMap":{"0":{"start":{"line":8,"column":18},"end":{"line":19,"column":1}},"1":{"start":{"line":21,"column":18},"end":{"line":33,"column":1}},"2":{"start":{"line":35,"column":13},"end":{"line":37,"column":1}},"3":{"start":{"line":40,"column":32},"end":{"line":40,"column":44}},"4":{"start":{"line":42,"column":23},"end":{"line":52,"column":3}},"5":{"start":{"line":44,"column":4},"end":{"line":44,"column":35}},"6":{"start":{"line":46,"column":4},"end":{"line":51,"column":5}},"7":{"start":{"line":48,"column":6},"end":{"line":48,"column":55}},"8":{"start":{"line":50,"column":6},"end":{"line":50,"column":25}},"9":{"start":{"line":54,"column":22},"end":{"line":58,"column":3}},"10":{"start":{"line":56,"column":4},"end":{"line":56,"column":19}},"11":{"start":{"line":57,"column":4},"end":{"line":57,"column":23}},"12":{"start":{"line":60,"column":2},"end":{"line":85,"column":4}}},"fnMap":{"0":{"name":"SearchBar","decl":{"start":{"line":39,"column":24},"end":{"line":39,"column":33}},"loc":{"start":{"line":39,"column":54},"end":{"line":86,"column":1}},"line":39},"1":{"name":"(anonymous_1)","decl":{"start":{"line":42,"column":23},"end":{"line":42,"column":24}},"loc":{"start":{"line":42,"column":34},"end":{"line":52,"column":3}},"line":42},"2":{"name":"(anonymous_2)","decl":{"start":{"line":54,"column":22},"end":{"line":54,"column":23}},"loc":{"start":{"line":54,"column":33},"end":{"line":58,"column":3}},"line":54}},"branchMap":{"0":{"loc":{"start":{"line":46,"column":4},"end":{"line":51,"column":5}},"type":"if","locations":[{"start":{"line":46,"column":4},"end":{"line":51,"column":5}},{"start":{"line":49,"column":11},"end":{"line":51,"column":5}}],"line":46}},"s":{"0":1,"1":1,"2":1,"3":3,"4":3,"5":1,"6":1,"7":1,"8":0,"9":3,"10":0,"11":0,"12":3},"f":{"0":3,"1":1,"2":0},"b":{"0":[1,0]},"_coverageSchema":"1a1c01bbd47fc00a2c39e90264f33305004495a9","hash":"4beff9a3072d4a62909d468d39a7ae1caf560661"}
,"/Users/kylemartinelli/HackReactor/FEC/client/src/Components/Reviews/CreateReview.jsx": {"path":"/Users/kylemartinelli/HackReactor/FEC/client/src/Components/Reviews/CreateReview.jsx","statementMap":{"0":{"start":{"line":6,"column":20},"end":{"line":16,"column":1}},"1":{"start":{"line":18,"column":21},"end":{"line":20,"column":1}},"2":{"start":{"line":19,"column":3},"end":{"line":19,"column":28}},"3":{"start":{"line":26,"column":2},"end":{"line":29,"column":3}}},"fnMap":{"0":{"name":"(anonymous_0)","decl":{"start":{"line":18,"column":21},"end":{"line":18,"column":22}},"loc":{"start":{"line":18,"column":27},"end":{"line":20,"column":1}},"line":18},"1":{"name":"CreateReview","decl":{"start":{"line":23,"column":24},"end":{"line":23,"column":36}},"loc":{"start":{"line":23,"column":39},"end":{"line":30,"column":1}},"line":23}},"branchMap":{},"s":{"0":1,"1":1,"2":1,"3":1},"f":{"0":1,"1":1},"b":{},"_coverageSchema":"1a1c01bbd47fc00a2c39e90264f33305004495a9","hash":"4f9797e8ce297d248f8f21614fdaba0359105506"}
,"/Users/kylemartinelli/HackReactor/FEC/client/src/Components/Reviews/FilterBy.jsx": {"path":"/Users/kylemartinelli/HackReactor/FEC/client/src/Components/Reviews/FilterBy.jsx","statementMap":{"0":{"start":{"line":10,"column":23},"end":{"line":14,"column":3}},"1":{"start":{"line":11,"column":4},"end":{"line":13,"column":38}},"2":{"start":{"line":12,"column":22},"end":{"line":12,"column":70}},"3":{"start":{"line":13,"column":20},"end":{"line":13,"column":36}},"4":{"start":{"line":16,"column":2},"end":{"line":16,"column":81}},"5":{"start":{"line":16,"column":19},"end":{"line":16,"column":57}},"6":{"start":{"line":16,"column":42},"end":{"line":16,"column":56}},"7":{"start":{"line":18,"column":16},"end":{"line":18,"column":86}},"8":{"start":{"line":18,"column":51},"end":{"line":18,"column":81}},"9":{"start":{"line":19,"column":2},"end":{"line":19,"column":21}},"10":{"start":{"line":22,"column":2},"end":{"line":24,"column":3}}},"fnMap":{"0":{"name":"FilterBy","decl":{"start":{"line":7,"column":24},"end":{"line":7,"column":32}},"loc":{"start":{"line":7,"column":165},"end":{"line":26,"column":1}},"line":7},"1":{"name":"(anonymous_1)","decl":{"start":{"line":10,"column":23},"end":{"line":10,"column":24}},"loc":{"start":{"line":10,"column":29},"end":{"line":14,"column":3}},"line":10},"2":{"name":"(anonymous_2)","decl":{"start":{"line":12,"column":10},"end":{"line":12,"column":11}},"loc":{"start":{"line":12,"column":20},"end":{"line":12,"column":72}},"line":12},"3":{"name":"(anonymous_3)","decl":{"start":{"line":13,"column":11},"end":{"line":13,"column":12}},"loc":{"start":{"line":13,"column":20},"end":{"line":13,"column":36}},"line":13},"4":{"name":"(anonymous_4)","decl":{"start":{"line":16,"column":12},"end":{"line":16,"column":13}},"loc":{"start":{"line":16,"column":18},"end":{"line":16,"column":58}},"line":16},"5":{"name":"(anonymous_5)","decl":{"start":{"line":18,"column":34},"end":{"line":18,"column":35}},"loc":{"start":{"line":18,"column":50},"end":{"line":18,"column":82}},"line":18}},"branchMap":{"0":{"loc":{"start":{"line":16,"column":19},"end":{"line":16,"column":57}},"type":"if","locations":[{"start":{"line":16,"column":19},"end":{"line":16,"column":57}},{"start":{},"end":{}}],"line":16},"1":{"loc":{"start":{"line":23,"column":2},"end":{"line":23,"column":211}},"type":"cond-expr","locations":[{"start":{"line":23,"column":22},"end":{"line":23,"column":197}},{"start":{"line":23,"column":200},"end":{"line":23,"column":211}}],"line":23}},"s":{"0":1,"1":0,"2":0,"3":0,"4":1,"5":1,"6":0,"7":1,"8":0,"9":1,"10":1},"f":{"0":1,"1":0,"2":0,"3":0,"4":1,"5":0},"b":{"0":[0,1],"1":[0,1]},"_coverageSchema":"1a1c01bbd47fc00a2c39e90264f33305004495a9","hash":"cb6de44802be09a7f062ca96af18b3c43767ce4a"}
,"/Users/kylemartinelli/HackReactor/FEC/client/src/Components/Reviews/FilterSelector.jsx": {"path":"/Users/kylemartinelli/HackReactor/FEC/client/src/Components/Reviews/FilterSelector.jsx","statementMap":{"0":{"start":{"line":5,"column":2},"end":{"line":5,"column":29}},"1":{"start":{"line":6,"column":21},"end":{"line":8,"column":1}},"2":{"start":{"line":7,"column":2},"end":{"line":7,"column":38}},"3":{"start":{"line":11,"column":2},"end":{"line":17,"column":3}}},"fnMap":{"0":{"name":"FilterSelector","decl":{"start":{"line":4,"column":24},"end":{"line":4,"column":38}},"loc":{"start":{"line":4,"column":66},"end":{"line":18,"column":1}},"line":4},"1":{"name":"(anonymous_1)","decl":{"start":{"line":6,"column":21},"end":{"line":6,"column":22}},"loc":{"start":{"line":6,"column":28},"end":{"line":8,"column":1}},"line":6}},"branchMap":{},"s":{"0":0,"1":0,"2":0,"3":0},"f":{"0":0,"1":0},"b":{},"_coverageSchema":"1a1c01bbd47fc00a2c39e90264f33305004495a9","hash":"0315577edb5a83cf897408c270b196cb79d97af4"}
,"/Users/kylemartinelli/HackReactor/FEC/client/src/Components/Reviews/ProductBreakdown.jsx": {"path":"/Users/kylemartinelli/HackReactor/FEC/client/src/Components/Reviews/ProductBreakdown.jsx","statementMap":{"0":{"start":{"line":7,"column":18},"end":{"line":13,"column":1}},"1":{"start":{"line":15,"column":15},"end":{"line":22,"column":1}},"2":{"start":{"line":26,"column":23},"end":{"line":31,"column":1}},"3":{"start":{"line":33,"column":17},"end":{"line":40,"column":1}},"4":{"start":{"line":47,"column":30},"end":{"line":47,"column":42}},"5":{"start":{"line":50,"column":23},"end":{"line":54,"column":3}},"6":{"start":{"line":51,"column":4},"end":{"line":53,"column":38}},"7":{"start":{"line":52,"column":22},"end":{"line":52,"column":69}},"8":{"start":{"line":53,"column":20},"end":{"line":53,"column":36}},"9":{"start":{"line":56,"column":2},"end":{"line":56,"column":81}},"10":{"start":{"line":56,"column":19},"end":{"line":56,"column":57}},"11":{"start":{"line":56,"column":42},"end":{"line":56,"column":56}},"12":{"start":{"line":59,"column":2},"end":{"line":59,"column":21}},"13":{"start":{"line":64,"column":2},"end":{"line":75,"column":3}}},"fnMap":{"0":{"name":"ProductBreakdown","decl":{"start":{"line":45,"column":24},"end":{"line":45,"column":40}},"loc":{"start":{"line":45,"column":60},"end":{"line":76,"column":1}},"line":45},"1":{"name":"(anonymous_1)","decl":{"start":{"line":50,"column":23},"end":{"line":50,"column":24}},"loc":{"start":{"line":50,"column":29},"end":{"line":54,"column":3}},"line":50},"2":{"name":"(anonymous_2)","decl":{"start":{"line":52,"column":10},"end":{"line":52,"column":11}},"loc":{"start":{"line":52,"column":20},"end":{"line":52,"column":70}},"line":52},"3":{"name":"(anonymous_3)","decl":{"start":{"line":53,"column":11},"end":{"line":53,"column":12}},"loc":{"start":{"line":53,"column":20},"end":{"line":53,"column":36}},"line":53},"4":{"name":"(anonymous_4)","decl":{"start":{"line":56,"column":12},"end":{"line":56,"column":13}},"loc":{"start":{"line":56,"column":18},"end":{"line":56,"column":58}},"line":56}},"branchMap":{"0":{"loc":{"start":{"line":56,"column":19},"end":{"line":56,"column":57}},"type":"if","locations":[{"start":{"line":56,"column":19},"end":{"line":56,"column":57}},{"start":{},"end":{}}],"line":56}},"s":{"0":1,"1":1,"2":1,"3":1,"4":1,"5":1,"6":0,"7":0,"8":0,"9":1,"10":1,"11":0,"12":1,"13":1},"f":{"0":1,"1":0,"2":0,"3":0,"4":1},"b":{"0":[0,1]},"_coverageSchema":"1a1c01bbd47fc00a2c39e90264f33305004495a9","hash":"fed95b12d195605ade09d4bbc4ee53550515dc74"}
,"/Users/kylemartinelli/HackReactor/FEC/client/src/Components/Reviews/RatingsBreakdown.jsx": {"path":"/Users/kylemartinelli/HackReactor/FEC/client/src/Components/Reviews/RatingsBreakdown.jsx","statementMap":{"0":{"start":{"line":10,"column":14},"end":{"line":18,"column":1}},"1":{"start":{"line":19,"column":16},"end":{"line":21,"column":1}},"2":{"start":{"line":23,"column":19},"end":{"line":25,"column":1}},"3":{"start":{"line":26,"column":12},"end":{"line":32,"column":1}},"4":{"start":{"line":39,"column":14},"end":{"line":39,"column":18}},"5":{"start":{"line":40,"column":36},"end":{"line":40,"column":48}},"6":{"start":{"line":42,"column":23},"end":{"line":46,"column":3}},"7":{"start":{"line":43,"column":4},"end":{"line":45,"column":40}},"8":{"start":{"line":44,"column":24},"end":{"line":44,"column":72}},"9":{"start":{"line":45,"column":22},"end":{"line":45,"column":38}},"10":{"start":{"line":48,"column":2},"end":{"line":48,"column":85}},"11":{"start":{"line":48,"column":20},"end":{"line":48,"column":62}},"12":{"start":{"line":48,"column":46},"end":{"line":48,"column":60}},"13":{"start":{"line":57,"column":2},"end":{"line":69,"column":4}}},"fnMap":{"0":{"name":"RatingsBreakdown","decl":{"start":{"line":38,"column":24},"end":{"line":38,"column":40}},"loc":{"start":{"line":38,"column":141},"end":{"line":70,"column":1}},"line":38},"1":{"name":"(anonymous_1)","decl":{"start":{"line":42,"column":23},"end":{"line":42,"column":24}},"loc":{"start":{"line":42,"column":29},"end":{"line":46,"column":3}},"line":42},"2":{"name":"(anonymous_2)","decl":{"start":{"line":44,"column":12},"end":{"line":44,"column":13}},"loc":{"start":{"line":44,"column":22},"end":{"line":44,"column":74}},"line":44},"3":{"name":"(anonymous_3)","decl":{"start":{"line":45,"column":13},"end":{"line":45,"column":14}},"loc":{"start":{"line":45,"column":22},"end":{"line":45,"column":38}},"line":45},"4":{"name":"(anonymous_4)","decl":{"start":{"line":48,"column":12},"end":{"line":48,"column":13}},"loc":{"start":{"line":48,"column":18},"end":{"line":48,"column":64}},"line":48}},"branchMap":{"0":{"loc":{"start":{"line":48,"column":20},"end":{"line":48,"column":62}},"type":"if","locations":[{"start":{"line":48,"column":20},"end":{"line":48,"column":62}},{"start":{},"end":{}}],"line":48},"1":{"loc":{"start":{"line":61,"column":9},"end":{"line":61,"column":121}},"type":"cond-expr","locations":[{"start":{"line":61,"column":30},"end":{"line":61,"column":107}},{"start":{"line":61,"column":110},"end":{"line":61,"column":121}}],"line":61}},"s":{"0":1,"1":1,"2":1,"3":1,"4":1,"5":1,"6":1,"7":0,"8":0,"9":0,"10":1,"11":1,"12":0,"13":1},"f":{"0":1,"1":0,"2":0,"3":0,"4":1},"b":{"0":[0,1],"1":[0,1]},"_coverageSchema":"1a1c01bbd47fc00a2c39e90264f33305004495a9","hash":"c93f1e4995438d78f0482f86205cdd39de8aa637"}
,"/Users/kylemartinelli/HackReactor/FEC/client/src/Components/Reviews/RatingsGraph.jsx": {"path":"/Users/kylemartinelli/HackReactor/FEC/client/src/Components/Reviews/RatingsGraph.jsx","statementMap":{"0":{"start":{"line":6,"column":23},"end":{"line":11,"column":1}},"1":{"start":{"line":13,"column":24},"end":{"line":19,"column":1}},"2":{"start":{"line":20,"column":27},"end":{"line":28,"column":1}},"3":{"start":{"line":29,"column":17},"end":{"line":36,"column":1}},"4":{"start":{"line":37,"column":20},"end":{"line":41,"column":1}},"5":{"start":{"line":50,"column":42},"end":{"line":58,"column":3}},"6":{"start":{"line":59,"column":14},"end":{"line":59,"column":16}},"7":{"start":{"line":61,"column":23},"end":{"line":88,"column":3}},"8":{"start":{"line":62,"column":4},"end":{"line":62,"column":27}},"9":{"start":{"line":63,"column":4},"end":{"line":63,"column":67}},"10":{"start":{"line":64,"column":4},"end":{"line":64,"column":31}},"11":{"start":{"line":65,"column":4},"end":{"line":65,"column":64}},"12":{"start":{"line":67,"column":4},"end":{"line":67,"column":36}},"13":{"start":{"line":69,"column":4},"end":{"line":75,"column":6}},"14":{"start":{"line":71,"column":6},"end":{"line":74,"column":7}},"15":{"start":{"line":72,"column":8},"end":{"line":72,"column":27}},"16":{"start":{"line":73,"column":8},"end":{"line":73,"column":32}},"17":{"start":{"line":77,"column":4},"end":{"line":77,"column":40}},"18":{"start":{"line":80,"column":4},"end":{"line":83,"column":5}},"19":{"start":{"line":82,"column":6},"end":{"line":82,"column":30}},"20":{"start":{"line":91,"column":15},"end":{"line":91,"column":16}},"21":{"start":{"line":92,"column":2},"end":{"line":94,"column":4}},"22":{"start":{"line":93,"column":4},"end":{"line":93,"column":30}},"23":{"start":{"line":96,"column":2},"end":{"line":111,"column":3}},"24":{"start":{"line":99,"column":12},"end":{"line":107,"column":21}},"25":{"start":{"line":100,"column":64},"end":{"line":100,"column":79}}},"fnMap":{"0":{"name":"RatingsGraph","decl":{"start":{"line":48,"column":24},"end":{"line":48,"column":36}},"loc":{"start":{"line":48,"column":145},"end":{"line":112,"column":1}},"line":48},"1":{"name":"(anonymous_1)","decl":{"start":{"line":61,"column":23},"end":{"line":61,"column":24}},"loc":{"start":{"line":61,"column":30},"end":{"line":88,"column":3}},"line":61},"2":{"name":"(anonymous_2)","decl":{"start":{"line":69,"column":23},"end":{"line":69,"column":24}},"loc":{"start":{"line":69,"column":33},"end":{"line":75,"column":5}},"line":69},"3":{"name":"(anonymous_3)","decl":{"start":{"line":92,"column":20},"end":{"line":92,"column":21}},"loc":{"start":{"line":92,"column":30},"end":{"line":94,"column":3}},"line":92},"4":{"name":"(anonymous_4)","decl":{"start":{"line":98,"column":20},"end":{"line":98,"column":21}},"loc":{"start":{"line":98,"column":35},"end":{"line":108,"column":7}},"line":98},"5":{"name":"(anonymous_5)","decl":{"start":{"line":100,"column":56},"end":{"line":100,"column":57}},"loc":{"start":{"line":100,"column":63},"end":{"line":100,"column":80}},"line":100}},"branchMap":{"0":{"loc":{"start":{"line":71,"column":6},"end":{"line":74,"column":7}},"type":"if","locations":[{"start":{"line":71,"column":6},"end":{"line":74,"column":7}},{"start":{},"end":{}}],"line":71},"1":{"loc":{"start":{"line":80,"column":4},"end":{"line":83,"column":5}},"type":"if","locations":[{"start":{"line":80,"column":4},"end":{"line":83,"column":5}},{"start":{},"end":{}}],"line":80},"2":{"loc":{"start":{"line":101,"column":24},"end":{"line":101,"column":69}},"type":"cond-expr","locations":[{"start":{"line":101,"column":48},"end":{"line":101,"column":64}},{"start":{"line":101,"column":67},"end":{"line":101,"column":69}}],"line":101}},"s":{"0":1,"1":1,"2":1,"3":1,"4":1,"5":1,"6":1,"7":1,"8":0,"9":0,"10":0,"11":0,"12":0,"13":0,"14":0,"15":0,"16":0,"17":0,"18":0,"19":0,"20":1,"21":1,"22":0,"23":1,"24":0,"25":0},"f":{"0":1,"1":0,"2":0,"3":0,"4":0,"5":0},"b":{"0":[0,0],"1":[0,0],"2":[0,0]},"_coverageSchema":"1a1c01bbd47fc00a2c39e90264f33305004495a9","hash":"f451037e6a40eaf7e9a276e5587926502d432473"}
,"/Users/kylemartinelli/HackReactor/FEC/client/src/Components/Reviews/ReviewItem.jsx": {"path":"/Users/kylemartinelli/HackReactor/FEC/client/src/Components/Reviews/ReviewItem.jsx","statementMap":{"0":{"start":{"line":6,"column":28},"end":{"line":14,"column":1}},"1":{"start":{"line":15,"column":19},"end":{"line":22,"column":3}},"2":{"start":{"line":23,"column":19},"end":{"line":30,"column":3}},"3":{"start":{"line":34,"column":13},"end":{"line":48,"column":1}},"4":{"start":{"line":50,"column":19},"end":{"line":55,"column":3}},"5":{"start":{"line":56,"column":17},"end":{"line":61,"column":3}},"6":{"start":{"line":62,"column":17},"end":{"line":68,"column":3}},"7":{"start":{"line":69,"column":19},"end":{"line":75,"column":3}},"8":{"start":{"line":76,"column":18},"end":{"line":84,"column":3}},"9":{"start":{"line":86,"column":17},"end":{"line":91,"column":3}},"10":{"start":{"line":94,"column":19},"end":{"line":97,"column":1}},"11":{"start":{"line":95,"column":18},"end":{"line":95,"column":68}},"12":{"start":{"line":96,"column":2},"end":{"line":96,"column":68}},"13":{"start":{"line":103,"column":2},"end":{"line":133,"column":4}},"14":{"start":{"line":125,"column":14},"end":{"line":125,"column":60}}},"fnMap":{"0":{"name":"(anonymous_0)","decl":{"start":{"line":94,"column":19},"end":{"line":94,"column":20}},"loc":{"start":{"line":94,"column":35},"end":{"line":97,"column":1}},"line":94},"1":{"name":"ReviewItem","decl":{"start":{"line":101,"column":24},"end":{"line":101,"column":34}},"loc":{"start":{"line":101,"column":72},"end":{"line":134,"column":1}},"line":101},"2":{"name":"(anonymous_2)","decl":{"start":{"line":124,"column":58},"end":{"line":124,"column":59}},"loc":{"start":{"line":125,"column":14},"end":{"line":125,"column":60}},"line":125}},"branchMap":{"0":{"loc":{"start":{"line":104,"column":4},"end":{"line":132,"column":40}},"type":"cond-expr","locations":[{"start":{"line":105,"column":4},"end":{"line":132,"column":26}},{"start":{"line":132,"column":29},"end":{"line":132,"column":40}}],"line":104},"1":{"loc":{"start":{"line":120,"column":11},"end":{"line":120,"column":127}},"type":"cond-expr","locations":[{"start":{"line":120,"column":30},"end":{"line":120,"column":74}},{"start":{"line":120,"column":77},"end":{"line":120,"column":127}}],"line":120},"2":{"loc":{"start":{"line":122,"column":11},"end":{"line":123,"column":50}},"type":"cond-expr","locations":[{"start":{"line":122,"column":29},"end":{"line":123,"column":37}},{"start":{"line":123,"column":39},"end":{"line":123,"column":50}}],"line":122},"3":{"loc":{"start":{"line":124,"column":13},"end":{"line":126,"column":27}},"type":"cond-expr","locations":[{"start":{"line":124,"column":40},"end":{"line":126,"column":13}},{"start":{"line":126,"column":16},"end":{"line":126,"column":27}}],"line":124}},"s":{"0":1,"1":1,"2":1,"3":1,"4":1,"5":1,"6":1,"7":1,"8":1,"9":1,"10":1,"11":0,"12":0,"13":0,"14":0},"f":{"0":0,"1":0,"2":0},"b":{"0":[0,0],"1":[0,0],"2":[0,0],"3":[0,0]},"_coverageSchema":"1a1c01bbd47fc00a2c39e90264f33305004495a9","hash":"ceaed2cd443496d6c364091814af22f2a9a9ea54"}
,"/Users/kylemartinelli/HackReactor/FEC/client/src/Components/Reviews/Reviews.jsx": {"path":"/Users/kylemartinelli/HackReactor/FEC/client/src/Components/Reviews/Reviews.jsx","statementMap":{"0":{"start":{"line":14,"column":24},"end":{"line":27,"column":1}},"1":{"start":{"line":29,"column":19},"end":{"line":34,"column":1}},"2":{"start":{"line":36,"column":21},"end":{"line":41,"column":3}},"3":{"start":{"line":43,"column":16},"end":{"line":49,"column":3}},"4":{"start":{"line":51,"column":19},"end":{"line":58,"column":3}},"5":{"start":{"line":60,"column":18},"end":{"line":64,"column":3}},"6":{"start":{"line":70,"column":38},"end":{"line":70,"column":50}},"7":{"start":{"line":71,"column":36},"end":{"line":71,"column":56}},"8":{"start":{"line":72,"column":38},"end":{"line":72,"column":50}},"9":{"start":{"line":73,"column":46},"end":{"line":73,"column":61}},"10":{"start":{"line":74,"column":44},"end":{"line":74,"column":56}},"11":{"start":{"line":75,"column":36},"end":{"line":75,"column":47}},"12":{"start":{"line":76,"column":13},"end":{"line":76,"column":31}},"13":{"start":{"line":79,"column":12},"end":{"line":79,"column":124}},"14":{"start":{"line":80,"column":27},"end":{"line":84,"column":3}},"15":{"start":{"line":81,"column":4},"end":{"line":83,"column":38}},"16":{"start":{"line":82,"column":22},"end":{"line":82,"column":55}},"17":{"start":{"line":83,"column":20},"end":{"line":83,"column":36}},"18":{"start":{"line":86,"column":2},"end":{"line":86,"column":118}},"19":{"start":{"line":86,"column":19},"end":{"line":86,"column":63}},"20":{"start":{"line":86,"column":44},"end":{"line":86,"column":62}},"21":{"start":{"line":89,"column":2},"end":{"line":91,"column":4}},"22":{"start":{"line":90,"column":4},"end":{"line":90,"column":24}},"23":{"start":{"line":93,"column":2},"end":{"line":93,"column":24}},"24":{"start":{"line":97,"column":2},"end":{"line":132,"column":4}},"25":{"start":{"line":112,"column":8},"end":{"line":117,"column":10}},"26":{"start":{"line":119,"column":10},"end":{"line":124,"column":12}}},"fnMap":{"0":{"name":"Reviews","decl":{"start":{"line":69,"column":24},"end":{"line":69,"column":31}},"loc":{"start":{"line":69,"column":72},"end":{"line":133,"column":1}},"line":69},"1":{"name":"(anonymous_1)","decl":{"start":{"line":80,"column":27},"end":{"line":80,"column":28}},"loc":{"start":{"line":80,"column":33},"end":{"line":84,"column":3}},"line":80},"2":{"name":"(anonymous_2)","decl":{"start":{"line":82,"column":10},"end":{"line":82,"column":11}},"loc":{"start":{"line":82,"column":20},"end":{"line":82,"column":57}},"line":82},"3":{"name":"(anonymous_3)","decl":{"start":{"line":83,"column":11},"end":{"line":83,"column":12}},"loc":{"start":{"line":83,"column":20},"end":{"line":83,"column":36}},"line":83},"4":{"name":"(anonymous_4)","decl":{"start":{"line":86,"column":12},"end":{"line":86,"column":13}},"loc":{"start":{"line":86,"column":18},"end":{"line":86,"column":64}},"line":86},"5":{"name":"(anonymous_5)","decl":{"start":{"line":89,"column":17},"end":{"line":89,"column":18}},"loc":{"start":{"line":89,"column":27},"end":{"line":91,"column":3}},"line":89},"6":{"name":"(anonymous_6)","decl":{"start":{"line":111,"column":67},"end":{"line":111,"column":68}},"loc":{"start":{"line":112,"column":8},"end":{"line":117,"column":10}},"line":112},"7":{"name":"(anonymous_7)","decl":{"start":{"line":118,"column":31},"end":{"line":118,"column":32}},"loc":{"start":{"line":119,"column":10},"end":{"line":124,"column":12}},"line":119}},"branchMap":{"0":{"loc":{"start":{"line":86,"column":19},"end":{"line":86,"column":63}},"type":"if","locations":[{"start":{"line":86,"column":19},"end":{"line":86,"column":63}},{"start":{},"end":{}}],"line":86},"1":{"loc":{"start":{"line":111,"column":7},"end":{"line":125,"column":12}},"type":"cond-expr","locations":[{"start":{"line":111,"column":52},"end":{"line":118,"column":10}},{"start":{"line":118,"column":13},"end":{"line":125,"column":12}}],"line":111},"2":{"loc":{"start":{"line":111,"column":7},"end":{"line":111,"column":48}},"type":"binary-expr","locations":[{"start":{"line":111,"column":7},"end":{"line":111,"column":28}},{"start":{"line":111,"column":33},"end":{"line":111,"column":48}}],"line":111},"3":{"loc":{"start":{"line":128,"column":9},"end":{"line":128,"column":169}},"type":"cond-expr","locations":[{"start":{"line":128,"column":30},"end":{"line":128,"column":156}},{"start":{"line":128,"column":158},"end":{"line":128,"column":169}}],"line":128}},"s":{"0":1,"1":1,"2":1,"3":1,"4":1,"5":1,"6":1,"7":1,"8":1,"9":1,"10":1,"11":1,"12":1,"13":1,"14":1,"15":0,"16":0,"17":0,"18":1,"19":1,"20":0,"21":1,"22":0,"23":1,"24":1,"25":0,"26":0},"f":{"0":1,"1":0,"2":0,"3":0,"4":1,"5":0,"6":0,"7":0},"b":{"0":[0,1],"1":[0,1],"2":[1,0],"3":[0,1]},"_coverageSchema":"1a1c01bbd47fc00a2c39e90264f33305004495a9","hash":"134ec76311988cdf3059f0ad2c7582cd9fd05093"}
,"/Users/kylemartinelli/HackReactor/FEC/client/src/Components/Shared/ModalWindow.jsx": {"path":"/Users/kylemartinelli/HackReactor/FEC/client/src/Components/Shared/ModalWindow.jsx","statementMap":{"0":{"start":{"line":5,"column":32},"end":{"line":5,"column":58}},"1":{"start":{"line":6,"column":27},"end":{"line":6,"column":48}},"2":{"start":{"line":7,"column":29},"end":{"line":7,"column":52}},"3":{"start":{"line":8,"column":28},"end":{"line":8,"column":50}},"4":{"start":{"line":16,"column":8},"end":{"line":16,"column":18}},"5":{"start":{"line":18,"column":4},"end":{"line":25,"column":6}}},"fnMap":{"0":{"name":"ModalWindow","decl":{"start":{"line":10,"column":24},"end":{"line":10,"column":35}},"loc":{"start":{"line":10,"column":43},"end":{"line":26,"column":1}},"line":10}},"branchMap":{},"s":{"0":3,"1":3,"2":3,"3":3,"4":0,"5":0},"f":{"0":0},"b":{},"_coverageSchema":"1a1c01bbd47fc00a2c39e90264f33305004495a9","hash":"aecaf556c554018fa6f21522d9a1d86ffc9690b2"}
,"/Users/kylemartinelli/HackReactor/FEC/client/src/Components/Shared/ModalWindowImpl.jsx": {"path":"/Users/kylemartinelli/HackReactor/FEC/client/src/Components/Shared/ModalWindowImpl.jsx","statementMap":{"0":{"start":{"line":10,"column":14},"end":{"line":19,"column":1}},"1":{"start":{"line":12,"column":28},"end":{"line":12,"column":51}},"2":{"start":{"line":22,"column":18},"end":{"line":55,"column":1}},"3":{"start":{"line":29,"column":4},"end":{"line":34,"column":14}},"4":{"start":{"line":37,"column":4},"end":{"line":42,"column":14}},"5":{"start":{"line":45,"column":4},"end":{"line":50,"column":14}},"6":{"start":{"line":57,"column":15},"end":{"line":66,"column":1}},"7":{"start":{"line":59,"column":29},"end":{"line":59,"column":56}},"8":{"start":{"line":68,"column":14},"end":{"line":73,"column":1}},"9":{"start":{"line":75,"column":18},"end":{"line":80,"column":1}},"10":{"start":{"line":88,"column":8},"end":{"line":88,"column":20}},"11":{"start":{"line":92,"column":24},"end":{"line":92,"column":48}},"12":{"start":{"line":92,"column":30},"end":{"line":92,"column":48}},"13":{"start":{"line":98,"column":4},"end":{"line":98,"column":34}},"14":{"start":{"line":99,"column":4},"end":{"line":109,"column":6}}},"fnMap":{"0":{"name":"(anonymous_0)","decl":{"start":{"line":12,"column":15},"end":{"line":12,"column":16}},"loc":{"start":{"line":12,"column":28},"end":{"line":12,"column":51}},"line":12},"1":{"name":"(anonymous_1)","decl":{"start":{"line":28,"column":11},"end":{"line":28,"column":12}},"loc":{"start":{"line":29,"column":4},"end":{"line":34,"column":14}},"line":29},"2":{"name":"(anonymous_2)","decl":{"start":{"line":36,"column":12},"end":{"line":36,"column":13}},"loc":{"start":{"line":37,"column":4},"end":{"line":42,"column":14}},"line":37},"3":{"name":"(anonymous_3)","decl":{"start":{"line":44,"column":17},"end":{"line":44,"column":18}},"loc":{"start":{"line":45,"column":4},"end":{"line":50,"column":14}},"line":45},"4":{"name":"(anonymous_4)","decl":{"start":{"line":59,"column":13},"end":{"line":59,"column":14}},"loc":{"start":{"line":59,"column":29},"end":{"line":59,"column":56}},"line":59},"5":{"name":"ConfirmationModalImpl","decl":{"start":{"line":82,"column":24},"end":{"line":82,"column":45}},"loc":{"start":{"line":82,"column":53},"end":{"line":110,"column":1}},"line":82},"6":{"name":"(anonymous_6)","decl":{"start":{"line":92,"column":24},"end":{"line":92,"column":25}},"loc":{"start":{"line":92,"column":30},"end":{"line":92,"column":48}},"line":92}},"branchMap":{"0":{"loc":{"start":{"line":12,"column":28},"end":{"line":12,"column":51}},"type":"cond-expr","locations":[{"start":{"line":12,"column":35},"end":{"line":12,"column":42}},{"start":{"line":12,"column":45},"end":{"line":12,"column":51}}],"line":12},"1":{"loc":{"start":{"line":59,"column":29},"end":{"line":59,"column":56}},"type":"cond-expr","locations":[{"start":{"line":59,"column":39},"end":{"line":59,"column":46}},{"start":{"line":59,"column":49},"end":{"line":59,"column":56}}],"line":59}},"s":{"0":3,"1":0,"2":3,"3":0,"4":0,"5":0,"6":3,"7":0,"8":3,"9":3,"10":0,"11":0,"12":0,"13":0,"14":0},"f":{"0":0,"1":0,"2":0,"3":0,"4":0,"5":0,"6":0},"b":{"0":[0,0],"1":[0,0]},"_coverageSchema":"1a1c01bbd47fc00a2c39e90264f33305004495a9","hash":"97be7bde8684539ffd4954fadf14bb4814cf28d7"}
,"/Users/kylemartinelli/HackReactor/FEC/client/src/Components/Shared/MoreButton.jsx": {"path":"/Users/kylemartinelli/HackReactor/FEC/client/src/Components/Shared/MoreButton.jsx","statementMap":{"0":{"start":{"line":4,"column":20},"end":{"line":12,"column":1}},"1":{"start":{"line":34,"column":22},"end":{"line":40,"column":3}},"2":{"start":{"line":35,"column":4},"end":{"line":35,"column":59}},"3":{"start":{"line":36,"column":4},"end":{"line":36,"column":27}},"4":{"start":{"line":37,"column":4},"end":{"line":38,"column":27}},"5":{"start":{"line":39,"column":4},"end":{"line":39,"column":16}},"6":{"start":{"line":42,"column":2},"end":{"line":46,"column":4}}},"fnMap":{"0":{"name":"MoreButton","decl":{"start":{"line":33,"column":24},"end":{"line":33,"column":34}},"loc":{"start":{"line":33,"column":96},"end":{"line":47,"column":1}},"line":33},"1":{"name":"(anonymous_1)","decl":{"start":{"line":34,"column":22},"end":{"line":34,"column":23}},"loc":{"start":{"line":34,"column":33},"end":{"line":40,"column":3}},"line":34}},"branchMap":{"0":{"loc":{"start":{"line":37,"column":4},"end":{"line":38,"column":27}},"type":"cond-expr","locations":[{"start":{"line":37,"column":13},"end":{"line":37,"column":34}},{"start":{"line":38,"column":4},"end":{"line":38,"column":27}}],"line":37},"1":{"loc":{"start":{"line":38,"column":4},"end":{"line":38,"column":27}},"type":"binary-expr","locations":[{"start":{"line":38,"column":4},"end":{"line":38,"column":8}},{"start":{"line":38,"column":12},"end":{"line":38,"column":27}}],"line":38}},"s":{"0":2,"1":6,"2":2,"3":2,"4":2,"5":2,"6":6},"f":{"0":6,"1":2},"b":{"0":[0,2],"1":[2,0]},"_coverageSchema":"1a1c01bbd47fc00a2c39e90264f33305004495a9","hash":"d6942531bca163a18c3f2757b19ee70aba8003da"}
,"/Users/kylemartinelli/HackReactor/FEC/client/src/Components/Shared/PDModalWindowImpl.jsx": {"path":"/Users/kylemartinelli/HackReactor/FEC/client/src/Components/Shared/PDModalWindowImpl.jsx","statementMap":{"0":{"start":{"line":13,"column":14},"end":{"line":23,"column":1}},"1":{"start":{"line":15,"column":28},"end":{"line":15,"column":51}},"2":{"start":{"line":26,"column":18},"end":{"line":62,"column":1}},"3":{"start":{"line":36,"column":4},"end":{"line":41,"column":14}},"4":{"start":{"line":44,"column":4},"end":{"line":49,"column":14}},"5":{"start":{"line":52,"column":4},"end":{"line":57,"column":14}},"6":{"start":{"line":64,"column":15},"end":{"line":73,"column":1}},"7":{"start":{"line":66,"column":29},"end":{"line":66,"column":56}},"8":{"start":{"line":75,"column":17},"end":{"line":82,"column":1}},"9":{"start":{"line":84,"column":19},"end":{"line":87,"column":1}},"10":{"start":{"line":89,"column":18},"end":{"line":94,"column":1}},"11":{"start":{"line":96,"column":14},"end":{"line":98,"column":1}},"12":{"start":{"line":99,"column":19},"end":{"line":110,"column":1}},"13":{"start":{"line":114,"column":22},"end":{"line":116,"column":1}},"14":{"start":{"line":118,"column":25},"end":{"line":134,"column":1}},"15":{"start":{"line":129,"column":20},"end":{"line":132,"column":3}},"16":{"start":{"line":136,"column":23},"end":{"line":138,"column":1}},"17":{"start":{"line":140,"column":26},"end":{"line":155,"column":1}},"18":{"start":{"line":151,"column":20},"end":{"line":154,"column":3}},"19":{"start":{"line":157,"column":24},"end":{"line":160,"column":1}},"20":{"start":{"line":162,"column":18},"end":{"line":169,"column":1}},"21":{"start":{"line":164,"column":20},"end":{"line":168,"column":3}},"22":{"start":{"line":171,"column":20},"end":{"line":179,"column":1}},"23":{"start":{"line":174,"column":20},"end":{"line":178,"column":3}},"24":{"start":{"line":181,"column":19},"end":{"line":188,"column":1}},"25":{"start":{"line":183,"column":20},"end":{"line":187,"column":3}},"26":{"start":{"line":190,"column":23},"end":{"line":204,"column":1}},"27":{"start":{"line":200,"column":22},"end":{"line":203,"column":5}},"28":{"start":{"line":206,"column":24},"end":{"line":220,"column":1}},"29":{"start":{"line":216,"column":22},"end":{"line":219,"column":5}},"30":{"start":{"line":230,"column":8},"end":{"line":230,"column":20}},"31":{"start":{"line":232,"column":38},"end":{"line":232,"column":63}},"32":{"start":{"line":233,"column":34},"end":{"line":233,"column":61}},"33":{"start":{"line":234,"column":36},"end":{"line":234,"column":63}},"34":{"start":{"line":235,"column":40},"end":{"line":235,"column":59}},"35":{"start":{"line":236,"column":34},"end":{"line":236,"column":59}},"36":{"start":{"line":238,"column":4},"end":{"line":247,"column":22}},"37":{"start":{"line":239,"column":8},"end":{"line":246,"column":9}},"38":{"start":{"line":240,"column":10},"end":{"line":240,"column":29}},"39":{"start":{"line":241,"column":10},"end":{"line":241,"column":32}},"40":{"start":{"line":243,"column":10},"end":{"line":243,"column":34}},"41":{"start":{"line":244,"column":10},"end":{"line":244,"column":35}},"42":{"start":{"line":245,"column":10},"end":{"line":245,"column":34}},"43":{"start":{"line":249,"column":22},"end":{"line":255,"column":5}},"44":{"start":{"line":250,"column":8},"end":{"line":250,"column":26}},"45":{"start":{"line":251,"column":8},"end":{"line":251,"column":26}},"46":{"start":{"line":252,"column":8},"end":{"line":252,"column":27}},"47":{"start":{"line":253,"column":8},"end":{"line":253,"column":44}},"48":{"start":{"line":254,"column":8},"end":{"line":254,"column":24}},"49":{"start":{"line":257,"column":25},"end":{"line":261,"column":7}},"50":{"start":{"line":258,"column":8},"end":{"line":258,"column":36}},"51":{"start":{"line":259,"column":8},"end":{"line":259,"column":32}},"52":{"start":{"line":260,"column":8},"end":{"line":260,"column":34}},"53":{"start":{"line":265,"column":24},"end":{"line":265,"column":48}},"54":{"start":{"line":265,"column":30},"end":{"line":265,"column":48}},"55":{"start":{"line":271,"column":4},"end":{"line":307,"column":6}},"56":{"start":{"line":278,"column":48},"end":{"line":278,"column":65}},"57":{"start":{"line":278,"column":66},"end":{"line":278,"column":106}},"58":{"start":{"line":278,"column":107},"end":{"line":278,"column":126}},"59":{"start":{"line":279,"column":82},"end":{"line":279,"column":98}},"60":{"start":{"line":279,"column":99},"end":{"line":279,"column":140}},"61":{"start":{"line":279,"column":141},"end":{"line":279,"column":161}},"62":{"start":{"line":284,"column":53},"end":{"line":284,"column":69}},"63":{"start":{"line":288,"column":46},"end":{"line":288,"column":64}},"64":{"start":{"line":293,"column":48},"end":{"line":293,"column":68}},"65":{"start":{"line":298,"column":47},"end":{"line":298,"column":66}},"66":{"start":{"line":302,"column":86},"end":{"line":302,"column":101}}},"fnMap":{"0":{"name":"(anonymous_0)","decl":{"start":{"line":15,"column":15},"end":{"line":15,"column":16}},"loc":{"start":{"line":15,"column":28},"end":{"line":15,"column":51}},"line":15},"1":{"name":"(anonymous_1)","decl":{"start":{"line":35,"column":11},"end":{"line":35,"column":12}},"loc":{"start":{"line":36,"column":4},"end":{"line":41,"column":14}},"line":36},"2":{"name":"(anonymous_2)","decl":{"start":{"line":43,"column":12},"end":{"line":43,"column":13}},"loc":{"start":{"line":44,"column":4},"end":{"line":49,"column":14}},"line":44},"3":{"name":"(anonymous_3)","decl":{"start":{"line":51,"column":17},"end":{"line":51,"column":18}},"loc":{"start":{"line":52,"column":4},"end":{"line":57,"column":14}},"line":52},"4":{"name":"(anonymous_4)","decl":{"start":{"line":66,"column":13},"end":{"line":66,"column":14}},"loc":{"start":{"line":66,"column":29},"end":{"line":66,"column":56}},"line":66},"5":{"name":"(anonymous_5)","decl":{"start":{"line":129,"column":4},"end":{"line":129,"column":5}},"loc":{"start":{"line":129,"column":20},"end":{"line":132,"column":3}},"line":129},"6":{"name":"(anonymous_6)","decl":{"start":{"line":151,"column":4},"end":{"line":151,"column":5}},"loc":{"start":{"line":151,"column":20},"end":{"line":154,"column":3}},"line":151},"7":{"name":"(anonymous_7)","decl":{"start":{"line":164,"column":4},"end":{"line":164,"column":5}},"loc":{"start":{"line":164,"column":20},"end":{"line":168,"column":3}},"line":164},"8":{"name":"(anonymous_8)","decl":{"start":{"line":174,"column":4},"end":{"line":174,"column":5}},"loc":{"start":{"line":174,"column":20},"end":{"line":178,"column":3}},"line":174},"9":{"name":"(anonymous_9)","decl":{"start":{"line":183,"column":4},"end":{"line":183,"column":5}},"loc":{"start":{"line":183,"column":20},"end":{"line":187,"column":3}},"line":183},"10":{"name":"(anonymous_10)","decl":{"start":{"line":200,"column":6},"end":{"line":200,"column":7}},"loc":{"start":{"line":200,"column":22},"end":{"line":203,"column":5}},"line":200},"11":{"name":"(anonymous_11)","decl":{"start":{"line":216,"column":6},"end":{"line":216,"column":7}},"loc":{"start":{"line":216,"column":22},"end":{"line":219,"column":5}},"line":216},"12":{"name":"ConfirmationModalImpl","decl":{"start":{"line":222,"column":24},"end":{"line":222,"column":45}},"loc":{"start":{"line":222,"column":53},"end":{"line":308,"column":1}},"line":222},"13":{"name":"(anonymous_13)","decl":{"start":{"line":238,"column":20},"end":{"line":238,"column":21}},"loc":{"start":{"line":238,"column":26},"end":{"line":247,"column":7}},"line":238},"14":{"name":"(anonymous_14)","decl":{"start":{"line":249,"column":22},"end":{"line":249,"column":23}},"loc":{"start":{"line":249,"column":31},"end":{"line":255,"column":5}},"line":249},"15":{"name":"(anonymous_15)","decl":{"start":{"line":257,"column":25},"end":{"line":257,"column":26}},"loc":{"start":{"line":257,"column":34},"end":{"line":261,"column":7}},"line":257},"16":{"name":"(anonymous_16)","decl":{"start":{"line":265,"column":24},"end":{"line":265,"column":25}},"loc":{"start":{"line":265,"column":30},"end":{"line":265,"column":48}},"line":265},"17":{"name":"(anonymous_17)","decl":{"start":{"line":278,"column":41},"end":{"line":278,"column":42}},"loc":{"start":{"line":278,"column":47},"end":{"line":278,"column":128}},"line":278},"18":{"name":"(anonymous_18)","decl":{"start":{"line":279,"column":75},"end":{"line":279,"column":76}},"loc":{"start":{"line":279,"column":81},"end":{"line":279,"column":163}},"line":279},"19":{"name":"(anonymous_19)","decl":{"start":{"line":284,"column":47},"end":{"line":284,"column":48}},"loc":{"start":{"line":284,"column":53},"end":{"line":284,"column":69}},"line":284},"20":{"name":"(anonymous_20)","decl":{"start":{"line":288,"column":40},"end":{"line":288,"column":41}},"loc":{"start":{"line":288,"column":46},"end":{"line":288,"column":64}},"line":288},"21":{"name":"(anonymous_21)","decl":{"start":{"line":293,"column":42},"end":{"line":293,"column":43}},"loc":{"start":{"line":293,"column":48},"end":{"line":293,"column":68}},"line":293},"22":{"name":"(anonymous_22)","decl":{"start":{"line":298,"column":41},"end":{"line":298,"column":42}},"loc":{"start":{"line":298,"column":47},"end":{"line":298,"column":66}},"line":298},"23":{"name":"(anonymous_23)","decl":{"start":{"line":302,"column":80},"end":{"line":302,"column":81}},"loc":{"start":{"line":302,"column":86},"end":{"line":302,"column":101}},"line":302}},"branchMap":{"0":{"loc":{"start":{"line":15,"column":28},"end":{"line":15,"column":51}},"type":"cond-expr","locations":[{"start":{"line":15,"column":35},"end":{"line":15,"column":42}},{"start":{"line":15,"column":45},"end":{"line":15,"column":51}}],"line":15},"1":{"loc":{"start":{"line":66,"column":29},"end":{"line":66,"column":56}},"type":"cond-expr","locations":[{"start":{"line":66,"column":39},"end":{"line":66,"column":46}},{"start":{"line":66,"column":49},"end":{"line":66,"column":56}}],"line":66},"2":{"loc":{"start":{"line":129,"column":20},"end":{"line":132,"column":3}},"type":"binary-expr","locations":[{"start":{"line":129,"column":20},"end":{"line":129,"column":26}},{"start":{"line":129,"column":30},"end":{"line":132,"column":3}}],"line":129},"3":{"loc":{"start":{"line":151,"column":20},"end":{"line":154,"column":3}},"type":"binary-expr","locations":[{"start":{"line":151,"column":20},"end":{"line":151,"column":26}},{"start":{"line":151,"column":30},"end":{"line":154,"column":3}}],"line":151},"4":{"loc":{"start":{"line":164,"column":20},"end":{"line":168,"column":3}},"type":"binary-expr","locations":[{"start":{"line":164,"column":20},"end":{"line":164,"column":26}},{"start":{"line":164,"column":30},"end":{"line":168,"column":3}}],"line":164},"5":{"loc":{"start":{"line":174,"column":20},"end":{"line":178,"column":3}},"type":"binary-expr","locations":[{"start":{"line":174,"column":20},"end":{"line":174,"column":26}},{"start":{"line":174,"column":30},"end":{"line":178,"column":3}}],"line":174},"6":{"loc":{"start":{"line":183,"column":20},"end":{"line":187,"column":3}},"type":"binary-expr","locations":[{"start":{"line":183,"column":20},"end":{"line":183,"column":26}},{"start":{"line":183,"column":30},"end":{"line":187,"column":3}}],"line":183},"7":{"loc":{"start":{"line":200,"column":22},"end":{"line":203,"column":5}},"type":"binary-expr","locations":[{"start":{"line":200,"column":22},"end":{"line":200,"column":28}},{"start":{"line":200,"column":32},"end":{"line":203,"column":5}}],"line":200},"8":{"loc":{"start":{"line":216,"column":22},"end":{"line":219,"column":5}},"type":"binary-expr","locations":[{"start":{"line":216,"column":22},"end":{"line":216,"column":28}},{"start":{"line":216,"column":32},"end":{"line":219,"column":5}}],"line":216},"9":{"loc":{"start":{"line":239,"column":8},"end":{"line":246,"column":9}},"type":"if","locations":[{"start":{"line":239,"column":8},"end":{"line":246,"column":9}},{"start":{},"end":{}}],"line":239},"10":{"loc":{"start":{"line":239,"column":12},"end":{"line":239,"column":41}},"type":"binary-expr","locations":[{"start":{"line":239,"column":12},"end":{"line":239,"column":23}},{"start":{"line":239,"column":27},"end":{"line":239,"column":41}}],"line":239},"11":{"loc":{"start":{"line":287,"column":21},"end":{"line":289,"column":21}},"type":"binary-expr","locations":[{"start":{"line":287,"column":21},"end":{"line":287,"column":41}},{"start":{"line":288,"column":20},"end":{"line":288,"column":168}}],"line":287},"12":{"loc":{"start":{"line":292,"column":21},"end":{"line":294,"column":22}},"type":"binary-expr","locations":[{"start":{"line":292,"column":21},"end":{"line":292,"column":43}},{"start":{"line":293,"column":20},"end":{"line":293,"column":176}}],"line":292},"13":{"loc":{"start":{"line":297,"column":21},"end":{"line":299,"column":21}},"type":"binary-expr","locations":[{"start":{"line":297,"column":21},"end":{"line":297,"column":42}},{"start":{"line":298,"column":20},"end":{"line":298,"column":172}}],"line":297}},"s":{"0":1,"1":1,"2":1,"3":1,"4":1,"5":1,"6":1,"7":1,"8":1,"9":1,"10":1,"11":1,"12":1,"13":1,"14":1,"15":1,"16":1,"17":1,"18":1,"19":1,"20":1,"21":0,"22":1,"23":0,"24":1,"25":0,"26":1,"27":1,"28":1,"29":1,"30":1,"31":1,"32":1,"33":1,"34":1,"35":1,"36":1,"37":1,"38":0,"39":0,"40":0,"41":0,"42":0,"43":1,"44":0,"45":0,"46":0,"47":0,"48":0,"49":1,"50":0,"51":0,"52":0,"53":1,"54":0,"55":1,"56":0,"57":0,"58":0,"59":0,"60":0,"61":0,"62":0,"63":0,"64":0,"65":0,"66":0},"f":{"0":1,"1":1,"2":1,"3":1,"4":1,"5":1,"6":1,"7":0,"8":0,"9":0,"10":1,"11":1,"12":1,"13":1,"14":0,"15":0,"16":0,"17":0,"18":0,"19":0,"20":0,"21":0,"22":0,"23":0},"b":{"0":[0,1],"1":[0,1],"2":[1,1],"3":[1,1],"4":[0,0],"5":[0,0],"6":[0,0],"7":[1,1],"8":[1,1],"9":[0,1],"10":[1,1],"11":[1,0],"12":[1,0],"13":[1,0]},"_coverageSchema":"1a1c01bbd47fc00a2c39e90264f33305004495a9","hash":"ceaa1aee8c973f307c619b7028625dcc3a077143"}
,"/Users/kylemartinelli/HackReactor/FEC/client/src/Components/Shared/ProductDetailModal.jsx": {"path":"/Users/kylemartinelli/HackReactor/FEC/client/src/Components/Shared/ProductDetailModal.jsx","statementMap":{"0":{"start":{"line":5,"column":32},"end":{"line":5,"column":58}},"1":{"start":{"line":6,"column":27},"end":{"line":6,"column":48}},"2":{"start":{"line":7,"column":29},"end":{"line":7,"column":52}},"3":{"start":{"line":8,"column":28},"end":{"line":8,"column":50}},"4":{"start":{"line":18,"column":8},"end":{"line":18,"column":18}},"5":{"start":{"line":20,"column":4},"end":{"line":29,"column":6}}},"fnMap":{"0":{"name":"ProductDetailModalWindow","decl":{"start":{"line":10,"column":24},"end":{"line":10,"column":48}},"loc":{"start":{"line":10,"column":56},"end":{"line":30,"column":1}},"line":10}},"branchMap":{},"s":{"0":1,"1":1,"2":1,"3":1,"4":1,"5":1},"f":{"0":1},"b":{},"_coverageSchema":"1a1c01bbd47fc00a2c39e90264f33305004495a9","hash":"936ab1a526751e83d79cc41233a4405bf16c779c"}
,"/Users/kylemartinelli/HackReactor/FEC/client/src/Components/Shared/StarHandler.jsx": {"path":"/Users/kylemartinelli/HackReactor/FEC/client/src/Components/Shared/StarHandler.jsx","statementMap":{"0":{"start":{"line":14,"column":26},"end":{"line":19,"column":1}},"1":{"start":{"line":22,"column":21},"end":{"line":25,"column":1}},"2":{"start":{"line":26,"column":20},"end":{"line":31,"column":1}},"3":{"start":{"line":39,"column":40},"end":{"line":39,"column":52}},"4":{"start":{"line":40,"column":21},"end":{"line":40,"column":23}},"5":{"start":{"line":41,"column":16},"end":{"line":41,"column":18}},"6":{"start":{"line":42,"column":28},"end":{"line":46,"column":3}},"7":{"start":{"line":43,"column":4},"end":{"line":45,"column":40}},"8":{"start":{"line":44,"column":24},"end":{"line":44,"column":74}},"9":{"start":{"line":45,"column":22},"end":{"line":45,"column":38}},"10":{"start":{"line":49,"column":2},"end":{"line":50,"column":24}},"11":{"start":{"line":49,"column":20},"end":{"line":49,"column":62}},"12":{"start":{"line":49,"column":41},"end":{"line":49,"column":61}},"13":{"start":{"line":52,"column":24},"end":{"line":82,"column":3}},"14":{"start":{"line":53,"column":12},"end":{"line":53,"column":13}},"15":{"start":{"line":54,"column":4},"end":{"line":61,"column":5}},"16":{"start":{"line":56,"column":6},"end":{"line":59,"column":24}},"17":{"start":{"line":60,"column":6},"end":{"line":60,"column":13}},"18":{"start":{"line":62,"column":4},"end":{"line":75,"column":5}},"19":{"start":{"line":64,"column":6},"end":{"line":66,"column":25}},"20":{"start":{"line":70,"column":11},"end":{"line":75,"column":5}},"21":{"start":{"line":71,"column":6},"end":{"line":74,"column":25}},"22":{"start":{"line":76,"column":4},"end":{"line":80,"column":5}},"23":{"start":{"line":77,"column":6},"end":{"line":79,"column":9}},"24":{"start":{"line":84,"column":2},"end":{"line":109,"column":3}},"25":{"start":{"line":85,"column":4},"end":{"line":85,"column":28}},"26":{"start":{"line":87,"column":23},"end":{"line":107,"column":5}},"27":{"start":{"line":89,"column":16},"end":{"line":89,"column":17}},"28":{"start":{"line":90,"column":18},"end":{"line":90,"column":19}},"29":{"start":{"line":91,"column":6},"end":{"line":94,"column":7}},"30":{"start":{"line":91,"column":19},"end":{"line":91,"column":20}},"31":{"start":{"line":92,"column":8},"end":{"line":92,"column":55}},"32":{"start":{"line":93,"column":8},"end":{"line":93,"column":43}},"33":{"start":{"line":95,"column":20},"end":{"line":95,"column":31}},"34":{"start":{"line":96,"column":6},"end":{"line":106,"column":7}},"35":{"start":{"line":97,"column":8},"end":{"line":97,"column":27}},"36":{"start":{"line":99,"column":8},"end":{"line":99,"column":46}},"37":{"start":{"line":100,"column":8},"end":{"line":100,"column":42}},"38":{"start":{"line":101,"column":8},"end":{"line":101,"column":35}},"39":{"start":{"line":105,"column":8},"end":{"line":105,"column":30}},"40":{"start":{"line":108,"column":4},"end":{"line":108,"column":17}},"41":{"start":{"line":111,"column":2},"end":{"line":122,"column":4}},"42":{"start":{"line":116,"column":8},"end":{"line":118,"column":12}}},"fnMap":{"0":{"name":"StarHandler","decl":{"start":{"line":34,"column":24},"end":{"line":34,"column":35}},"loc":{"start":{"line":34,"column":70},"end":{"line":123,"column":1}},"line":34},"1":{"name":"(anonymous_1)","decl":{"start":{"line":42,"column":28},"end":{"line":42,"column":29}},"loc":{"start":{"line":42,"column":34},"end":{"line":46,"column":3}},"line":42},"2":{"name":"(anonymous_2)","decl":{"start":{"line":44,"column":12},"end":{"line":44,"column":13}},"loc":{"start":{"line":44,"column":22},"end":{"line":44,"column":76}},"line":44},"3":{"name":"(anonymous_3)","decl":{"start":{"line":45,"column":13},"end":{"line":45,"column":14}},"loc":{"start":{"line":45,"column":22},"end":{"line":45,"column":38}},"line":45},"4":{"name":"(anonymous_4)","decl":{"start":{"line":49,"column":12},"end":{"line":49,"column":13}},"loc":{"start":{"line":49,"column":18},"end":{"line":50,"column":3}},"line":49},"5":{"name":"(anonymous_5)","decl":{"start":{"line":52,"column":24},"end":{"line":52,"column":25}},"loc":{"start":{"line":52,"column":37},"end":{"line":82,"column":3}},"line":52},"6":{"name":"(anonymous_6)","decl":{"start":{"line":87,"column":23},"end":{"line":87,"column":24}},"loc":{"start":{"line":87,"column":29},"end":{"line":107,"column":5}},"line":87},"7":{"name":"(anonymous_7)","decl":{"start":{"line":115,"column":46},"end":{"line":115,"column":47}},"loc":{"start":{"line":116,"column":8},"end":{"line":118,"column":12}},"line":116}},"branchMap":{"0":{"loc":{"start":{"line":49,"column":20},"end":{"line":49,"column":62}},"type":"if","locations":[{"start":{"line":49,"column":20},"end":{"line":49,"column":62}},{"start":{},"end":{}}],"line":49},"1":{"loc":{"start":{"line":62,"column":4},"end":{"line":75,"column":5}},"type":"if","locations":[{"start":{"line":62,"column":4},"end":{"line":75,"column":5}},{"start":{"line":70,"column":11},"end":{"line":75,"column":5}}],"line":62},"2":{"loc":{"start":{"line":62,"column":8},"end":{"line":62,"column":42}},"type":"binary-expr","locations":[{"start":{"line":62,"column":8},"end":{"line":62,"column":23}},{"start":{"line":62,"column":27},"end":{"line":62,"column":42}}],"line":62},"3":{"loc":{"start":{"line":70,"column":11},"end":{"line":75,"column":5}},"type":"if","locations":[{"start":{"line":70,"column":11},"end":{"line":75,"column":5}},{"start":{},"end":{}}],"line":70},"4":{"loc":{"start":{"line":84,"column":2},"end":{"line":109,"column":3}},"type":"if","locations":[{"start":{"line":84,"column":2},"end":{"line":109,"column":3}},{"start":{"line":86,"column":9},"end":{"line":109,"column":3}}],"line":84},"5":{"loc":{"start":{"line":96,"column":6},"end":{"line":106,"column":7}},"type":"if","locations":[{"start":{"line":96,"column":6},"end":{"line":106,"column":7}},{"start":{"line":98,"column":13},"end":{"line":106,"column":7}}],"line":96},"6":{"loc":{"start":{"line":113,"column":9},"end":{"line":113,"column":57}},"type":"cond-expr","locations":[{"start":{"line":113,"column":15},"end":{"line":113,"column":53}},{"start":{"line":113,"column":55},"end":{"line":113,"column":57}}],"line":113},"7":{"loc":{"start":{"line":115,"column":7},"end":{"line":119,"column":21}},"type":"cond-expr","locations":[{"start":{"line":115,"column":31},"end":{"line":119,"column":8}},{"start":{"line":119,"column":10},"end":{"line":119,"column":21}}],"line":115}},"s":{"0":1,"1":1,"2":1,"3":0,"4":0,"5":0,"6":0,"7":0,"8":0,"9":0,"10":0,"11":0,"12":0,"13":0,"14":0,"15":0,"16":0,"17":0,"18":0,"19":0,"20":0,"21":0,"22":0,"23":0,"24":0,"25":0,"26":0,"27":0,"28":0,"29":0,"30":0,"31":0,"32":0,"33":0,"34":0,"35":0,"36":0,"37":0,"38":0,"39":0,"40":0,"41":0,"42":0},"f":{"0":0,"1":0,"2":0,"3":0,"4":0,"5":0,"6":0,"7":0},"b":{"0":[0,0],"1":[0,0],"2":[0,0],"3":[0,0],"4":[0,0],"5":[0,0],"6":[0,0],"7":[0,0]},"_coverageSchema":"1a1c01bbd47fc00a2c39e90264f33305004495a9","hash":"04678c56e872bda342b76aa351e2d5b1035f9b41"}
,"/Users/kylemartinelli/HackReactor/FEC/client/src/utils/helper.js": {"path":"/Users/kylemartinelli/HackReactor/FEC/client/src/utils/helper.js","statementMap":{"0":{"start":{"line":10,"column":6},"end":{"line":12,"column":7}},"1":{"start":{"line":11,"column":8},"end":{"line":11,"column":17}},"2":{"start":{"line":13,"column":6},"end":{"line":15,"column":7}},"3":{"start":{"line":14,"column":8},"end":{"line":14,"column":18}},"4":{"start":{"line":16,"column":6},"end":{"line":16,"column":15}},"5":{"start":{"line":19,"column":4},"end":{"line":19,"column":24}},"6":{"start":{"line":21,"column":4},"end":{"line":21,"column":14}},"7":{"start":{"line":26,"column":4},"end":{"line":26,"column":47}},"8":{"start":{"line":29,"column":16},"end":{"line":29,"column":44}},"9":{"start":{"line":30,"column":6},"end":{"line":37,"column":9}},"10":{"start":{"line":32,"column":8},"end":{"line":32,"column":60}},"11":{"start":{"line":33,"column":8},"end":{"line":33,"column":13}},"12":{"start":{"line":36,"column":8},"end":{"line":36,"column":54}},"13":{"start":{"line":41,"column":4},"end":{"line":41,"column":49}},"14":{"start":{"line":42,"column":14},"end":{"line":42,"column":43}},"15":{"start":{"line":43,"column":4},"end":{"line":49,"column":9}},"16":{"start":{"line":45,"column":8},"end":{"line":45,"column":60}},"17":{"start":{"line":48,"column":8},"end":{"line":48,"column":54}}},"fnMap":{"0":{"name":"sortResults","decl":{"start":{"line":6,"column":18},"end":{"line":6,"column":29}},"loc":{"start":{"line":6,"column":51},"end":{"line":22,"column":3}},"line":6},"1":{"name":"compare","decl":{"start":{"line":9,"column":13},"end":{"line":9,"column":20}},"loc":{"start":{"line":9,"column":27},"end":{"line":17,"column":5}},"line":9},"2":{"name":"imcrementVote","decl":{"start":{"line":25,"column":18},"end":{"line":25,"column":31}},"loc":{"start":{"line":25,"column":51},"end":{"line":38,"column":3}},"line":25},"3":{"name":"(anonymous_3)","decl":{"start":{"line":31,"column":12},"end":{"line":31,"column":13}},"loc":{"start":{"line":31,"column":26},"end":{"line":34,"column":7}},"line":31},"4":{"name":"(anonymous_4)","decl":{"start":{"line":35,"column":13},"end":{"line":35,"column":14}},"loc":{"start":{"line":35,"column":24},"end":{"line":37,"column":7}},"line":35},"5":{"name":"report","decl":{"start":{"line":40,"column":18},"end":{"line":40,"column":24}},"loc":{"start":{"line":40,"column":41},"end":{"line":50,"column":3}},"line":40},"6":{"name":"(anonymous_6)","decl":{"start":{"line":44,"column":12},"end":{"line":44,"column":13}},"loc":{"start":{"line":44,"column":26},"end":{"line":46,"column":7}},"line":44},"7":{"name":"(anonymous_7)","decl":{"start":{"line":47,"column":13},"end":{"line":47,"column":14}},"loc":{"start":{"line":47,"column":24},"end":{"line":49,"column":7}},"line":47}},"branchMap":{"0":{"loc":{"start":{"line":10,"column":6},"end":{"line":12,"column":7}},"type":"if","locations":[{"start":{"line":10,"column":6},"end":{"line":12,"column":7}},{"start":{},"end":{}}],"line":10},"1":{"loc":{"start":{"line":13,"column":6},"end":{"line":15,"column":7}},"type":"if","locations":[{"start":{"line":13,"column":6},"end":{"line":15,"column":7}},{"start":{},"end":{}}],"line":13}},"s":{"0":0,"1":0,"2":0,"3":0,"4":0,"5":0,"6":0,"7":0,"8":0,"9":0,"10":0,"11":0,"12":0,"13":0,"14":0,"15":0,"16":0,"17":0},"f":{"0":0,"1":0,"2":0,"3":0,"4":0,"5":0,"6":0,"7":0},"b":{"0":[0,0],"1":[0,0]},"_coverageSchema":"1a1c01bbd47fc00a2c39e90264f33305004495a9","hash":"b4decc60d8960308a4d0ffe9d65d76828513b828"}
}
