{"/Users/saivemireddy/FEC/FEC/config.js": {"path":"/Users/saivemireddy/FEC/FEC/config.js","statementMap":{"0":{"start":{"line":1,"column":0},"end":{"line":3,"column":1}}},"fnMap":{},"branchMap":{},"s":{"0":2},"f":{},"b":{},"_coverageSchema":"1a1c01bbd47fc00a2c39e90264f33305004495a9","hash":"2859369fbded547153a5211196697ee1592ac2e4"}
,"/Users/saivemireddy/FEC/FEC/client/src/Components/Questions/AnswerItem.jsx": {"path":"/Users/saivemireddy/FEC/FEC/client/src/Components/Questions/AnswerItem.jsx","statementMap":{"0":{"start":{"line":7,"column":18},"end":{"line":19,"column":2}},"1":{"start":{"line":21,"column":15},"end":{"line":27,"column":1}},"2":{"start":{"line":29,"column":19},"end":{"line":36,"column":1}},"3":{"start":{"line":38,"column":23},"end":{"line":42,"column":1}},"4":{"start":{"line":46,"column":26},"end":{"line":48,"column":3}},"5":{"start":{"line":47,"column":4},"end":{"line":47,"column":36}},"6":{"start":{"line":50,"column":28},"end":{"line":52,"column":3}},"7":{"start":{"line":51,"column":4},"end":{"line":51,"column":32}},"8":{"start":{"line":56,"column":2},"end":{"line":68,"column":4}}},"fnMap":{"0":{"name":"AnswerItem","decl":{"start":{"line":44,"column":24},"end":{"line":44,"column":34}},"loc":{"start":{"line":44,"column":59},"end":{"line":69,"column":1}},"line":44},"1":{"name":"(anonymous_1)","decl":{"start":{"line":46,"column":26},"end":{"line":46,"column":27}},"loc":{"start":{"line":46,"column":32},"end":{"line":48,"column":3}},"line":46},"2":{"name":"(anonymous_2)","decl":{"start":{"line":50,"column":28},"end":{"line":50,"column":29}},"loc":{"start":{"line":50,"column":34},"end":{"line":52,"column":3}},"line":50}},"branchMap":{},"s":{"0":1,"1":1,"2":1,"3":1,"4":0,"5":0,"6":0,"7":0,"8":0},"f":{"0":0,"1":0,"2":0},"b":{},"_coverageSchema":"1a1c01bbd47fc00a2c39e90264f33305004495a9","hash":"8a996c8d3be5f04b73ac562dc4147c4f72923cfe"}
,"/Users/saivemireddy/FEC/FEC/client/src/Components/Questions/PhotoGallery.jsx": {"path":"/Users/saivemireddy/FEC/FEC/client/src/Components/Questions/PhotoGallery.jsx","statementMap":{"0":{"start":{"line":8,"column":18},"end":{"line":19,"column":2}},"1":{"start":{"line":21,"column":11},"end":{"line":26,"column":1}},"2":{"start":{"line":28,"column":11},"end":{"line":33,"column":1}},"3":{"start":{"line":35,"column":11},"end":{"line":40,"column":1}},"4":{"start":{"line":42,"column":11},"end":{"line":47,"column":1}},"5":{"start":{"line":49,"column":11},"end":{"line":54,"column":1}},"6":{"start":{"line":60,"column":26},"end":{"line":60,"column":41}},"7":{"start":{"line":62,"column":20},"end":{"line":64,"column":3}},"8":{"start":{"line":63,"column":4},"end":{"line":63,"column":18}},"9":{"start":{"line":66,"column":24},"end":{"line":66,"column":36}},"10":{"start":{"line":68,"column":20},"end":{"line":70,"column":3}},"11":{"start":{"line":69,"column":4},"end":{"line":69,"column":19}},"12":{"start":{"line":72,"column":25},"end":{"line":77,"column":3}},"13":{"start":{"line":74,"column":4},"end":{"line":74,"column":16}},"14":{"start":{"line":75,"column":4},"end":{"line":75,"column":16}},"15":{"start":{"line":79,"column":2},"end":{"line":94,"column":4}},"16":{"start":{"line":81,"column":41},"end":{"line":81,"column":66}},"17":{"start":{"line":82,"column":41},"end":{"line":82,"column":66}},"18":{"start":{"line":83,"column":41},"end":{"line":83,"column":66}},"19":{"start":{"line":84,"column":41},"end":{"line":84,"column":66}},"20":{"start":{"line":85,"column":41},"end":{"line":85,"column":66}}},"fnMap":{"0":{"name":"PhotoGallery","decl":{"start":{"line":58,"column":24},"end":{"line":58,"column":36}},"loc":{"start":{"line":58,"column":49},"end":{"line":95,"column":1}},"line":58},"1":{"name":"(anonymous_1)","decl":{"start":{"line":62,"column":20},"end":{"line":62,"column":21}},"loc":{"start":{"line":62,"column":26},"end":{"line":64,"column":3}},"line":62},"2":{"name":"(anonymous_2)","decl":{"start":{"line":68,"column":20},"end":{"line":68,"column":21}},"loc":{"start":{"line":68,"column":29},"end":{"line":70,"column":3}},"line":68},"3":{"name":"(anonymous_3)","decl":{"start":{"line":72,"column":25},"end":{"line":72,"column":26}},"loc":{"start":{"line":72,"column":34},"end":{"line":77,"column":3}},"line":72},"4":{"name":"(anonymous_4)","decl":{"start":{"line":81,"column":33},"end":{"line":81,"column":34}},"loc":{"start":{"line":81,"column":39},"end":{"line":81,"column":68}},"line":81},"5":{"name":"(anonymous_5)","decl":{"start":{"line":82,"column":33},"end":{"line":82,"column":34}},"loc":{"start":{"line":82,"column":39},"end":{"line":82,"column":68}},"line":82},"6":{"name":"(anonymous_6)","decl":{"start":{"line":83,"column":33},"end":{"line":83,"column":34}},"loc":{"start":{"line":83,"column":39},"end":{"line":83,"column":68}},"line":83},"7":{"name":"(anonymous_7)","decl":{"start":{"line":84,"column":33},"end":{"line":84,"column":34}},"loc":{"start":{"line":84,"column":39},"end":{"line":84,"column":68}},"line":84},"8":{"name":"(anonymous_8)","decl":{"start":{"line":85,"column":33},"end":{"line":85,"column":34}},"loc":{"start":{"line":85,"column":39},"end":{"line":85,"column":68}},"line":85}},"branchMap":{"0":{"loc":{"start":{"line":81,"column":7},"end":{"line":81,"column":132}},"type":"binary-expr","locations":[{"start":{"line":81,"column":7},"end":{"line":81,"column":16}},{"start":{"line":81,"column":20},"end":{"line":81,"column":132}}],"line":81},"1":{"loc":{"start":{"line":82,"column":7},"end":{"line":82,"column":132}},"type":"binary-expr","locations":[{"start":{"line":82,"column":7},"end":{"line":82,"column":16}},{"start":{"line":82,"column":20},"end":{"line":82,"column":132}}],"line":82},"2":{"loc":{"start":{"line":83,"column":7},"end":{"line":83,"column":132}},"type":"binary-expr","locations":[{"start":{"line":83,"column":7},"end":{"line":83,"column":16}},{"start":{"line":83,"column":20},"end":{"line":83,"column":132}}],"line":83},"3":{"loc":{"start":{"line":84,"column":7},"end":{"line":84,"column":132}},"type":"binary-expr","locations":[{"start":{"line":84,"column":7},"end":{"line":84,"column":16}},{"start":{"line":84,"column":20},"end":{"line":84,"column":132}}],"line":84},"4":{"loc":{"start":{"line":85,"column":7},"end":{"line":85,"column":132}},"type":"binary-expr","locations":[{"start":{"line":85,"column":7},"end":{"line":85,"column":16}},{"start":{"line":85,"column":20},"end":{"line":85,"column":132}}],"line":85}},"s":{"0":1,"1":1,"2":1,"3":1,"4":1,"5":1,"6":0,"7":0,"8":0,"9":0,"10":0,"11":0,"12":0,"13":0,"14":0,"15":0,"16":0,"17":0,"18":0,"19":0,"20":0},"f":{"0":0,"1":0,"2":0,"3":0,"4":0,"5":0,"6":0,"7":0,"8":0},"b":{"0":[0,0],"1":[0,0],"2":[0,0],"3":[0,0],"4":[0,0]},"_coverageSchema":"1a1c01bbd47fc00a2c39e90264f33305004495a9","hash":"c04e75605ff2ad875ff8e8b3736680107fbf8b3b"}
,"/Users/saivemireddy/FEC/FEC/client/src/Components/Questions/Questions.jsx": {"path":"/Users/saivemireddy/FEC/FEC/client/src/Components/Questions/Questions.jsx","statementMap":{"0":{"start":{"line":16,"column":18},"end":{"line":32,"column":2}},"1":{"start":{"line":34,"column":15},"end":{"line":38,"column":1}},"2":{"start":{"line":40,"column":15},"end":{"line":44,"column":1}},"3":{"start":{"line":45,"column":15},"end":{"line":56,"column":1}},"4":{"start":{"line":57,"column":24},"end":{"line":61,"column":1}},"5":{"start":{"line":63,"column":23},"end":{"line":67,"column":1}},"6":{"start":{"line":68,"column":28},"end":{"line":68,"column":47}},"7":{"start":{"line":72,"column":36},"end":{"line":72,"column":48}},"8":{"start":{"line":73,"column":54},"end":{"line":73,"column":66}},"9":{"start":{"line":74,"column":40},"end":{"line":74,"column":54}},"10":{"start":{"line":76,"column":26},"end":{"line":76,"column":41}},"11":{"start":{"line":77,"column":24},"end":{"line":77,"column":36}},"12":{"start":{"line":79,"column":20},"end":{"line":81,"column":3}},"13":{"start":{"line":80,"column":4},"end":{"line":80,"column":18}},"14":{"start":{"line":83,"column":20},"end":{"line":85,"column":3}},"15":{"start":{"line":84,"column":4},"end":{"line":84,"column":19}},"16":{"start":{"line":87,"column":33},"end":{"line":91,"column":3}},"17":{"start":{"line":89,"column":4},"end":{"line":89,"column":15}},"18":{"start":{"line":90,"column":4},"end":{"line":90,"column":16}},"19":{"start":{"line":93,"column":2},"end":{"line":95,"column":27}},"20":{"start":{"line":94,"column":4},"end":{"line":94,"column":19}},"21":{"start":{"line":98,"column":23},"end":{"line":114,"column":3}},"22":{"start":{"line":99,"column":4},"end":{"line":113,"column":9}},"23":{"start":{"line":102,"column":8},"end":{"line":102,"column":44}},"24":{"start":{"line":103,"column":24},"end":{"line":103,"column":116}},"25":{"start":{"line":104,"column":8},"end":{"line":104,"column":53}},"26":{"start":{"line":134,"column":25},"end":{"line":156,"column":3}},"27":{"start":{"line":136,"column":18},"end":{"line":136,"column":20}},"28":{"start":{"line":137,"column":15},"end":{"line":137,"column":20}},"29":{"start":{"line":138,"column":4},"end":{"line":153,"column":6}},"30":{"start":{"line":139,"column":6},"end":{"line":152,"column":7}},"31":{"start":{"line":141,"column":8},"end":{"line":141,"column":31}},"32":{"start":{"line":143,"column":8},"end":{"line":151,"column":10}},"33":{"start":{"line":144,"column":10},"end":{"line":150,"column":11}},"34":{"start":{"line":145,"column":12},"end":{"line":149,"column":13}},"35":{"start":{"line":147,"column":14},"end":{"line":147,"column":37}},"36":{"start":{"line":148,"column":14},"end":{"line":148,"column":26}},"37":{"start":{"line":155,"column":4},"end":{"line":155,"column":35}},"38":{"start":{"line":159,"column":21},"end":{"line":163,"column":3}},"39":{"start":{"line":160,"column":4},"end":{"line":162,"column":7}},"40":{"start":{"line":161,"column":6},"end":{"line":161,"column":21}},"41":{"start":{"line":165,"column":23},"end":{"line":175,"column":3}},"42":{"start":{"line":167,"column":16},"end":{"line":167,"column":28}},"43":{"start":{"line":168,"column":6},"end":{"line":174,"column":9}},"44":{"start":{"line":177,"column":2},"end":{"line":208,"column":4}},"45":{"start":{"line":188,"column":85},"end":{"line":188,"column":158}}},"fnMap":{"0":{"name":"Questions","decl":{"start":{"line":70,"column":16},"end":{"line":70,"column":25}},"loc":{"start":{"line":70,"column":62},"end":{"line":209,"column":1}},"line":70},"1":{"name":"(anonymous_1)","decl":{"start":{"line":79,"column":20},"end":{"line":79,"column":21}},"loc":{"start":{"line":79,"column":26},"end":{"line":81,"column":3}},"line":79},"2":{"name":"(anonymous_2)","decl":{"start":{"line":83,"column":20},"end":{"line":83,"column":21}},"loc":{"start":{"line":83,"column":29},"end":{"line":85,"column":3}},"line":83},"3":{"name":"(anonymous_3)","decl":{"start":{"line":87,"column":33},"end":{"line":87,"column":34}},"loc":{"start":{"line":87,"column":44},"end":{"line":91,"column":3}},"line":87},"4":{"name":"(anonymous_4)","decl":{"start":{"line":93,"column":12},"end":{"line":93,"column":13}},"loc":{"start":{"line":93,"column":18},"end":{"line":95,"column":3}},"line":93},"5":{"name":"(anonymous_5)","decl":{"start":{"line":98,"column":23},"end":{"line":98,"column":24}},"loc":{"start":{"line":98,"column":29},"end":{"line":114,"column":3}},"line":98},"6":{"name":"(anonymous_6)","decl":{"start":{"line":100,"column":12},"end":{"line":100,"column":13}},"loc":{"start":{"line":100,"column":26},"end":{"line":110,"column":7}},"line":100},"7":{"name":"(anonymous_7)","decl":{"start":{"line":111,"column":13},"end":{"line":111,"column":14}},"loc":{"start":{"line":111,"column":24},"end":{"line":113,"column":7}},"line":111},"8":{"name":"(anonymous_8)","decl":{"start":{"line":134,"column":25},"end":{"line":134,"column":26}},"loc":{"start":{"line":134,"column":38},"end":{"line":156,"column":3}},"line":134},"9":{"name":"(anonymous_9)","decl":{"start":{"line":138,"column":22},"end":{"line":138,"column":23}},"loc":{"start":{"line":138,"column":43},"end":{"line":153,"column":5}},"line":138},"10":{"name":"(anonymous_10)","decl":{"start":{"line":143,"column":48},"end":{"line":143,"column":49}},"loc":{"start":{"line":143,"column":60},"end":{"line":151,"column":9}},"line":143},"11":{"name":"(anonymous_11)","decl":{"start":{"line":159,"column":21},"end":{"line":159,"column":22}},"loc":{"start":{"line":159,"column":39},"end":{"line":163,"column":3}},"line":159},"12":{"name":"(anonymous_12)","decl":{"start":{"line":160,"column":32},"end":{"line":160,"column":33}},"loc":{"start":{"line":160,"column":38},"end":{"line":162,"column":5}},"line":160},"13":{"name":"(anonymous_13)","decl":{"start":{"line":165,"column":23},"end":{"line":165,"column":24}},"loc":{"start":{"line":165,"column":54},"end":{"line":175,"column":3}},"line":165},"14":{"name":"(anonymous_14)","decl":{"start":{"line":169,"column":12},"end":{"line":169,"column":13}},"loc":{"start":{"line":169,"column":26},"end":{"line":171,"column":7}},"line":169},"15":{"name":"(anonymous_15)","decl":{"start":{"line":172,"column":13},"end":{"line":172,"column":14}},"loc":{"start":{"line":172,"column":24},"end":{"line":174,"column":7}},"line":172},"16":{"name":"(anonymous_16)","decl":{"start":{"line":188,"column":64},"end":{"line":188,"column":65}},"loc":{"start":{"line":188,"column":85},"end":{"line":188,"column":158}},"line":188}},"branchMap":{"0":{"loc":{"start":{"line":103,"column":24},"end":{"line":103,"column":116}},"type":"cond-expr","locations":[{"start":{"line":103,"column":59},"end":{"line":103,"column":92}},{"start":{"line":103,"column":95},"end":{"line":103,"column":116}}],"line":103},"1":{"loc":{"start":{"line":139,"column":6},"end":{"line":152,"column":7}},"type":"if","locations":[{"start":{"line":139,"column":6},"end":{"line":152,"column":7}},{"start":{"line":142,"column":13},"end":{"line":152,"column":7}}],"line":139},"2":{"loc":{"start":{"line":144,"column":10},"end":{"line":150,"column":11}},"type":"if","locations":[{"start":{"line":144,"column":10},"end":{"line":150,"column":11}},{"start":{},"end":{}}],"line":144},"3":{"loc":{"start":{"line":145,"column":12},"end":{"line":149,"column":13}},"type":"if","locations":[{"start":{"line":145,"column":12},"end":{"line":149,"column":13}},{"start":{},"end":{}}],"line":145},"4":{"loc":{"start":{"line":188,"column":9},"end":{"line":188,"column":214}},"type":"cond-expr","locations":[{"start":{"line":188,"column":41},"end":{"line":188,"column":159}},{"start":{"line":188,"column":162},"end":{"line":188,"column":214}}],"line":188},"5":{"loc":{"start":{"line":191,"column":7},"end":{"line":193,"column":24}},"type":"binary-expr","locations":[{"start":{"line":191,"column":7},"end":{"line":191,"column":18}},{"start":{"line":191,"column":22},"end":{"line":193,"column":24}}],"line":191}},"s":{"0":1,"1":1,"2":1,"3":1,"4":1,"5":1,"6":1,"7":0,"8":0,"9":0,"10":0,"11":0,"12":0,"13":0,"14":0,"15":0,"16":0,"17":0,"18":0,"19":0,"20":0,"21":0,"22":0,"23":0,"24":0,"25":0,"26":0,"27":0,"28":0,"29":0,"30":0,"31":0,"32":0,"33":0,"34":0,"35":0,"36":0,"37":0,"38":0,"39":0,"40":0,"41":0,"42":0,"43":0,"44":0,"45":0},"f":{"0":0,"1":0,"2":0,"3":0,"4":0,"5":0,"6":0,"7":0,"8":0,"9":0,"10":0,"11":0,"12":0,"13":0,"14":0,"15":0,"16":0},"b":{"0":[0,0],"1":[0,0],"2":[0,0],"3":[0,0],"4":[0,0],"5":[0,0]},"_coverageSchema":"1a1c01bbd47fc00a2c39e90264f33305004495a9","hash":"f72b846015d6593004754814720fe9be57b6b2b9"}
,"/Users/saivemireddy/FEC/FEC/client/src/Components/Questions/QuestionsItem.jsx": {"path":"/Users/saivemireddy/FEC/FEC/client/src/Components/Questions/QuestionsItem.jsx","statementMap":{"0":{"start":{"line":12,"column":18},"end":{"line":25,"column":2}},"1":{"start":{"line":27,"column":17},"end":{"line":32,"column":1}},"2":{"start":{"line":34,"column":16},"end":{"line":41,"column":1}},"3":{"start":{"line":43,"column":18},"end":{"line":50,"column":1}},"4":{"start":{"line":52,"column":17},"end":{"line":58,"column":1}},"5":{"start":{"line":60,"column":19},"end":{"line":67,"column":1}},"6":{"start":{"line":69,"column":29},"end":{"line":69,"column":48}},"7":{"start":{"line":72,"column":2},"end":{"line":85,"column":15}},"8":{"start":{"line":73,"column":4},"end":{"line":83,"column":7}},"9":{"start":{"line":74,"column":6},"end":{"line":74,"column":25}},"10":{"start":{"line":75,"column":6},"end":{"line":82,"column":7}},"11":{"start":{"line":77,"column":8},"end":{"line":77,"column":47}},"12":{"start":{"line":78,"column":8},"end":{"line":78,"column":30}},"13":{"start":{"line":80,"column":8},"end":{"line":80,"column":36}},"14":{"start":{"line":81,"column":8},"end":{"line":81,"column":31}},"15":{"start":{"line":87,"column":32},"end":{"line":87,"column":44}},"16":{"start":{"line":88,"column":50},"end":{"line":88,"column":62}},"17":{"start":{"line":89,"column":42},"end":{"line":89,"column":57}},"18":{"start":{"line":91,"column":26},"end":{"line":91,"column":41}},"19":{"start":{"line":92,"column":24},"end":{"line":92,"column":36}},"20":{"start":{"line":94,"column":20},"end":{"line":96,"column":3}},"21":{"start":{"line":95,"column":4},"end":{"line":95,"column":18}},"22":{"start":{"line":98,"column":20},"end":{"line":100,"column":3}},"23":{"start":{"line":99,"column":4},"end":{"line":99,"column":19}},"24":{"start":{"line":102,"column":33},"end":{"line":106,"column":3}},"25":{"start":{"line":104,"column":4},"end":{"line":104,"column":15}},"26":{"start":{"line":105,"column":4},"end":{"line":105,"column":16}},"27":{"start":{"line":108,"column":25},"end":{"line":123,"column":3}},"28":{"start":{"line":110,"column":22},"end":{"line":110,"column":36}},"29":{"start":{"line":113,"column":4},"end":{"line":122,"column":5}},"30":{"start":{"line":114,"column":6},"end":{"line":119,"column":7}},"31":{"start":{"line":115,"column":8},"end":{"line":115,"column":72}},"32":{"start":{"line":117,"column":8},"end":{"line":117,"column":37}},"33":{"start":{"line":118,"column":8},"end":{"line":118,"column":31}},"34":{"start":{"line":121,"column":6},"end":{"line":121,"column":29}},"35":{"start":{"line":125,"column":26},"end":{"line":127,"column":3}},"36":{"start":{"line":126,"column":4},"end":{"line":126,"column":49}},"37":{"start":{"line":129,"column":31},"end":{"line":131,"column":3}},"38":{"start":{"line":130,"column":4},"end":{"line":130,"column":16}},"39":{"start":{"line":133,"column":21},"end":{"line":143,"column":3}},"40":{"start":{"line":134,"column":4},"end":{"line":134,"column":79}},"41":{"start":{"line":135,"column":14},"end":{"line":135,"column":58}},"42":{"start":{"line":136,"column":4},"end":{"line":142,"column":7}},"43":{"start":{"line":138,"column":6},"end":{"line":138,"column":77}},"44":{"start":{"line":141,"column":6},"end":{"line":141,"column":71}},"45":{"start":{"line":146,"column":2},"end":{"line":175,"column":4}},"46":{"start":{"line":161,"column":8},"end":{"line":161,"column":80}}},"fnMap":{"0":{"name":"QuestionsItem","decl":{"start":{"line":70,"column":16},"end":{"line":70,"column":29}},"loc":{"start":{"line":70,"column":56},"end":{"line":176,"column":1}},"line":70},"1":{"name":"(anonymous_1)","decl":{"start":{"line":72,"column":12},"end":{"line":72,"column":13}},"loc":{"start":{"line":72,"column":18},"end":{"line":85,"column":3}},"line":72},"2":{"name":"(anonymous_2)","decl":{"start":{"line":73,"column":63},"end":{"line":73,"column":64}},"loc":{"start":{"line":73,"column":75},"end":{"line":83,"column":5}},"line":73},"3":{"name":"(anonymous_3)","decl":{"start":{"line":94,"column":20},"end":{"line":94,"column":21}},"loc":{"start":{"line":94,"column":26},"end":{"line":96,"column":3}},"line":94},"4":{"name":"(anonymous_4)","decl":{"start":{"line":98,"column":20},"end":{"line":98,"column":21}},"loc":{"start":{"line":98,"column":29},"end":{"line":100,"column":3}},"line":98},"5":{"name":"(anonymous_5)","decl":{"start":{"line":102,"column":33},"end":{"line":102,"column":34}},"loc":{"start":{"line":102,"column":44},"end":{"line":106,"column":3}},"line":102},"6":{"name":"(anonymous_6)","decl":{"start":{"line":108,"column":25},"end":{"line":108,"column":26}},"loc":{"start":{"line":108,"column":31},"end":{"line":123,"column":3}},"line":108},"7":{"name":"(anonymous_7)","decl":{"start":{"line":125,"column":26},"end":{"line":125,"column":27}},"loc":{"start":{"line":125,"column":32},"end":{"line":127,"column":3}},"line":125},"8":{"name":"(anonymous_8)","decl":{"start":{"line":129,"column":31},"end":{"line":129,"column":32}},"loc":{"start":{"line":129,"column":37},"end":{"line":131,"column":3}},"line":129},"9":{"name":"(anonymous_9)","decl":{"start":{"line":133,"column":21},"end":{"line":133,"column":22}},"loc":{"start":{"line":133,"column":54},"end":{"line":143,"column":3}},"line":133},"10":{"name":"(anonymous_10)","decl":{"start":{"line":137,"column":10},"end":{"line":137,"column":11}},"loc":{"start":{"line":137,"column":24},"end":{"line":139,"column":5}},"line":137},"11":{"name":"(anonymous_11)","decl":{"start":{"line":140,"column":11},"end":{"line":140,"column":12}},"loc":{"start":{"line":140,"column":22},"end":{"line":142,"column":5}},"line":140},"12":{"name":"(anonymous_12)","decl":{"start":{"line":159,"column":43},"end":{"line":159,"column":44}},"loc":{"start":{"line":159,"column":62},"end":{"line":162,"column":7}},"line":159}},"branchMap":{"0":{"loc":{"start":{"line":75,"column":6},"end":{"line":82,"column":7}},"type":"if","locations":[{"start":{"line":75,"column":6},"end":{"line":82,"column":7}},{"start":{"line":79,"column":13},"end":{"line":82,"column":7}}],"line":75},"1":{"loc":{"start":{"line":113,"column":4},"end":{"line":122,"column":5}},"type":"if","locations":[{"start":{"line":113,"column":4},"end":{"line":122,"column":5}},{"start":{"line":120,"column":11},"end":{"line":122,"column":5}}],"line":113},"2":{"loc":{"start":{"line":114,"column":6},"end":{"line":119,"column":7}},"type":"if","locations":[{"start":{"line":114,"column":6},"end":{"line":119,"column":7}},{"start":{"line":116,"column":13},"end":{"line":119,"column":7}}],"line":114},"3":{"loc":{"start":{"line":164,"column":7},"end":{"line":164,"column":121}},"type":"binary-expr","locations":[{"start":{"line":164,"column":7},"end":{"line":164,"column":19}},{"start":{"line":164,"column":23},"end":{"line":164,"column":121}}],"line":164}},"s":{"0":1,"1":1,"2":1,"3":1,"4":1,"5":1,"6":1,"7":0,"8":0,"9":0,"10":0,"11":0,"12":0,"13":0,"14":0,"15":0,"16":0,"17":0,"18":0,"19":0,"20":0,"21":0,"22":0,"23":0,"24":0,"25":0,"26":0,"27":0,"28":0,"29":0,"30":0,"31":0,"32":0,"33":0,"34":0,"35":0,"36":0,"37":0,"38":0,"39":0,"40":0,"41":0,"42":0,"43":0,"44":0,"45":0,"46":0},"f":{"0":0,"1":0,"2":0,"3":0,"4":0,"5":0,"6":0,"7":0,"8":0,"9":0,"10":0,"11":0,"12":0},"b":{"0":[0,0],"1":[0,0],"2":[0,0],"3":[0,0]},"_coverageSchema":"1a1c01bbd47fc00a2c39e90264f33305004495a9","hash":"c59c5cd366646a20b6ad32b83a7a39d67810acd8"}
,"/Users/saivemireddy/FEC/FEC/client/src/Components/Questions/SearchBar.jsx": {"path":"/Users/saivemireddy/FEC/FEC/client/src/Components/Questions/SearchBar.jsx","statementMap":{"0":{"start":{"line":9,"column":18},"end":{"line":20,"column":1}},"1":{"start":{"line":22,"column":18},"end":{"line":34,"column":1}},"2":{"start":{"line":36,"column":13},"end":{"line":38,"column":1}},"3":{"start":{"line":41,"column":32},"end":{"line":41,"column":44}},"4":{"start":{"line":44,"column":23},"end":{"line":54,"column":3}},"5":{"start":{"line":46,"column":4},"end":{"line":46,"column":35}},"6":{"start":{"line":48,"column":4},"end":{"line":53,"column":5}},"7":{"start":{"line":50,"column":6},"end":{"line":50,"column":55}},"8":{"start":{"line":52,"column":6},"end":{"line":52,"column":25}},"9":{"start":{"line":56,"column":22},"end":{"line":60,"column":3}},"10":{"start":{"line":58,"column":4},"end":{"line":58,"column":19}},"11":{"start":{"line":59,"column":4},"end":{"line":59,"column":23}},"12":{"start":{"line":62,"column":2},"end":{"line":87,"column":4}}},"fnMap":{"0":{"name":"SearchBar","decl":{"start":{"line":40,"column":24},"end":{"line":40,"column":33}},"loc":{"start":{"line":40,"column":54},"end":{"line":88,"column":1}},"line":40},"1":{"name":"(anonymous_1)","decl":{"start":{"line":44,"column":23},"end":{"line":44,"column":24}},"loc":{"start":{"line":44,"column":34},"end":{"line":54,"column":3}},"line":44},"2":{"name":"(anonymous_2)","decl":{"start":{"line":56,"column":22},"end":{"line":56,"column":23}},"loc":{"start":{"line":56,"column":33},"end":{"line":60,"column":3}},"line":56}},"branchMap":{"0":{"loc":{"start":{"line":48,"column":4},"end":{"line":53,"column":5}},"type":"if","locations":[{"start":{"line":48,"column":4},"end":{"line":53,"column":5}},{"start":{"line":51,"column":11},"end":{"line":53,"column":5}}],"line":48}},"s":{"0":1,"1":1,"2":1,"3":3,"4":3,"5":1,"6":1,"7":1,"8":0,"9":3,"10":0,"11":0,"12":3},"f":{"0":3,"1":1,"2":0},"b":{"0":[1,0]},"_coverageSchema":"1a1c01bbd47fc00a2c39e90264f33305004495a9","hash":"3c171a5560e0c19a4c6bfe4c0c26224178eaf5d9"}
,"/Users/saivemireddy/FEC/FEC/client/src/Components/Questions/clear.svg": {"path":"/Users/saivemireddy/FEC/FEC/client/src/Components/Questions/clear.svg","statementMap":{"0":{"start":{"line":1,"column":0},"end":{"line":1,"column":29}}},"fnMap":{},"branchMap":{},"s":{"0":1},"f":{},"b":{},"_coverageSchema":"1a1c01bbd47fc00a2c39e90264f33305004495a9","hash":"22a063373e1778e7a4221af8081b659359a05e75"}
,"/Users/saivemireddy/FEC/FEC/client/src/Components/Questions/search.svg": {"path":"/Users/saivemireddy/FEC/FEC/client/src/Components/Questions/search.svg","statementMap":{"0":{"start":{"line":1,"column":0},"end":{"line":1,"column":30}}},"fnMap":{},"branchMap":{},"s":{"0":1},"f":{},"b":{},"_coverageSchema":"1a1c01bbd47fc00a2c39e90264f33305004495a9","hash":"e9133b4641e5e78f75c9d3b9fae336eaead259d0"}
,"/Users/saivemireddy/FEC/FEC/client/src/Components/Reviews/CreateReview.jsx": {"path":"/Users/saivemireddy/FEC/FEC/client/src/Components/Reviews/CreateReview.jsx","statementMap":{"0":{"start":{"line":5,"column":20},"end":{"line":15,"column":1}},"1":{"start":{"line":21,"column":2},"end":{"line":23,"column":3}}},"fnMap":{"0":{"name":"CreateReview","decl":{"start":{"line":18,"column":24},"end":{"line":18,"column":36}},"loc":{"start":{"line":18,"column":39},"end":{"line":24,"column":1}},"line":18}},"branchMap":{},"s":{"0":1,"1":1},"f":{"0":1},"b":{},"_coverageSchema":"1a1c01bbd47fc00a2c39e90264f33305004495a9","hash":"1452a4eb05db6264dcaae3b26db70092e404b60c"}
,"/Users/saivemireddy/FEC/FEC/client/src/Components/Reviews/FilterBy.jsx": {"path":"/Users/saivemireddy/FEC/FEC/client/src/Components/Reviews/FilterBy.jsx","statementMap":{"0":{"start":{"line":10,"column":23},"end":{"line":14,"column":3}},"1":{"start":{"line":11,"column":4},"end":{"line":13,"column":38}},"2":{"start":{"line":12,"column":22},"end":{"line":12,"column":70}},"3":{"start":{"line":13,"column":20},"end":{"line":13,"column":36}},"4":{"start":{"line":16,"column":2},"end":{"line":16,"column":81}},"5":{"start":{"line":16,"column":19},"end":{"line":16,"column":57}},"6":{"start":{"line":16,"column":42},"end":{"line":16,"column":56}},"7":{"start":{"line":18,"column":16},"end":{"line":18,"column":86}},"8":{"start":{"line":18,"column":51},"end":{"line":18,"column":81}},"9":{"start":{"line":19,"column":2},"end":{"line":19,"column":21}},"10":{"start":{"line":22,"column":2},"end":{"line":24,"column":3}}},"fnMap":{"0":{"name":"FilterBy","decl":{"start":{"line":7,"column":24},"end":{"line":7,"column":32}},"loc":{"start":{"line":7,"column":165},"end":{"line":26,"column":1}},"line":7},"1":{"name":"(anonymous_1)","decl":{"start":{"line":10,"column":23},"end":{"line":10,"column":24}},"loc":{"start":{"line":10,"column":29},"end":{"line":14,"column":3}},"line":10},"2":{"name":"(anonymous_2)","decl":{"start":{"line":12,"column":10},"end":{"line":12,"column":11}},"loc":{"start":{"line":12,"column":20},"end":{"line":12,"column":72}},"line":12},"3":{"name":"(anonymous_3)","decl":{"start":{"line":13,"column":11},"end":{"line":13,"column":12}},"loc":{"start":{"line":13,"column":20},"end":{"line":13,"column":36}},"line":13},"4":{"name":"(anonymous_4)","decl":{"start":{"line":16,"column":12},"end":{"line":16,"column":13}},"loc":{"start":{"line":16,"column":18},"end":{"line":16,"column":58}},"line":16},"5":{"name":"(anonymous_5)","decl":{"start":{"line":18,"column":34},"end":{"line":18,"column":35}},"loc":{"start":{"line":18,"column":50},"end":{"line":18,"column":82}},"line":18}},"branchMap":{"0":{"loc":{"start":{"line":16,"column":19},"end":{"line":16,"column":57}},"type":"if","locations":[{"start":{"line":16,"column":19},"end":{"line":16,"column":57}},{"start":{},"end":{}}],"line":16},"1":{"loc":{"start":{"line":23,"column":2},"end":{"line":23,"column":211}},"type":"cond-expr","locations":[{"start":{"line":23,"column":22},"end":{"line":23,"column":197}},{"start":{"line":23,"column":200},"end":{"line":23,"column":211}}],"line":23}},"s":{"0":1,"1":0,"2":0,"3":0,"4":1,"5":1,"6":0,"7":1,"8":0,"9":1,"10":1},"f":{"0":1,"1":0,"2":0,"3":0,"4":1,"5":0},"b":{"0":[0,1],"1":[0,1]},"_coverageSchema":"1a1c01bbd47fc00a2c39e90264f33305004495a9","hash":"9f21ea02a072875927f236ca413d3d880c7d543a"}
,"/Users/saivemireddy/FEC/FEC/client/src/Components/Reviews/FilterSelector.jsx": {"path":"/Users/saivemireddy/FEC/FEC/client/src/Components/Reviews/FilterSelector.jsx","statementMap":{"0":{"start":{"line":5,"column":2},"end":{"line":5,"column":29}},"1":{"start":{"line":6,"column":21},"end":{"line":8,"column":1}},"2":{"start":{"line":7,"column":2},"end":{"line":7,"column":38}},"3":{"start":{"line":11,"column":2},"end":{"line":17,"column":3}}},"fnMap":{"0":{"name":"FilterSelector","decl":{"start":{"line":4,"column":24},"end":{"line":4,"column":38}},"loc":{"start":{"line":4,"column":66},"end":{"line":18,"column":1}},"line":4},"1":{"name":"(anonymous_1)","decl":{"start":{"line":6,"column":21},"end":{"line":6,"column":22}},"loc":{"start":{"line":6,"column":28},"end":{"line":8,"column":1}},"line":6}},"branchMap":{},"s":{"0":0,"1":0,"2":0,"3":0},"f":{"0":0,"1":0},"b":{},"_coverageSchema":"1a1c01bbd47fc00a2c39e90264f33305004495a9","hash":"1197dff71a4d20b4a797a2a2107297465e80227d"}
,"/Users/saivemireddy/FEC/FEC/client/src/Components/Reviews/ProductBreakdown.jsx": {"path":"/Users/saivemireddy/FEC/FEC/client/src/Components/Reviews/ProductBreakdown.jsx","statementMap":{"0":{"start":{"line":8,"column":2},"end":{"line":10,"column":3}}},"fnMap":{"0":{"name":"ProductBreakdown","decl":{"start":{"line":3,"column":24},"end":{"line":3,"column":40}},"loc":{"start":{"line":3,"column":43},"end":{"line":11,"column":1}},"line":3}},"branchMap":{},"s":{"0":1},"f":{"0":1},"b":{},"_coverageSchema":"1a1c01bbd47fc00a2c39e90264f33305004495a9","hash":"8eca9376170fde4166fa42b29ecc6233b00176f2"}
,"/Users/saivemireddy/FEC/FEC/client/src/Components/Reviews/RatingsBreakdown.jsx": {"path":"/Users/saivemireddy/FEC/FEC/client/src/Components/Reviews/RatingsBreakdown.jsx","statementMap":{"0":{"start":{"line":10,"column":14},"end":{"line":17,"column":1}},"1":{"start":{"line":18,"column":16},"end":{"line":20,"column":1}},"2":{"start":{"line":22,"column":19},"end":{"line":24,"column":1}},"3":{"start":{"line":25,"column":12},"end":{"line":31,"column":1}},"4":{"start":{"line":38,"column":14},"end":{"line":38,"column":18}},"5":{"start":{"line":39,"column":36},"end":{"line":39,"column":48}},"6":{"start":{"line":41,"column":23},"end":{"line":45,"column":3}},"7":{"start":{"line":42,"column":4},"end":{"line":44,"column":40}},"8":{"start":{"line":43,"column":24},"end":{"line":43,"column":72}},"9":{"start":{"line":44,"column":22},"end":{"line":44,"column":38}},"10":{"start":{"line":47,"column":2},"end":{"line":47,"column":85}},"11":{"start":{"line":47,"column":20},"end":{"line":47,"column":62}},"12":{"start":{"line":47,"column":46},"end":{"line":47,"column":60}},"13":{"start":{"line":56,"column":2},"end":{"line":68,"column":4}}},"fnMap":{"0":{"name":"RatingsBreakdown","decl":{"start":{"line":37,"column":24},"end":{"line":37,"column":40}},"loc":{"start":{"line":37,"column":141},"end":{"line":69,"column":1}},"line":37},"1":{"name":"(anonymous_1)","decl":{"start":{"line":41,"column":23},"end":{"line":41,"column":24}},"loc":{"start":{"line":41,"column":29},"end":{"line":45,"column":3}},"line":41},"2":{"name":"(anonymous_2)","decl":{"start":{"line":43,"column":12},"end":{"line":43,"column":13}},"loc":{"start":{"line":43,"column":22},"end":{"line":43,"column":74}},"line":43},"3":{"name":"(anonymous_3)","decl":{"start":{"line":44,"column":13},"end":{"line":44,"column":14}},"loc":{"start":{"line":44,"column":22},"end":{"line":44,"column":38}},"line":44},"4":{"name":"(anonymous_4)","decl":{"start":{"line":47,"column":12},"end":{"line":47,"column":13}},"loc":{"start":{"line":47,"column":18},"end":{"line":47,"column":64}},"line":47}},"branchMap":{"0":{"loc":{"start":{"line":47,"column":20},"end":{"line":47,"column":62}},"type":"if","locations":[{"start":{"line":47,"column":20},"end":{"line":47,"column":62}},{"start":{},"end":{}}],"line":47},"1":{"loc":{"start":{"line":60,"column":9},"end":{"line":60,"column":121}},"type":"cond-expr","locations":[{"start":{"line":60,"column":30},"end":{"line":60,"column":107}},{"start":{"line":60,"column":110},"end":{"line":60,"column":121}}],"line":60}},"s":{"0":1,"1":1,"2":1,"3":1,"4":1,"5":1,"6":1,"7":0,"8":0,"9":0,"10":1,"11":1,"12":0,"13":1},"f":{"0":1,"1":0,"2":0,"3":0,"4":1},"b":{"0":[0,1],"1":[0,1]},"_coverageSchema":"1a1c01bbd47fc00a2c39e90264f33305004495a9","hash":"8628962ad09a8b4793ec648599bb6c5c92a48ff0"}
,"/Users/saivemireddy/FEC/FEC/client/src/Components/Reviews/RatingsGraph.jsx": {"path":"/Users/saivemireddy/FEC/FEC/client/src/Components/Reviews/RatingsGraph.jsx","statementMap":{"0":{"start":{"line":6,"column":23},"end":{"line":11,"column":1}},"1":{"start":{"line":13,"column":24},"end":{"line":19,"column":1}},"2":{"start":{"line":20,"column":27},"end":{"line":28,"column":1}},"3":{"start":{"line":29,"column":17},"end":{"line":36,"column":1}},"4":{"start":{"line":37,"column":20},"end":{"line":41,"column":1}},"5":{"start":{"line":50,"column":42},"end":{"line":58,"column":3}},"6":{"start":{"line":59,"column":14},"end":{"line":59,"column":16}},"7":{"start":{"line":61,"column":23},"end":{"line":87,"column":3}},"8":{"start":{"line":62,"column":4},"end":{"line":62,"column":27}},"9":{"start":{"line":63,"column":4},"end":{"line":63,"column":67}},"10":{"start":{"line":64,"column":4},"end":{"line":64,"column":31}},"11":{"start":{"line":65,"column":4},"end":{"line":65,"column":64}},"12":{"start":{"line":67,"column":4},"end":{"line":67,"column":36}},"13":{"start":{"line":69,"column":4},"end":{"line":75,"column":6}},"14":{"start":{"line":71,"column":6},"end":{"line":74,"column":7}},"15":{"start":{"line":72,"column":8},"end":{"line":72,"column":27}},"16":{"start":{"line":73,"column":8},"end":{"line":73,"column":32}},"17":{"start":{"line":77,"column":4},"end":{"line":77,"column":40}},"18":{"start":{"line":80,"column":4},"end":{"line":82,"column":5}},"19":{"start":{"line":81,"column":6},"end":{"line":81,"column":30}},"20":{"start":{"line":90,"column":15},"end":{"line":90,"column":16}},"21":{"start":{"line":91,"column":2},"end":{"line":93,"column":4}},"22":{"start":{"line":92,"column":4},"end":{"line":92,"column":30}},"23":{"start":{"line":95,"column":2},"end":{"line":110,"column":3}},"24":{"start":{"line":98,"column":12},"end":{"line":106,"column":21}},"25":{"start":{"line":99,"column":64},"end":{"line":99,"column":79}}},"fnMap":{"0":{"name":"RatingsGraph","decl":{"start":{"line":48,"column":24},"end":{"line":48,"column":36}},"loc":{"start":{"line":48,"column":145},"end":{"line":111,"column":1}},"line":48},"1":{"name":"(anonymous_1)","decl":{"start":{"line":61,"column":23},"end":{"line":61,"column":24}},"loc":{"start":{"line":61,"column":30},"end":{"line":87,"column":3}},"line":61},"2":{"name":"(anonymous_2)","decl":{"start":{"line":69,"column":23},"end":{"line":69,"column":24}},"loc":{"start":{"line":69,"column":33},"end":{"line":75,"column":5}},"line":69},"3":{"name":"(anonymous_3)","decl":{"start":{"line":91,"column":20},"end":{"line":91,"column":21}},"loc":{"start":{"line":91,"column":30},"end":{"line":93,"column":3}},"line":91},"4":{"name":"(anonymous_4)","decl":{"start":{"line":97,"column":20},"end":{"line":97,"column":21}},"loc":{"start":{"line":97,"column":35},"end":{"line":107,"column":7}},"line":97},"5":{"name":"(anonymous_5)","decl":{"start":{"line":99,"column":56},"end":{"line":99,"column":57}},"loc":{"start":{"line":99,"column":63},"end":{"line":99,"column":80}},"line":99}},"branchMap":{"0":{"loc":{"start":{"line":71,"column":6},"end":{"line":74,"column":7}},"type":"if","locations":[{"start":{"line":71,"column":6},"end":{"line":74,"column":7}},{"start":{},"end":{}}],"line":71},"1":{"loc":{"start":{"line":80,"column":4},"end":{"line":82,"column":5}},"type":"if","locations":[{"start":{"line":80,"column":4},"end":{"line":82,"column":5}},{"start":{},"end":{}}],"line":80},"2":{"loc":{"start":{"line":100,"column":24},"end":{"line":100,"column":69}},"type":"cond-expr","locations":[{"start":{"line":100,"column":48},"end":{"line":100,"column":64}},{"start":{"line":100,"column":67},"end":{"line":100,"column":69}}],"line":100}},"s":{"0":1,"1":1,"2":1,"3":1,"4":1,"5":1,"6":1,"7":1,"8":0,"9":0,"10":0,"11":0,"12":0,"13":0,"14":0,"15":0,"16":0,"17":0,"18":0,"19":0,"20":1,"21":1,"22":0,"23":1,"24":0,"25":0},"f":{"0":1,"1":0,"2":0,"3":0,"4":0,"5":0},"b":{"0":[0,0],"1":[0,0],"2":[0,0]},"_coverageSchema":"1a1c01bbd47fc00a2c39e90264f33305004495a9","hash":"52a91c87c0269abaa16235a8dac2ff1e73661f6e"}
,"/Users/saivemireddy/FEC/FEC/client/src/Components/Reviews/ReviewItem.jsx": {"path":"/Users/saivemireddy/FEC/FEC/client/src/Components/Reviews/ReviewItem.jsx","statementMap":{"0":{"start":{"line":6,"column":28},"end":{"line":14,"column":1}},"1":{"start":{"line":15,"column":19},"end":{"line":22,"column":3}},"2":{"start":{"line":23,"column":19},"end":{"line":30,"column":3}},"3":{"start":{"line":34,"column":13},"end":{"line":48,"column":1}},"4":{"start":{"line":50,"column":19},"end":{"line":55,"column":3}},"5":{"start":{"line":56,"column":17},"end":{"line":61,"column":3}},"6":{"start":{"line":62,"column":17},"end":{"line":68,"column":3}},"7":{"start":{"line":69,"column":19},"end":{"line":75,"column":3}},"8":{"start":{"line":76,"column":18},"end":{"line":84,"column":3}},"9":{"start":{"line":86,"column":17},"end":{"line":91,"column":3}},"10":{"start":{"line":94,"column":19},"end":{"line":97,"column":1}},"11":{"start":{"line":95,"column":18},"end":{"line":95,"column":68}},"12":{"start":{"line":96,"column":2},"end":{"line":96,"column":68}},"13":{"start":{"line":103,"column":2},"end":{"line":133,"column":4}},"14":{"start":{"line":125,"column":14},"end":{"line":125,"column":60}}},"fnMap":{"0":{"name":"(anonymous_0)","decl":{"start":{"line":94,"column":19},"end":{"line":94,"column":20}},"loc":{"start":{"line":94,"column":35},"end":{"line":97,"column":1}},"line":94},"1":{"name":"ReviewItem","decl":{"start":{"line":101,"column":24},"end":{"line":101,"column":34}},"loc":{"start":{"line":101,"column":72},"end":{"line":134,"column":1}},"line":101},"2":{"name":"(anonymous_2)","decl":{"start":{"line":124,"column":58},"end":{"line":124,"column":59}},"loc":{"start":{"line":125,"column":14},"end":{"line":125,"column":60}},"line":125}},"branchMap":{"0":{"loc":{"start":{"line":104,"column":4},"end":{"line":132,"column":40}},"type":"cond-expr","locations":[{"start":{"line":105,"column":4},"end":{"line":132,"column":26}},{"start":{"line":132,"column":29},"end":{"line":132,"column":40}}],"line":104},"1":{"loc":{"start":{"line":120,"column":11},"end":{"line":120,"column":127}},"type":"cond-expr","locations":[{"start":{"line":120,"column":30},"end":{"line":120,"column":74}},{"start":{"line":120,"column":77},"end":{"line":120,"column":127}}],"line":120},"2":{"loc":{"start":{"line":122,"column":11},"end":{"line":123,"column":50}},"type":"cond-expr","locations":[{"start":{"line":122,"column":29},"end":{"line":123,"column":37}},{"start":{"line":123,"column":39},"end":{"line":123,"column":50}}],"line":122},"3":{"loc":{"start":{"line":124,"column":13},"end":{"line":126,"column":27}},"type":"cond-expr","locations":[{"start":{"line":124,"column":40},"end":{"line":126,"column":13}},{"start":{"line":126,"column":16},"end":{"line":126,"column":27}}],"line":124}},"s":{"0":1,"1":1,"2":1,"3":1,"4":1,"5":1,"6":1,"7":1,"8":1,"9":1,"10":1,"11":0,"12":0,"13":0,"14":0},"f":{"0":0,"1":0,"2":0},"b":{"0":[0,0],"1":[0,0],"2":[0,0],"3":[0,0]},"_coverageSchema":"1a1c01bbd47fc00a2c39e90264f33305004495a9","hash":"04aade5ab441fa3888b221f4ab62a392b5644dad"}
,"/Users/saivemireddy/FEC/FEC/client/src/Components/Reviews/Reviews.jsx": {"path":"/Users/saivemireddy/FEC/FEC/client/src/Components/Reviews/Reviews.jsx","statementMap":{"0":{"start":{"line":14,"column":24},"end":{"line":27,"column":1}},"1":{"start":{"line":29,"column":19},"end":{"line":34,"column":1}},"2":{"start":{"line":36,"column":21},"end":{"line":41,"column":3}},"3":{"start":{"line":43,"column":16},"end":{"line":49,"column":3}},"4":{"start":{"line":51,"column":19},"end":{"line":58,"column":3}},"5":{"start":{"line":60,"column":18},"end":{"line":64,"column":3}},"6":{"start":{"line":70,"column":38},"end":{"line":70,"column":50}},"7":{"start":{"line":71,"column":36},"end":{"line":71,"column":56}},"8":{"start":{"line":72,"column":38},"end":{"line":72,"column":50}},"9":{"start":{"line":73,"column":46},"end":{"line":73,"column":61}},"10":{"start":{"line":74,"column":44},"end":{"line":74,"column":56}},"11":{"start":{"line":75,"column":36},"end":{"line":75,"column":47}},"12":{"start":{"line":76,"column":13},"end":{"line":76,"column":31}},"13":{"start":{"line":79,"column":12},"end":{"line":79,"column":124}},"14":{"start":{"line":80,"column":27},"end":{"line":84,"column":3}},"15":{"start":{"line":81,"column":4},"end":{"line":83,"column":38}},"16":{"start":{"line":82,"column":22},"end":{"line":82,"column":55}},"17":{"start":{"line":83,"column":20},"end":{"line":83,"column":36}},"18":{"start":{"line":86,"column":2},"end":{"line":86,"column":118}},"19":{"start":{"line":86,"column":19},"end":{"line":86,"column":63}},"20":{"start":{"line":86,"column":44},"end":{"line":86,"column":62}},"21":{"start":{"line":89,"column":2},"end":{"line":91,"column":4}},"22":{"start":{"line":90,"column":4},"end":{"line":90,"column":24}},"23":{"start":{"line":93,"column":2},"end":{"line":93,"column":24}},"24":{"start":{"line":97,"column":2},"end":{"line":132,"column":4}},"25":{"start":{"line":112,"column":8},"end":{"line":117,"column":10}},"26":{"start":{"line":119,"column":10},"end":{"line":124,"column":12}}},"fnMap":{"0":{"name":"Reviews","decl":{"start":{"line":69,"column":24},"end":{"line":69,"column":31}},"loc":{"start":{"line":69,"column":81},"end":{"line":133,"column":1}},"line":69},"1":{"name":"(anonymous_1)","decl":{"start":{"line":80,"column":27},"end":{"line":80,"column":28}},"loc":{"start":{"line":80,"column":33},"end":{"line":84,"column":3}},"line":80},"2":{"name":"(anonymous_2)","decl":{"start":{"line":82,"column":10},"end":{"line":82,"column":11}},"loc":{"start":{"line":82,"column":20},"end":{"line":82,"column":57}},"line":82},"3":{"name":"(anonymous_3)","decl":{"start":{"line":83,"column":11},"end":{"line":83,"column":12}},"loc":{"start":{"line":83,"column":20},"end":{"line":83,"column":36}},"line":83},"4":{"name":"(anonymous_4)","decl":{"start":{"line":86,"column":12},"end":{"line":86,"column":13}},"loc":{"start":{"line":86,"column":18},"end":{"line":86,"column":64}},"line":86},"5":{"name":"(anonymous_5)","decl":{"start":{"line":89,"column":17},"end":{"line":89,"column":18}},"loc":{"start":{"line":89,"column":27},"end":{"line":91,"column":3}},"line":89},"6":{"name":"(anonymous_6)","decl":{"start":{"line":111,"column":67},"end":{"line":111,"column":68}},"loc":{"start":{"line":112,"column":8},"end":{"line":117,"column":10}},"line":112},"7":{"name":"(anonymous_7)","decl":{"start":{"line":118,"column":31},"end":{"line":118,"column":32}},"loc":{"start":{"line":119,"column":10},"end":{"line":124,"column":12}},"line":119}},"branchMap":{"0":{"loc":{"start":{"line":86,"column":19},"end":{"line":86,"column":63}},"type":"if","locations":[{"start":{"line":86,"column":19},"end":{"line":86,"column":63}},{"start":{},"end":{}}],"line":86},"1":{"loc":{"start":{"line":111,"column":7},"end":{"line":125,"column":12}},"type":"cond-expr","locations":[{"start":{"line":111,"column":52},"end":{"line":118,"column":10}},{"start":{"line":118,"column":13},"end":{"line":125,"column":12}}],"line":111},"2":{"loc":{"start":{"line":111,"column":7},"end":{"line":111,"column":48}},"type":"binary-expr","locations":[{"start":{"line":111,"column":7},"end":{"line":111,"column":28}},{"start":{"line":111,"column":33},"end":{"line":111,"column":48}}],"line":111},"3":{"loc":{"start":{"line":128,"column":9},"end":{"line":128,"column":169}},"type":"cond-expr","locations":[{"start":{"line":128,"column":30},"end":{"line":128,"column":156}},{"start":{"line":128,"column":158},"end":{"line":128,"column":169}}],"line":128}},"s":{"0":1,"1":1,"2":1,"3":1,"4":1,"5":1,"6":1,"7":1,"8":1,"9":1,"10":1,"11":1,"12":1,"13":1,"14":1,"15":0,"16":0,"17":0,"18":1,"19":1,"20":0,"21":1,"22":0,"23":1,"24":1,"25":0,"26":0},"f":{"0":1,"1":0,"2":0,"3":0,"4":1,"5":0,"6":0,"7":0},"b":{"0":[0,1],"1":[0,1],"2":[1,0],"3":[0,1]},"_coverageSchema":"1a1c01bbd47fc00a2c39e90264f33305004495a9","hash":"605a9be37a13be93caa698b3bdd7130e88979d9a"}
,"/Users/saivemireddy/FEC/FEC/client/src/Components/Shared/ModalForm.jsx": {"path":"/Users/saivemireddy/FEC/FEC/client/src/Components/Shared/ModalForm.jsx","statementMap":{"0":{"start":{"line":16,"column":14},"end":{"line":20,"column":1}},"1":{"start":{"line":22,"column":15},"end":{"line":41,"column":1}},"2":{"start":{"line":43,"column":17},"end":{"line":60,"column":1}},"3":{"start":{"line":62,"column":18},"end":{"line":80,"column":3}},"4":{"start":{"line":82,"column":18},"end":{"line":86,"column":3}},"5":{"start":{"line":84,"column":26},"end":{"line":84,"column":30}},"6":{"start":{"line":88,"column":19},"end":{"line":92,"column":3}},"7":{"start":{"line":93,"column":20},"end":{"line":96,"column":3}},"8":{"start":{"line":98,"column":17},"end":{"line":103,"column":1}},"9":{"start":{"line":105,"column":20},"end":{"line":107,"column":1}},"10":{"start":{"line":111,"column":26},"end":{"line":111,"column":38}},"11":{"start":{"line":112,"column":28},"end":{"line":112,"column":40}},"12":{"start":{"line":113,"column":34},"end":{"line":113,"column":46}},"13":{"start":{"line":114,"column":30},"end":{"line":114,"column":42}},"14":{"start":{"line":115,"column":28},"end":{"line":115,"column":42}},"15":{"start":{"line":116,"column":40},"end":{"line":116,"column":55}},"16":{"start":{"line":119,"column":34},"end":{"line":119,"column":60}},"17":{"start":{"line":120,"column":22},"end":{"line":120,"column":49}},"18":{"start":{"line":121,"column":2},"end":{"line":123,"column":3}},"19":{"start":{"line":122,"column":37},"end":{"line":122,"column":64}},"20":{"start":{"line":128,"column":42},"end":{"line":128,"column":54}},"21":{"start":{"line":129,"column":20},"end":{"line":129,"column":30}},"22":{"start":{"line":131,"column":26},"end":{"line":138,"column":1}},"23":{"start":{"line":133,"column":17},"end":{"line":133,"column":34}},"24":{"start":{"line":134,"column":4},"end":{"line":134,"column":26}},"25":{"start":{"line":141,"column":25},"end":{"line":152,"column":3}},"26":{"start":{"line":143,"column":15},"end":{"line":143,"column":32}},"27":{"start":{"line":144,"column":4},"end":{"line":151,"column":5}},"28":{"start":{"line":145,"column":6},"end":{"line":145,"column":34}},"29":{"start":{"line":146,"column":11},"end":{"line":151,"column":5}},"30":{"start":{"line":147,"column":6},"end":{"line":147,"column":35}},"31":{"start":{"line":150,"column":6},"end":{"line":150,"column":92}},"32":{"start":{"line":154,"column":23},"end":{"line":182,"column":3}},"33":{"start":{"line":155,"column":4},"end":{"line":155,"column":27}},"34":{"start":{"line":156,"column":4},"end":{"line":156,"column":51}},"35":{"start":{"line":157,"column":21},"end":{"line":157,"column":62}},"36":{"start":{"line":158,"column":4},"end":{"line":158,"column":50}},"37":{"start":{"line":159,"column":24},"end":{"line":159,"column":63}},"38":{"start":{"line":161,"column":4},"end":{"line":164,"column":3}},"39":{"start":{"line":162,"column":3},"end":{"line":162,"column":25}},"40":{"start":{"line":163,"column":3},"end":{"line":163,"column":10}},"41":{"start":{"line":166,"column":4},"end":{"line":166,"column":16}},"42":{"start":{"line":167,"column":2},"end":{"line":167,"column":15}},"43":{"start":{"line":168,"column":2},"end":{"line":168,"column":18}},"44":{"start":{"line":169,"column":4},"end":{"line":169,"column":19}},"45":{"start":{"line":171,"column":4},"end":{"line":177,"column":5}},"46":{"start":{"line":172,"column":6},"end":{"line":172,"column":42}},"47":{"start":{"line":173,"column":11},"end":{"line":177,"column":5}},"48":{"start":{"line":174,"column":6},"end":{"line":174,"column":59}},"49":{"start":{"line":175,"column":21},"end":{"line":175,"column":65}},"50":{"start":{"line":176,"column":6},"end":{"line":176,"column":48}},"51":{"start":{"line":180,"column":4},"end":{"line":180,"column":25}},"52":{"start":{"line":184,"column":21},"end":{"line":184,"column":296}},"53":{"start":{"line":187,"column":2},"end":{"line":217,"column":3}}},"fnMap":{"0":{"name":"(anonymous_0)","decl":{"start":{"line":84,"column":13},"end":{"line":84,"column":14}},"loc":{"start":{"line":84,"column":26},"end":{"line":84,"column":30}},"line":84},"1":{"name":"ModalForm","decl":{"start":{"line":109,"column":24},"end":{"line":109,"column":33}},"loc":{"start":{"line":109,"column":42},"end":{"line":218,"column":1}},"line":109},"2":{"name":"(anonymous_2)","decl":{"start":{"line":131,"column":26},"end":{"line":131,"column":27}},"loc":{"start":{"line":131,"column":33},"end":{"line":138,"column":1}},"line":131},"3":{"name":"(anonymous_3)","decl":{"start":{"line":141,"column":25},"end":{"line":141,"column":26}},"loc":{"start":{"line":141,"column":36},"end":{"line":152,"column":3}},"line":141},"4":{"name":"(anonymous_4)","decl":{"start":{"line":154,"column":23},"end":{"line":154,"column":24}},"loc":{"start":{"line":154,"column":34},"end":{"line":182,"column":3}},"line":154}},"branchMap":{"0":{"loc":{"start":{"line":121,"column":2},"end":{"line":123,"column":3}},"type":"if","locations":[{"start":{"line":121,"column":2},"end":{"line":123,"column":3}},{"start":{},"end":{}}],"line":121},"1":{"loc":{"start":{"line":144,"column":4},"end":{"line":151,"column":5}},"type":"if","locations":[{"start":{"line":144,"column":4},"end":{"line":151,"column":5}},{"start":{"line":146,"column":11},"end":{"line":151,"column":5}}],"line":144},"2":{"loc":{"start":{"line":146,"column":11},"end":{"line":151,"column":5}},"type":"if","locations":[{"start":{"line":146,"column":11},"end":{"line":151,"column":5}},{"start":{"line":148,"column":11},"end":{"line":151,"column":5}}],"line":146},"3":{"loc":{"start":{"line":150,"column":6},"end":{"line":150,"column":91}},"type":"cond-expr","locations":[{"start":{"line":150,"column":28},"end":{"line":150,"column":59}},{"start":{"line":150,"column":62},"end":{"line":150,"column":91}}],"line":150},"4":{"loc":{"start":{"line":156,"column":4},"end":{"line":156,"column":50}},"type":"binary-expr","locations":[{"start":{"line":156,"column":4},"end":{"line":156,"column":21}},{"start":{"line":156,"column":25},"end":{"line":156,"column":50}}],"line":156},"5":{"loc":{"start":{"line":157,"column":21},"end":{"line":157,"column":62}},"type":"cond-expr","locations":[{"start":{"line":157,"column":45},"end":{"line":157,"column":53}},{"start":{"line":157,"column":56},"end":{"line":157,"column":62}}],"line":157},"6":{"loc":{"start":{"line":161,"column":4},"end":{"line":164,"column":3}},"type":"if","locations":[{"start":{"line":161,"column":4},"end":{"line":164,"column":3}},{"start":{},"end":{}}],"line":161},"7":{"loc":{"start":{"line":171,"column":4},"end":{"line":177,"column":5}},"type":"if","locations":[{"start":{"line":171,"column":4},"end":{"line":177,"column":5}},{"start":{"line":173,"column":11},"end":{"line":177,"column":5}}],"line":171},"8":{"loc":{"start":{"line":173,"column":11},"end":{"line":177,"column":5}},"type":"if","locations":[{"start":{"line":173,"column":11},"end":{"line":177,"column":5}},{"start":{},"end":{}}],"line":173},"9":{"loc":{"start":{"line":189,"column":5},"end":{"line":210,"column":13}},"type":"cond-expr","locations":[{"start":{"line":189,"column":19},"end":{"line":189,"column":99}},{"start":{"line":190,"column":4},"end":{"line":210,"column":13}}],"line":189},"10":{"loc":{"start":{"line":192,"column":5},"end":{"line":192,"column":185}},"type":"cond-expr","locations":[{"start":{"line":192,"column":27},"end":{"line":192,"column":94}},{"start":{"line":192,"column":97},"end":{"line":192,"column":185}}],"line":192},"11":{"loc":{"start":{"line":200,"column":126},"end":{"line":200,"column":165}},"type":"cond-expr","locations":[{"start":{"line":200,"column":148},"end":{"line":200,"column":156}},{"start":{"line":200,"column":159},"end":{"line":200,"column":165}}],"line":200},"12":{"loc":{"start":{"line":201,"column":7},"end":{"line":206,"column":20}},"type":"binary-expr","locations":[{"start":{"line":201,"column":7},"end":{"line":201,"column":24}},{"start":{"line":201,"column":28},"end":{"line":206,"column":20}}],"line":201},"13":{"loc":{"start":{"line":209,"column":9},"end":{"line":209,"column":56}},"type":"binary-expr","locations":[{"start":{"line":209,"column":9},"end":{"line":209,"column":14}},{"start":{"line":209,"column":18},"end":{"line":209,"column":56}}],"line":209}},"s":{"0":1,"1":1,"2":1,"3":1,"4":1,"5":0,"6":1,"7":1,"8":1,"9":1,"10":0,"11":0,"12":0,"13":0,"14":0,"15":0,"16":0,"17":0,"18":0,"19":0,"20":0,"21":0,"22":0,"23":0,"24":0,"25":0,"26":0,"27":0,"28":0,"29":0,"30":0,"31":0,"32":0,"33":0,"34":0,"35":0,"36":0,"37":0,"38":0,"39":0,"40":0,"41":0,"42":0,"43":0,"44":0,"45":0,"46":0,"47":0,"48":0,"49":0,"50":0,"51":0,"52":0,"53":0},"f":{"0":0,"1":0,"2":0,"3":0,"4":0},"b":{"0":[0,0],"1":[0,0],"2":[0,0],"3":[0,0],"4":[0,0],"5":[0,0],"6":[0,0],"7":[0,0],"8":[0,0],"9":[0,0],"10":[0,0],"11":[0,0],"12":[0,0],"13":[0,0]},"_coverageSchema":"1a1c01bbd47fc00a2c39e90264f33305004495a9","hash":"8595dc1800d54cbff7f722d8de7976dd5174640f"}
,"/Users/saivemireddy/FEC/FEC/client/src/Components/Shared/ModalWindow.jsx": {"path":"/Users/saivemireddy/FEC/FEC/client/src/Components/Shared/ModalWindow.jsx","statementMap":{"0":{"start":{"line":5,"column":32},"end":{"line":5,"column":58}},"1":{"start":{"line":6,"column":27},"end":{"line":6,"column":48}},"2":{"start":{"line":7,"column":29},"end":{"line":7,"column":52}},"3":{"start":{"line":8,"column":28},"end":{"line":8,"column":50}},"4":{"start":{"line":17,"column":8},"end":{"line":17,"column":18}},"5":{"start":{"line":21,"column":4},"end":{"line":29,"column":6}}},"fnMap":{"0":{"name":"ModalWindow","decl":{"start":{"line":10,"column":24},"end":{"line":10,"column":35}},"loc":{"start":{"line":10,"column":43},"end":{"line":30,"column":1}},"line":10}},"branchMap":{},"s":{"0":1,"1":1,"2":1,"3":1,"4":0,"5":0},"f":{"0":0},"b":{},"_coverageSchema":"1a1c01bbd47fc00a2c39e90264f33305004495a9","hash":"a4dc880a4e61b2345d8fecb1aca5708245d55c0d"}
,"/Users/saivemireddy/FEC/FEC/client/src/Components/Shared/ModalWindowImpl.jsx": {"path":"/Users/saivemireddy/FEC/FEC/client/src/Components/Shared/ModalWindowImpl.jsx","statementMap":{"0":{"start":{"line":8,"column":14},"end":{"line":17,"column":1}},"1":{"start":{"line":10,"column":30},"end":{"line":10,"column":53}},"2":{"start":{"line":20,"column":18},"end":{"line":57,"column":1}},"3":{"start":{"line":22,"column":35},"end":{"line":22,"column":78}},"4":{"start":{"line":31,"column":4},"end":{"line":36,"column":14}},"5":{"start":{"line":39,"column":4},"end":{"line":44,"column":14}},"6":{"start":{"line":47,"column":4},"end":{"line":52,"column":14}},"7":{"start":{"line":59,"column":15},"end":{"line":68,"column":1}},"8":{"start":{"line":61,"column":31},"end":{"line":61,"column":58}},"9":{"start":{"line":70,"column":14},"end":{"line":75,"column":1}},"10":{"start":{"line":77,"column":13},"end":{"line":84,"column":1}},"11":{"start":{"line":86,"column":18},"end":{"line":91,"column":1}},"12":{"start":{"line":100,"column":6},"end":{"line":100,"column":18}},"13":{"start":{"line":102,"column":22},"end":{"line":102,"column":46}},"14":{"start":{"line":102,"column":28},"end":{"line":102,"column":46}},"15":{"start":{"line":104,"column":21},"end":{"line":112,"column":3}},"16":{"start":{"line":105,"column":4},"end":{"line":111,"column":5}},"17":{"start":{"line":106,"column":6},"end":{"line":108,"column":13}},"18":{"start":{"line":110,"column":6},"end":{"line":110,"column":80}},"19":{"start":{"line":115,"column":2},"end":{"line":115,"column":32}},"20":{"start":{"line":116,"column":2},"end":{"line":132,"column":4}}},"fnMap":{"0":{"name":"(anonymous_0)","decl":{"start":{"line":10,"column":15},"end":{"line":10,"column":16}},"loc":{"start":{"line":10,"column":30},"end":{"line":10,"column":53}},"line":10},"1":{"name":"(anonymous_1)","decl":{"start":{"line":22,"column":19},"end":{"line":22,"column":20}},"loc":{"start":{"line":22,"column":35},"end":{"line":22,"column":78}},"line":22},"2":{"name":"(anonymous_2)","decl":{"start":{"line":30,"column":11},"end":{"line":30,"column":12}},"loc":{"start":{"line":31,"column":4},"end":{"line":36,"column":14}},"line":31},"3":{"name":"(anonymous_3)","decl":{"start":{"line":38,"column":12},"end":{"line":38,"column":13}},"loc":{"start":{"line":39,"column":4},"end":{"line":44,"column":14}},"line":39},"4":{"name":"(anonymous_4)","decl":{"start":{"line":46,"column":17},"end":{"line":46,"column":18}},"loc":{"start":{"line":47,"column":4},"end":{"line":52,"column":14}},"line":47},"5":{"name":"(anonymous_5)","decl":{"start":{"line":61,"column":13},"end":{"line":61,"column":14}},"loc":{"start":{"line":61,"column":31},"end":{"line":61,"column":58}},"line":61},"6":{"name":"ModalWindowImpl","decl":{"start":{"line":93,"column":24},"end":{"line":93,"column":39}},"loc":{"start":{"line":93,"column":47},"end":{"line":133,"column":1}},"line":93},"7":{"name":"(anonymous_7)","decl":{"start":{"line":102,"column":22},"end":{"line":102,"column":23}},"loc":{"start":{"line":102,"column":28},"end":{"line":102,"column":46}},"line":102},"8":{"name":"(anonymous_8)","decl":{"start":{"line":104,"column":21},"end":{"line":104,"column":22}},"loc":{"start":{"line":104,"column":32},"end":{"line":112,"column":3}},"line":104}},"branchMap":{"0":{"loc":{"start":{"line":10,"column":30},"end":{"line":10,"column":53}},"type":"cond-expr","locations":[{"start":{"line":10,"column":37},"end":{"line":10,"column":44}},{"start":{"line":10,"column":47},"end":{"line":10,"column":53}}],"line":10},"1":{"loc":{"start":{"line":22,"column":35},"end":{"line":22,"column":78}},"type":"cond-expr","locations":[{"start":{"line":22,"column":55},"end":{"line":22,"column":68}},{"start":{"line":22,"column":71},"end":{"line":22,"column":78}}],"line":22},"2":{"loc":{"start":{"line":61,"column":31},"end":{"line":61,"column":58}},"type":"cond-expr","locations":[{"start":{"line":61,"column":41},"end":{"line":61,"column":48}},{"start":{"line":61,"column":51},"end":{"line":61,"column":58}}],"line":61},"3":{"loc":{"start":{"line":105,"column":4},"end":{"line":111,"column":5}},"type":"if","locations":[{"start":{"line":105,"column":4},"end":{"line":111,"column":5}},{"start":{"line":109,"column":11},"end":{"line":111,"column":5}}],"line":105},"4":{"loc":{"start":{"line":105,"column":8},"end":{"line":105,"column":49}},"type":"binary-expr","locations":[{"start":{"line":105,"column":8},"end":{"line":105,"column":28}},{"start":{"line":105,"column":31},"end":{"line":105,"column":49}}],"line":105}},"s":{"0":1,"1":0,"2":1,"3":0,"4":0,"5":0,"6":0,"7":1,"8":0,"9":1,"10":1,"11":1,"12":0,"13":0,"14":0,"15":0,"16":0,"17":0,"18":0,"19":0,"20":0},"f":{"0":0,"1":0,"2":0,"3":0,"4":0,"5":0,"6":0,"7":0,"8":0},"b":{"0":[0,0],"1":[0,0],"2":[0,0],"3":[0,0],"4":[0,0]},"_coverageSchema":"1a1c01bbd47fc00a2c39e90264f33305004495a9","hash":"22cb17952c6ead262f3e70ad828c9c0eae51a025"}
,"/Users/saivemireddy/FEC/FEC/client/src/Components/Shared/MoreButton.jsx": {"path":"/Users/saivemireddy/FEC/FEC/client/src/Components/Shared/MoreButton.jsx","statementMap":{"0":{"start":{"line":4,"column":20},"end":{"line":12,"column":1}},"1":{"start":{"line":34,"column":22},"end":{"line":40,"column":3}},"2":{"start":{"line":36,"column":4},"end":{"line":36,"column":27}},"3":{"start":{"line":37,"column":4},"end":{"line":38,"column":27}},"4":{"start":{"line":39,"column":4},"end":{"line":39,"column":16}},"5":{"start":{"line":42,"column":2},"end":{"line":46,"column":4}}},"fnMap":{"0":{"name":"MoreButton","decl":{"start":{"line":33,"column":24},"end":{"line":33,"column":34}},"loc":{"start":{"line":33,"column":96},"end":{"line":47,"column":1}},"line":33},"1":{"name":"(anonymous_1)","decl":{"start":{"line":34,"column":22},"end":{"line":34,"column":23}},"loc":{"start":{"line":34,"column":33},"end":{"line":40,"column":3}},"line":34}},"branchMap":{"0":{"loc":{"start":{"line":37,"column":4},"end":{"line":38,"column":27}},"type":"cond-expr","locations":[{"start":{"line":37,"column":13},"end":{"line":37,"column":34}},{"start":{"line":38,"column":4},"end":{"line":38,"column":27}}],"line":37},"1":{"loc":{"start":{"line":38,"column":4},"end":{"line":38,"column":27}},"type":"binary-expr","locations":[{"start":{"line":38,"column":4},"end":{"line":38,"column":8}},{"start":{"line":38,"column":12},"end":{"line":38,"column":27}}],"line":38}},"s":{"0":2,"1":6,"2":2,"3":2,"4":2,"5":6},"f":{"0":6,"1":2},"b":{"0":[0,2],"1":[2,0]},"_coverageSchema":"1a1c01bbd47fc00a2c39e90264f33305004495a9","hash":"7dce3a5d1f7de565a076746c2d9fe8a021e8d678"}
,"/Users/saivemireddy/FEC/FEC/client/src/Components/Shared/StarHandler.jsx": {"path":"/Users/saivemireddy/FEC/FEC/client/src/Components/Shared/StarHandler.jsx","statementMap":{"0":{"start":{"line":14,"column":26},"end":{"line":19,"column":1}},"1":{"start":{"line":22,"column":21},"end":{"line":25,"column":1}},"2":{"start":{"line":26,"column":20},"end":{"line":31,"column":1}},"3":{"start":{"line":39,"column":40},"end":{"line":39,"column":52}},"4":{"start":{"line":40,"column":21},"end":{"line":40,"column":23}},"5":{"start":{"line":41,"column":16},"end":{"line":41,"column":18}},"6":{"start":{"line":42,"column":28},"end":{"line":46,"column":3}},"7":{"start":{"line":43,"column":4},"end":{"line":45,"column":40}},"8":{"start":{"line":44,"column":24},"end":{"line":44,"column":74}},"9":{"start":{"line":45,"column":22},"end":{"line":45,"column":38}},"10":{"start":{"line":49,"column":2},"end":{"line":50,"column":24}},"11":{"start":{"line":49,"column":20},"end":{"line":49,"column":62}},"12":{"start":{"line":49,"column":41},"end":{"line":49,"column":61}},"13":{"start":{"line":52,"column":24},"end":{"line":82,"column":3}},"14":{"start":{"line":53,"column":12},"end":{"line":53,"column":13}},"15":{"start":{"line":54,"column":4},"end":{"line":61,"column":5}},"16":{"start":{"line":56,"column":6},"end":{"line":59,"column":24}},"17":{"start":{"line":60,"column":6},"end":{"line":60,"column":13}},"18":{"start":{"line":62,"column":4},"end":{"line":75,"column":5}},"19":{"start":{"line":64,"column":6},"end":{"line":66,"column":25}},"20":{"start":{"line":70,"column":11},"end":{"line":75,"column":5}},"21":{"start":{"line":71,"column":6},"end":{"line":74,"column":25}},"22":{"start":{"line":76,"column":4},"end":{"line":80,"column":5}},"23":{"start":{"line":77,"column":6},"end":{"line":79,"column":9}},"24":{"start":{"line":84,"column":2},"end":{"line":109,"column":3}},"25":{"start":{"line":85,"column":4},"end":{"line":85,"column":28}},"26":{"start":{"line":87,"column":23},"end":{"line":107,"column":5}},"27":{"start":{"line":89,"column":16},"end":{"line":89,"column":17}},"28":{"start":{"line":90,"column":18},"end":{"line":90,"column":19}},"29":{"start":{"line":91,"column":6},"end":{"line":94,"column":7}},"30":{"start":{"line":91,"column":19},"end":{"line":91,"column":20}},"31":{"start":{"line":92,"column":8},"end":{"line":92,"column":55}},"32":{"start":{"line":93,"column":8},"end":{"line":93,"column":43}},"33":{"start":{"line":95,"column":20},"end":{"line":95,"column":31}},"34":{"start":{"line":96,"column":6},"end":{"line":106,"column":7}},"35":{"start":{"line":97,"column":8},"end":{"line":97,"column":27}},"36":{"start":{"line":99,"column":8},"end":{"line":99,"column":46}},"37":{"start":{"line":100,"column":8},"end":{"line":100,"column":42}},"38":{"start":{"line":101,"column":8},"end":{"line":101,"column":35}},"39":{"start":{"line":105,"column":8},"end":{"line":105,"column":30}},"40":{"start":{"line":108,"column":4},"end":{"line":108,"column":17}},"41":{"start":{"line":111,"column":2},"end":{"line":122,"column":4}},"42":{"start":{"line":116,"column":8},"end":{"line":118,"column":12}}},"fnMap":{"0":{"name":"StarHandler","decl":{"start":{"line":34,"column":24},"end":{"line":34,"column":35}},"loc":{"start":{"line":34,"column":70},"end":{"line":123,"column":1}},"line":34},"1":{"name":"(anonymous_1)","decl":{"start":{"line":42,"column":28},"end":{"line":42,"column":29}},"loc":{"start":{"line":42,"column":34},"end":{"line":46,"column":3}},"line":42},"2":{"name":"(anonymous_2)","decl":{"start":{"line":44,"column":12},"end":{"line":44,"column":13}},"loc":{"start":{"line":44,"column":22},"end":{"line":44,"column":76}},"line":44},"3":{"name":"(anonymous_3)","decl":{"start":{"line":45,"column":13},"end":{"line":45,"column":14}},"loc":{"start":{"line":45,"column":22},"end":{"line":45,"column":38}},"line":45},"4":{"name":"(anonymous_4)","decl":{"start":{"line":49,"column":12},"end":{"line":49,"column":13}},"loc":{"start":{"line":49,"column":18},"end":{"line":50,"column":3}},"line":49},"5":{"name":"(anonymous_5)","decl":{"start":{"line":52,"column":24},"end":{"line":52,"column":25}},"loc":{"start":{"line":52,"column":37},"end":{"line":82,"column":3}},"line":52},"6":{"name":"(anonymous_6)","decl":{"start":{"line":87,"column":23},"end":{"line":87,"column":24}},"loc":{"start":{"line":87,"column":29},"end":{"line":107,"column":5}},"line":87},"7":{"name":"(anonymous_7)","decl":{"start":{"line":115,"column":46},"end":{"line":115,"column":47}},"loc":{"start":{"line":116,"column":8},"end":{"line":118,"column":12}},"line":116}},"branchMap":{"0":{"loc":{"start":{"line":49,"column":20},"end":{"line":49,"column":62}},"type":"if","locations":[{"start":{"line":49,"column":20},"end":{"line":49,"column":62}},{"start":{},"end":{}}],"line":49},"1":{"loc":{"start":{"line":62,"column":4},"end":{"line":75,"column":5}},"type":"if","locations":[{"start":{"line":62,"column":4},"end":{"line":75,"column":5}},{"start":{"line":70,"column":11},"end":{"line":75,"column":5}}],"line":62},"2":{"loc":{"start":{"line":62,"column":8},"end":{"line":62,"column":42}},"type":"binary-expr","locations":[{"start":{"line":62,"column":8},"end":{"line":62,"column":23}},{"start":{"line":62,"column":27},"end":{"line":62,"column":42}}],"line":62},"3":{"loc":{"start":{"line":70,"column":11},"end":{"line":75,"column":5}},"type":"if","locations":[{"start":{"line":70,"column":11},"end":{"line":75,"column":5}},{"start":{},"end":{}}],"line":70},"4":{"loc":{"start":{"line":84,"column":2},"end":{"line":109,"column":3}},"type":"if","locations":[{"start":{"line":84,"column":2},"end":{"line":109,"column":3}},{"start":{"line":86,"column":9},"end":{"line":109,"column":3}}],"line":84},"5":{"loc":{"start":{"line":96,"column":6},"end":{"line":106,"column":7}},"type":"if","locations":[{"start":{"line":96,"column":6},"end":{"line":106,"column":7}},{"start":{"line":98,"column":13},"end":{"line":106,"column":7}}],"line":96},"6":{"loc":{"start":{"line":113,"column":9},"end":{"line":113,"column":57}},"type":"cond-expr","locations":[{"start":{"line":113,"column":15},"end":{"line":113,"column":53}},{"start":{"line":113,"column":55},"end":{"line":113,"column":57}}],"line":113},"7":{"loc":{"start":{"line":115,"column":7},"end":{"line":119,"column":21}},"type":"cond-expr","locations":[{"start":{"line":115,"column":31},"end":{"line":119,"column":8}},{"start":{"line":119,"column":10},"end":{"line":119,"column":21}}],"line":115}},"s":{"0":1,"1":1,"2":1,"3":0,"4":0,"5":0,"6":0,"7":0,"8":0,"9":0,"10":0,"11":0,"12":0,"13":0,"14":0,"15":0,"16":0,"17":0,"18":0,"19":0,"20":0,"21":0,"22":0,"23":0,"24":0,"25":0,"26":0,"27":0,"28":0,"29":0,"30":0,"31":0,"32":0,"33":0,"34":0,"35":0,"36":0,"37":0,"38":0,"39":0,"40":0,"41":0,"42":0},"f":{"0":0,"1":0,"2":0,"3":0,"4":0,"5":0,"6":0,"7":0},"b":{"0":[0,0],"1":[0,0],"2":[0,0],"3":[0,0],"4":[0,0],"5":[0,0],"6":[0,0],"7":[0,0]},"_coverageSchema":"1a1c01bbd47fc00a2c39e90264f33305004495a9","hash":"c17c3656564c05a05b7ddaa1a598eea9773da8e0"}
,"/Users/saivemireddy/FEC/FEC/client/src/Components/Shared/blackStar.svg": {"path":"/Users/saivemireddy/FEC/FEC/client/src/Components/Shared/blackStar.svg","statementMap":{"0":{"start":{"line":1,"column":0},"end":{"line":1,"column":33}}},"fnMap":{},"branchMap":{},"s":{"0":1},"f":{},"b":{},"_coverageSchema":"1a1c01bbd47fc00a2c39e90264f33305004495a9","hash":"aec5fdb9c9d893c1eb8f69eb7771706091a6819b"}
,"/Users/saivemireddy/FEC/FEC/client/src/Components/Shared/halfStar.svg": {"path":"/Users/saivemireddy/FEC/FEC/client/src/Components/Shared/halfStar.svg","statementMap":{"0":{"start":{"line":1,"column":0},"end":{"line":1,"column":32}}},"fnMap":{},"branchMap":{},"s":{"0":1},"f":{},"b":{},"_coverageSchema":"1a1c01bbd47fc00a2c39e90264f33305004495a9","hash":"2c4b8c92507609f55f26d89ce95790817861d416"}
,"/Users/saivemireddy/FEC/FEC/client/src/Components/Shared/quarterStar.svg": {"path":"/Users/saivemireddy/FEC/FEC/client/src/Components/Shared/quarterStar.svg","statementMap":{"0":{"start":{"line":1,"column":0},"end":{"line":1,"column":35}}},"fnMap":{},"branchMap":{},"s":{"0":1},"f":{},"b":{},"_coverageSchema":"1a1c01bbd47fc00a2c39e90264f33305004495a9","hash":"434d49e3f706f5035c154ca737ed71661bfb8eba"}
,"/Users/saivemireddy/FEC/FEC/client/src/Components/Shared/starOutline.svg": {"path":"/Users/saivemireddy/FEC/FEC/client/src/Components/Shared/starOutline.svg","statementMap":{"0":{"start":{"line":1,"column":0},"end":{"line":1,"column":35}}},"fnMap":{},"branchMap":{},"s":{"0":1},"f":{},"b":{},"_coverageSchema":"1a1c01bbd47fc00a2c39e90264f33305004495a9","hash":"5aff24ac72ca9177ee940a4b3e5da384d6949fa7"}
,"/Users/saivemireddy/FEC/FEC/client/src/Components/Shared/validateForm.js": {"path":"/Users/saivemireddy/FEC/FEC/client/src/Components/Shared/validateForm.js","statementMap":{"0":{"start":{"line":3,"column":1},"end":{"line":7,"column":2}},"1":{"start":{"line":4,"column":2},"end":{"line":4,"column":28}},"2":{"start":{"line":5,"column":8},"end":{"line":7,"column":2}},"3":{"start":{"line":6,"column":2},"end":{"line":6,"column":53}},"4":{"start":{"line":10,"column":2},"end":{"line":10,"column":153}},"5":{"start":{"line":12,"column":1},"end":{"line":14,"column":2}},"6":{"start":{"line":13,"column":2},"end":{"line":13,"column":26}},"7":{"start":{"line":16,"column":1},"end":{"line":21,"column":2}},"8":{"start":{"line":17,"column":2},"end":{"line":20,"column":3}},"9":{"start":{"line":19,"column":3},"end":{"line":19,"column":71}},"10":{"start":{"line":23,"column":1},"end":{"line":23,"column":42}},"11":{"start":{"line":24,"column":1},"end":{"line":28,"column":2}},"12":{"start":{"line":25,"column":2},"end":{"line":25,"column":32}},"13":{"start":{"line":26,"column":8},"end":{"line":28,"column":2}},"14":{"start":{"line":27,"column":2},"end":{"line":27,"column":59}},"15":{"start":{"line":30,"column":1},"end":{"line":30,"column":13}}},"fnMap":{"0":{"name":"validateForm","decl":{"start":{"line":2,"column":24},"end":{"line":2,"column":36}},"loc":{"start":{"line":2,"column":66},"end":{"line":31,"column":1}},"line":2}},"branchMap":{"0":{"loc":{"start":{"line":3,"column":1},"end":{"line":7,"column":2}},"type":"if","locations":[{"start":{"line":3,"column":1},"end":{"line":7,"column":2}},{"start":{"line":5,"column":8},"end":{"line":7,"column":2}}],"line":3},"1":{"loc":{"start":{"line":5,"column":8},"end":{"line":7,"column":2}},"type":"if","locations":[{"start":{"line":5,"column":8},"end":{"line":7,"column":2}},{"start":{},"end":{}}],"line":5},"2":{"loc":{"start":{"line":12,"column":1},"end":{"line":14,"column":2}},"type":"if","locations":[{"start":{"line":12,"column":1},"end":{"line":14,"column":2}},{"start":{},"end":{}}],"line":12},"3":{"loc":{"start":{"line":16,"column":1},"end":{"line":21,"column":2}},"type":"if","locations":[{"start":{"line":16,"column":1},"end":{"line":21,"column":2}},{"start":{},"end":{}}],"line":16},"4":{"loc":{"start":{"line":17,"column":2},"end":{"line":20,"column":3}},"type":"if","locations":[{"start":{"line":17,"column":2},"end":{"line":20,"column":3}},{"start":{},"end":{}}],"line":17},"5":{"loc":{"start":{"line":24,"column":1},"end":{"line":28,"column":2}},"type":"if","locations":[{"start":{"line":24,"column":1},"end":{"line":28,"column":2}},{"start":{"line":26,"column":8},"end":{"line":28,"column":2}}],"line":24},"6":{"loc":{"start":{"line":26,"column":8},"end":{"line":28,"column":2}},"type":"if","locations":[{"start":{"line":26,"column":8},"end":{"line":28,"column":2}},{"start":{},"end":{}}],"line":26}},"s":{"0":0,"1":0,"2":0,"3":0,"4":0,"5":0,"6":0,"7":0,"8":0,"9":0,"10":0,"11":0,"12":0,"13":0,"14":0,"15":0},"f":{"0":0},"b":{"0":[0,0],"1":[0,0],"2":[0,0],"3":[0,0],"4":[0,0],"5":[0,0],"6":[0,0]},"_coverageSchema":"1a1c01bbd47fc00a2c39e90264f33305004495a9","hash":"64cfcc849ca21b2e9cbc3d490cba95a7d94d0458"}
,"/Users/saivemireddy/FEC/FEC/client/src/utils/helper.js": {"path":"/Users/saivemireddy/FEC/FEC/client/src/utils/helper.js","statementMap":{"0":{"start":{"line":10,"column":6},"end":{"line":12,"column":7}},"1":{"start":{"line":11,"column":8},"end":{"line":11,"column":17}},"2":{"start":{"line":13,"column":6},"end":{"line":15,"column":7}},"3":{"start":{"line":14,"column":8},"end":{"line":14,"column":18}},"4":{"start":{"line":16,"column":6},"end":{"line":16,"column":15}},"5":{"start":{"line":19,"column":4},"end":{"line":19,"column":24}},"6":{"start":{"line":21,"column":4},"end":{"line":21,"column":14}},"7":{"start":{"line":26,"column":4},"end":{"line":26,"column":47}},"8":{"start":{"line":29,"column":16},"end":{"line":29,"column":44}},"9":{"start":{"line":30,"column":6},"end":{"line":37,"column":9}},"10":{"start":{"line":32,"column":8},"end":{"line":32,"column":60}},"11":{"start":{"line":33,"column":8},"end":{"line":33,"column":13}},"12":{"start":{"line":36,"column":8},"end":{"line":36,"column":54}},"13":{"start":{"line":41,"column":4},"end":{"line":41,"column":49}},"14":{"start":{"line":42,"column":14},"end":{"line":42,"column":43}},"15":{"start":{"line":43,"column":4},"end":{"line":49,"column":9}},"16":{"start":{"line":45,"column":8},"end":{"line":45,"column":60}},"17":{"start":{"line":48,"column":8},"end":{"line":48,"column":54}}},"fnMap":{"0":{"name":"sortResults","decl":{"start":{"line":6,"column":18},"end":{"line":6,"column":29}},"loc":{"start":{"line":6,"column":51},"end":{"line":22,"column":3}},"line":6},"1":{"name":"compare","decl":{"start":{"line":9,"column":13},"end":{"line":9,"column":20}},"loc":{"start":{"line":9,"column":27},"end":{"line":17,"column":5}},"line":9},"2":{"name":"imcrementVote","decl":{"start":{"line":25,"column":18},"end":{"line":25,"column":31}},"loc":{"start":{"line":25,"column":51},"end":{"line":38,"column":3}},"line":25},"3":{"name":"(anonymous_3)","decl":{"start":{"line":31,"column":12},"end":{"line":31,"column":13}},"loc":{"start":{"line":31,"column":26},"end":{"line":34,"column":7}},"line":31},"4":{"name":"(anonymous_4)","decl":{"start":{"line":35,"column":13},"end":{"line":35,"column":14}},"loc":{"start":{"line":35,"column":24},"end":{"line":37,"column":7}},"line":35},"5":{"name":"report","decl":{"start":{"line":40,"column":18},"end":{"line":40,"column":24}},"loc":{"start":{"line":40,"column":41},"end":{"line":50,"column":3}},"line":40},"6":{"name":"(anonymous_6)","decl":{"start":{"line":44,"column":12},"end":{"line":44,"column":13}},"loc":{"start":{"line":44,"column":26},"end":{"line":46,"column":7}},"line":44},"7":{"name":"(anonymous_7)","decl":{"start":{"line":47,"column":13},"end":{"line":47,"column":14}},"loc":{"start":{"line":47,"column":24},"end":{"line":49,"column":7}},"line":47}},"branchMap":{"0":{"loc":{"start":{"line":10,"column":6},"end":{"line":12,"column":7}},"type":"if","locations":[{"start":{"line":10,"column":6},"end":{"line":12,"column":7}},{"start":{},"end":{}}],"line":10},"1":{"loc":{"start":{"line":13,"column":6},"end":{"line":15,"column":7}},"type":"if","locations":[{"start":{"line":13,"column":6},"end":{"line":15,"column":7}},{"start":{},"end":{}}],"line":13}},"s":{"0":0,"1":0,"2":0,"3":0,"4":0,"5":0,"6":0,"7":0,"8":0,"9":0,"10":0,"11":0,"12":0,"13":0,"14":0,"15":0,"16":0,"17":0},"f":{"0":0,"1":0,"2":0,"3":0,"4":0,"5":0,"6":0,"7":0},"b":{"0":[0,0],"1":[0,0]},"_coverageSchema":"1a1c01bbd47fc00a2c39e90264f33305004495a9","hash":"256d064fe46f1c81357a392c4fa88237f64b58dc"}
}
