TN:
SF:config.js
FNF:0
FNH:0
DA:1,3
LF:1
LH:1
BRF:0
BRH:0
end_of_record
TN:
SF:client/src/Components/ProductDetails/ProductDetails.jsx
FN:75,ProductDetails
FN:78,(anonymous_1)
FN:81,(anonymous_2)
FN:87,(anonymous_3)
FNF:4
FNH:2
FNDA:1,ProductDetails
FNDA:1,(anonymous_1)
FNDA:0,(anonymous_2)
FNDA:0,(anonymous_3)
DA:11,1
DA:26,1
DA:35,1
DA:42,1
DA:49,1
DA:55,1
DA:61,1
DA:67,1
DA:76,1
DA:77,1
DA:78,1
DA:79,1
DA:80,0
DA:82,0
DA:87,1
DA:88,0
DA:90,1
LF:17
LH:14
BRDA:79,0,0,0
BRDA:79,0,1,1
BRF:2
BRH:1
end_of_record
TN:
SF:client/src/Components/ProductDetails/StyleButtonEntry.jsx
FN:16,StyleButtonEntry
FN:19,(anonymous_1)
FNF:2
FNH:0
FNDA:0,StyleButtonEntry
FNDA:0,(anonymous_1)
DA:5,1
DA:10,1
DA:17,0
DA:19,0
LF:4
LH:2
BRF:0
BRH:0
end_of_record
TN:
SF:client/src/Components/ProductDetails/StyleButtons.jsx
FN:10,StyleButtons
FN:13,(anonymous_1)
FNF:2
FNH:1
FNDA:1,StyleButtons
FNDA:0,(anonymous_1)
DA:6,1
DA:11,1
DA:14,0
LF:3
LH:2
BRF:0
BRH:0
end_of_record
TN:
SF:client/src/Components/ProductDetails/StyleDropdowns.jsx
FN:99,StyleDropdowns
FN:107,(anonymous_1)
FN:110,(anonymous_2)
FN:111,(anonymous_3)
FN:120,(anonymous_4)
FN:131,(anonymous_5)
FN:141,(anonymous_6)
FN:147,(anonymous_7)
FN:147,(anonymous_8)
FN:153,(anonymous_9)
FN:159,(anonymous_10)
FN:159,(anonymous_11)
FN:165,(anonymous_12)
FNF:13
FNH:6
FNDA:4,StyleDropdowns
FNDA:2,(anonymous_1)
FNDA:6,(anonymous_2)
FNDA:6,(anonymous_3)
FNDA:0,(anonymous_4)
FNDA:0,(anonymous_5)
FNDA:1,(anonymous_6)
FNDA:6,(anonymous_7)
FNDA:0,(anonymous_8)
FNDA:0,(anonymous_9)
FNDA:0,(anonymous_10)
FNDA:0,(anonymous_11)
FNDA:0,(anonymous_12)
DA:5,1
DA:13,1
DA:24,1
DA:28,1
DA:36,1
DA:39,1
DA:42,1
DA:53,1
DA:57,1
DA:65,1
DA:68,1
DA:71,1
DA:81,1
DA:86,1
DA:100,4
DA:101,4
DA:102,4
DA:103,4
DA:104,4
DA:105,4
DA:107,4
DA:108,2
DA:109,1
DA:110,6
DA:111,6
DA:112,1
DA:113,1
DA:114,1
DA:115,1
DA:116,1
DA:120,4
DA:121,0
DA:122,0
DA:123,0
DA:124,0
DA:125,0
DA:128,0
DA:131,4
DA:133,0
DA:134,0
DA:135,0
DA:138,4
DA:141,1
DA:147,6
DA:153,0
DA:159,0
DA:165,0
LF:47
LH:35
BRDA:108,0,0,1
BRDA:108,0,1,1
BRDA:108,1,0,2
BRDA:108,1,1,2
BRDA:124,2,0,0
BRDA:124,2,1,0
BRDA:133,3,0,0
BRDA:133,3,1,0
BRDA:144,4,0,4
BRDA:144,4,1,1
BRDA:153,5,0,0
BRDA:153,5,1,0
BRDA:156,6,0,4
BRDA:156,6,1,0
BRF:14
BRH:7
end_of_record
TN:
SF:client/src/Components/ProductDetails/StyleImage.jsx
FN:59,(anonymous_0)
FN:81,(anonymous_1)
FN:94,(anonymous_2)
FN:109,(anonymous_3)
FN:123,(anonymous_4)
FN:138,StyleImage
FN:147,(anonymous_6)
FN:151,(anonymous_7)
FN:154,(anonymous_8)
FN:157,(anonymous_9)
FN:160,(anonymous_10)
FN:167,(anonymous_11)
FN:173,(anonymous_12)
FN:188,(anonymous_13)
FN:192,(anonymous_14)
FN:197,(anonymous_15)
FN:202,(anonymous_16)
FN:206,(anonymous_17)
FNF:18
FNH:4
FNDA:1,(anonymous_0)
FNDA:1,(anonymous_1)
FNDA:0,(anonymous_2)
FNDA:0,(anonymous_3)
FNDA:0,(anonymous_4)
FNDA:1,StyleImage
FNDA:0,(anonymous_6)
FNDA:0,(anonymous_7)
FNDA:0,(anonymous_8)
FNDA:1,(anonymous_9)
FNDA:0,(anonymous_10)
FNDA:0,(anonymous_11)
FNDA:0,(anonymous_12)
FNDA:0,(anonymous_13)
FNDA:0,(anonymous_14)
FNDA:0,(anonymous_15)
FNDA:0,(anonymous_16)
FNDA:0,(anonymous_17)
DA:10,1
DA:21,1
DA:30,1
DA:44,1
DA:48,1
DA:59,1
DA:66,1
DA:70,1
DA:81,1
DA:87,1
DA:92,1
DA:94,0
DA:101,1
DA:106,1
DA:109,0
DA:116,1
DA:121,1
DA:123,0
DA:130,1
DA:139,1
DA:140,1
DA:141,1
DA:142,1
DA:143,1
DA:144,1
DA:145,1
DA:147,1
DA:148,0
DA:149,0
DA:151,1
DA:152,0
DA:154,1
DA:155,0
DA:157,1
DA:158,1
DA:159,0
DA:160,0
DA:161,0
DA:162,0
DA:163,0
DA:167,1
DA:168,0
DA:169,0
DA:170,0
DA:173,1
DA:174,0
DA:175,0
DA:176,0
DA:177,0
DA:178,0
DA:180,1
DA:188,0
DA:192,0
DA:197,0
DA:202,0
DA:206,0
LF:56
LH:31
BRDA:59,0,0,1
BRDA:59,0,1,1
BRDA:81,1,0,1
BRDA:81,1,1,1
BRDA:94,2,0,0
BRDA:94,2,1,0
BRDA:109,3,0,0
BRDA:109,3,1,0
BRDA:123,4,0,0
BRDA:123,4,1,0
BRDA:158,5,0,0
BRDA:158,5,1,1
BRDA:158,6,0,1
BRDA:158,6,1,0
BRDA:191,7,0,1
BRDA:191,7,1,0
BRDA:196,8,0,1
BRDA:196,8,1,0
BRDA:201,9,0,1
BRDA:201,9,1,0
BRF:20
BRH:9
end_of_record
TN:
SF:client/src/Components/ProductDetails/StylePrice.jsx
FN:5,StylePrice
FNF:1
FNH:1
FNDA:2,StylePrice
DA:6,2
DA:7,2
DA:15,0
LF:3
LH:2
BRDA:6,0,0,2
BRDA:6,0,1,0
BRDA:6,1,0,2
BRDA:6,1,1,2
BRF:4
BRH:3
end_of_record
TN:
SF:client/src/Components/Questions/AnswerItem.jsx
FN:44,AnswerItem
FN:46,(anonymous_1)
FN:50,(anonymous_2)
FNF:3
FNH:0
FNDA:0,AnswerItem
FNDA:0,(anonymous_1)
FNDA:0,(anonymous_2)
DA:7,1
DA:21,1
DA:29,1
DA:38,1
DA:46,0
DA:47,0
DA:50,0
DA:51,0
DA:56,0
LF:9
LH:4
BRF:0
BRH:0
end_of_record
TN:
SF:client/src/Components/Questions/PhotoGallery.jsx
FN:58,PhotoGallery
FN:62,(anonymous_1)
FN:68,(anonymous_2)
FN:72,(anonymous_3)
FN:81,(anonymous_4)
FN:82,(anonymous_5)
FN:83,(anonymous_6)
FN:84,(anonymous_7)
FN:85,(anonymous_8)
FNF:9
FNH:0
FNDA:0,PhotoGallery
FNDA:0,(anonymous_1)
FNDA:0,(anonymous_2)
FNDA:0,(anonymous_3)
FNDA:0,(anonymous_4)
FNDA:0,(anonymous_5)
FNDA:0,(anonymous_6)
FNDA:0,(anonymous_7)
FNDA:0,(anonymous_8)
DA:8,1
DA:21,1
DA:28,1
DA:35,1
DA:42,1
DA:49,1
DA:60,0
DA:62,0
DA:63,0
DA:66,0
DA:68,0
DA:69,0
DA:72,0
DA:73,0
DA:74,0
DA:75,0
DA:79,0
DA:81,0
DA:82,0
DA:83,0
DA:84,0
DA:85,0
LF:22
LH:6
BRDA:81,0,0,0
BRDA:81,0,1,0
BRDA:82,1,0,0
BRDA:82,1,1,0
BRDA:83,2,0,0
BRDA:83,2,1,0
BRDA:84,3,0,0
BRDA:84,3,1,0
BRDA:85,4,0,0
BRDA:85,4,1,0
BRF:10
BRH:0
end_of_record
TN:
SF:client/src/Components/Questions/QuestionItem.jsx
FN:65,QuestionsItem
FN:67,(anonymous_1)
FN:68,(anonymous_2)
FN:86,(anonymous_3)
FN:103,(anonymous_4)
FN:119,(anonymous_5)
FNF:6
FNH:0
FNDA:0,QuestionsItem
FNDA:0,(anonymous_1)
FNDA:0,(anonymous_2)
FNDA:0,(anonymous_3)
FNDA:0,(anonymous_4)
FNDA:0,(anonymous_5)
DA:9,1
DA:24,1
DA:31,1
DA:40,1
DA:47,1
DA:55,1
DA:67,0
DA:68,0
DA:69,0
DA:70,0
DA:71,0
DA:72,0
DA:73,0
DA:75,0
DA:76,0
DA:82,0
DA:83,0
DA:84,0
DA:86,0
DA:87,0
DA:88,0
DA:89,0
DA:91,0
DA:92,0
DA:93,0
DA:95,0
DA:96,0
DA:99,0
DA:103,0
DA:104,0
DA:107,0
DA:121,0
LF:32
LH:6
BRDA:70,0,0,0
BRDA:70,0,1,0
BRDA:91,1,0,0
BRDA:91,1,1,0
BRDA:92,2,0,0
BRDA:92,2,1,0
BRDA:124,3,0,0
BRDA:124,3,1,0
BRF:8
BRH:0
end_of_record
TN:
SF:client/src/Components/Questions/Questions.jsx
FN:67,Questions
FN:73,(anonymous_1)
FN:78,(anonymous_2)
FN:80,(anonymous_3)
FN:91,(anonymous_4)
FN:113,(anonymous_5)
FN:117,(anonymous_6)
FN:122,(anonymous_7)
FN:138,(anonymous_8)
FN:139,(anonymous_9)
FN:154,(anonymous_10)
FNF:11
FNH:0
FNDA:0,Questions
FNDA:0,(anonymous_1)
FNDA:0,(anonymous_2)
FNDA:0,(anonymous_3)
FNDA:0,(anonymous_4)
FNDA:0,(anonymous_5)
FNDA:0,(anonymous_6)
FNDA:0,(anonymous_7)
FNDA:0,(anonymous_8)
FNDA:0,(anonymous_9)
FNDA:0,(anonymous_10)
DA:14,1
DA:32,1
DA:38,1
DA:43,1
DA:55,1
DA:61,1
DA:69,0
DA:70,0
DA:71,0
DA:73,0
DA:74,0
DA:78,0
DA:79,0
DA:81,0
DA:82,0
DA:83,0
DA:84,0
DA:92,0
DA:113,0
DA:115,0
DA:116,0
DA:117,0
DA:118,0
DA:120,0
DA:122,0
DA:123,0
DA:124,0
DA:126,0
DA:127,0
DA:134,0
DA:138,0
DA:139,0
DA:140,0
DA:144,0
DA:154,0
LF:35
LH:6
BRDA:83,0,0,0
BRDA:83,0,1,0
BRDA:118,1,0,0
BRDA:118,1,1,0
BRDA:123,2,0,0
BRDA:123,2,1,0
BRDA:124,3,0,0
BRDA:124,3,1,0
BRDA:154,4,0,0
BRDA:154,4,1,0
BRDA:156,5,0,0
BRDA:156,5,1,0
BRF:12
BRH:0
end_of_record
TN:
SF:client/src/Components/Questions/SearchBar.jsx
FN:39,SearchBar
FN:42,(anonymous_1)
FN:54,(anonymous_2)
FNF:3
FNH:2
FNDA:3,SearchBar
FNDA:1,(anonymous_1)
FNDA:0,(anonymous_2)
DA:8,1
DA:21,1
DA:35,1
DA:40,3
DA:42,3
DA:44,1
DA:46,1
DA:48,1
DA:50,0
DA:54,3
DA:56,0
DA:57,0
DA:60,3
LF:13
LH:10
BRDA:46,0,0,1
BRDA:46,0,1,0
BRF:2
BRH:1
end_of_record
TN:
SF:client/src/Components/Reviews/CreateReview.jsx
FN:18,(anonymous_0)
FN:23,CreateReview
FNF:2
FNH:2
FNDA:1,(anonymous_0)
FNDA:1,CreateReview
DA:6,1
DA:18,1
DA:19,1
DA:26,1
LF:4
LH:4
BRF:0
BRH:0
end_of_record
TN:
SF:client/src/Components/Reviews/FilterBy.jsx
FN:7,FilterBy
FN:10,(anonymous_1)
FN:12,(anonymous_2)
FN:13,(anonymous_3)
FN:16,(anonymous_4)
FN:18,(anonymous_5)
FNF:6
FNH:2
FNDA:1,FilterBy
FNDA:0,(anonymous_1)
FNDA:0,(anonymous_2)
FNDA:0,(anonymous_3)
FNDA:1,(anonymous_4)
FNDA:0,(anonymous_5)
DA:10,1
DA:11,0
DA:12,0
DA:13,0
DA:16,1
DA:18,1
DA:19,1
DA:22,1
LF:8
LH:5
BRDA:16,0,0,0
BRDA:16,0,1,1
BRDA:23,1,0,0
BRDA:23,1,1,1
BRF:4
BRH:2
end_of_record
TN:
SF:client/src/Components/Reviews/FilterSelector.jsx
FN:4,FilterSelector
FN:6,(anonymous_1)
FNF:2
FNH:0
FNDA:0,FilterSelector
FNDA:0,(anonymous_1)
DA:5,0
DA:6,0
DA:7,0
DA:11,0
LF:4
LH:0
BRF:0
BRH:0
end_of_record
TN:
SF:client/src/Components/Reviews/ProductBreakdown.jsx
FN:45,ProductBreakdown
FN:50,(anonymous_1)
FN:52,(anonymous_2)
FN:53,(anonymous_3)
FN:56,(anonymous_4)
FNF:5
FNH:2
FNDA:1,ProductBreakdown
FNDA:0,(anonymous_1)
FNDA:0,(anonymous_2)
FNDA:0,(anonymous_3)
FNDA:1,(anonymous_4)
DA:7,1
DA:15,1
DA:26,1
DA:33,1
DA:47,1
DA:50,1
DA:51,0
DA:52,0
DA:53,0
DA:56,1
DA:59,1
DA:64,1
LF:12
LH:9
BRDA:56,0,0,0
BRDA:56,0,1,1
BRF:2
BRH:1
end_of_record
TN:
SF:client/src/Components/Reviews/RatingsBreakdown.jsx
FN:38,RatingsBreakdown
FN:42,(anonymous_1)
FN:44,(anonymous_2)
FN:45,(anonymous_3)
FN:48,(anonymous_4)
FNF:5
FNH:2
FNDA:1,RatingsBreakdown
FNDA:0,(anonymous_1)
FNDA:0,(anonymous_2)
FNDA:0,(anonymous_3)
FNDA:1,(anonymous_4)
DA:10,1
DA:19,1
DA:23,1
DA:26,1
DA:39,1
DA:40,1
DA:42,1
DA:43,0
DA:44,0
DA:45,0
DA:48,1
DA:57,1
LF:12
LH:9
BRDA:48,0,0,0
BRDA:48,0,1,1
BRDA:61,1,0,0
BRDA:61,1,1,1
BRF:4
BRH:2
end_of_record
TN:
SF:client/src/Components/Reviews/RatingsGraph.jsx
FN:48,RatingsGraph
FN:61,(anonymous_1)
FN:69,(anonymous_2)
FN:92,(anonymous_3)
FN:98,(anonymous_4)
FN:100,(anonymous_5)
FNF:6
FNH:1
FNDA:1,RatingsGraph
FNDA:0,(anonymous_1)
FNDA:0,(anonymous_2)
FNDA:0,(anonymous_3)
FNDA:0,(anonymous_4)
FNDA:0,(anonymous_5)
DA:6,1
DA:13,1
DA:20,1
DA:29,1
DA:37,1
DA:50,1
DA:59,1
DA:61,1
DA:62,0
DA:63,0
DA:64,0
DA:65,0
DA:67,0
DA:69,0
DA:71,0
DA:72,0
DA:73,0
DA:77,0
DA:80,0
DA:82,0
DA:91,1
DA:92,1
DA:93,0
DA:96,1
DA:99,0
DA:100,0
LF:26
LH:11
BRDA:71,0,0,0
BRDA:71,0,1,0
BRDA:80,1,0,0
BRDA:80,1,1,0
BRDA:101,2,0,0
BRDA:101,2,1,0
BRF:6
BRH:0
end_of_record
TN:
SF:client/src/Components/Reviews/ReviewItem.jsx
FN:94,(anonymous_0)
FN:101,ReviewItem
FN:124,(anonymous_2)
FNF:3
FNH:0
FNDA:0,(anonymous_0)
FNDA:0,ReviewItem
FNDA:0,(anonymous_2)
DA:6,1
DA:15,1
DA:23,1
DA:34,1
DA:50,1
DA:56,1
DA:62,1
DA:69,1
DA:76,1
DA:86,1
DA:94,1
DA:95,0
DA:96,0
DA:103,0
DA:125,0
LF:15
LH:11
BRDA:104,0,0,0
BRDA:104,0,1,0
BRDA:120,1,0,0
BRDA:120,1,1,0
BRDA:122,2,0,0
BRDA:122,2,1,0
BRDA:124,3,0,0
BRDA:124,3,1,0
BRF:8
BRH:0
end_of_record
TN:
SF:client/src/Components/Reviews/Reviews.jsx
FN:69,Reviews
FN:80,(anonymous_1)
FN:82,(anonymous_2)
FN:83,(anonymous_3)
FN:86,(anonymous_4)
FN:89,(anonymous_5)
FN:111,(anonymous_6)
FN:118,(anonymous_7)
FNF:8
FNH:2
FNDA:1,Reviews
FNDA:0,(anonymous_1)
FNDA:0,(anonymous_2)
FNDA:0,(anonymous_3)
FNDA:1,(anonymous_4)
FNDA:0,(anonymous_5)
FNDA:0,(anonymous_6)
FNDA:0,(anonymous_7)
DA:14,1
DA:29,1
DA:36,1
DA:43,1
DA:51,1
DA:60,1
DA:70,1
DA:71,1
DA:72,1
DA:73,1
DA:74,1
DA:75,1
DA:76,1
DA:79,1
DA:80,1
DA:81,0
DA:82,0
DA:83,0
DA:86,1
DA:89,1
DA:90,0
DA:93,1
DA:97,1
DA:112,0
DA:119,0
LF:25
LH:19
BRDA:86,0,0,0
BRDA:86,0,1,1
BRDA:111,1,0,0
BRDA:111,1,1,1
BRDA:111,2,0,1
BRDA:111,2,1,0
BRDA:128,3,0,0
BRDA:128,3,1,1
BRF:8
BRH:4
end_of_record
TN:
SF:client/src/Components/Shared/ModalWindow.jsx
FN:10,ModalWindow
FNF:1
FNH:0
FNDA:0,ModalWindow
DA:5,3
DA:6,3
DA:7,3
DA:8,3
DA:16,0
DA:18,0
LF:6
LH:4
BRF:0
BRH:0
end_of_record
TN:
SF:client/src/Components/Shared/ModalWindowImpl.jsx
FN:12,(anonymous_0)
FN:28,(anonymous_1)
FN:36,(anonymous_2)
FN:44,(anonymous_3)
FN:59,(anonymous_4)
FN:82,ConfirmationModalImpl
FN:92,(anonymous_6)
FNF:7
FNH:0
FNDA:0,(anonymous_0)
FNDA:0,(anonymous_1)
FNDA:0,(anonymous_2)
FNDA:0,(anonymous_3)
FNDA:0,(anonymous_4)
FNDA:0,ConfirmationModalImpl
FNDA:0,(anonymous_6)
DA:10,3
DA:12,0
DA:22,3
DA:29,0
DA:37,0
DA:45,0
DA:57,3
DA:59,0
DA:68,3
DA:75,3
DA:88,0
DA:92,0
DA:98,0
DA:99,0
LF:14
LH:5
BRDA:12,0,0,0
BRDA:12,0,1,0
BRDA:59,1,0,0
BRDA:59,1,1,0
BRF:4
BRH:0
end_of_record
TN:
SF:client/src/Components/Shared/MoreButton.jsx
FN:33,MoreButton
FN:34,(anonymous_1)
FNF:2
FNH:2
FNDA:6,MoreButton
FNDA:2,(anonymous_1)
DA:4,2
DA:34,6
DA:35,2
DA:36,2
DA:37,2
DA:39,2
DA:42,6
LF:7
LH:7
BRDA:37,0,0,0
BRDA:37,0,1,2
BRDA:38,1,0,2
BRDA:38,1,1,0
BRF:4
BRH:2
end_of_record
TN:
SF:client/src/Components/Shared/PDModalWindowImpl.jsx
FN:15,(anonymous_0)
FN:35,(anonymous_1)
FN:43,(anonymous_2)
FN:51,(anonymous_3)
FN:66,(anonymous_4)
FN:129,(anonymous_5)
FN:151,(anonymous_6)
FN:164,(anonymous_7)
FN:174,(anonymous_8)
FN:183,(anonymous_9)
FN:200,(anonymous_10)
FN:216,(anonymous_11)
FN:222,ConfirmationModalImpl
FN:238,(anonymous_13)
FN:249,(anonymous_14)
FN:257,(anonymous_15)
FN:265,(anonymous_16)
FN:278,(anonymous_17)
FN:279,(anonymous_18)
FN:284,(anonymous_19)
FN:288,(anonymous_20)
FN:293,(anonymous_21)
FN:298,(anonymous_22)
FN:302,(anonymous_23)
FNF:24
FNH:11
FNDA:1,(anonymous_0)
FNDA:1,(anonymous_1)
FNDA:1,(anonymous_2)
FNDA:1,(anonymous_3)
FNDA:1,(anonymous_4)
FNDA:1,(anonymous_5)
FNDA:1,(anonymous_6)
FNDA:0,(anonymous_7)
FNDA:0,(anonymous_8)
FNDA:0,(anonymous_9)
FNDA:1,(anonymous_10)
FNDA:1,(anonymous_11)
FNDA:1,ConfirmationModalImpl
FNDA:1,(anonymous_13)
FNDA:0,(anonymous_14)
FNDA:0,(anonymous_15)
FNDA:0,(anonymous_16)
FNDA:0,(anonymous_17)
FNDA:0,(anonymous_18)
FNDA:0,(anonymous_19)
FNDA:0,(anonymous_20)
FNDA:0,(anonymous_21)
FNDA:0,(anonymous_22)
FNDA:0,(anonymous_23)
DA:13,1
DA:15,1
DA:26,1
DA:36,1
DA:44,1
DA:52,1
DA:64,1
DA:66,1
DA:75,1
DA:84,1
DA:89,1
DA:96,1
DA:99,1
DA:114,1
DA:118,1
DA:129,1
DA:136,1
DA:140,1
DA:151,1
DA:157,1
DA:162,1
DA:164,0
DA:171,1
DA:174,0
DA:181,1
DA:183,0
DA:190,1
DA:200,1
DA:206,1
DA:216,1
DA:230,1
DA:232,1
DA:233,1
DA:234,1
DA:235,1
DA:236,1
DA:238,1
DA:239,1
DA:240,0
DA:241,0
DA:243,0
DA:244,0
DA:245,0
DA:249,1
DA:250,0
DA:251,0
DA:252,0
DA:253,0
DA:254,0
DA:257,1
DA:258,0
DA:259,0
DA:260,0
DA:265,1
DA:271,1
DA:278,0
DA:279,0
DA:284,0
DA:288,0
DA:293,0
DA:298,0
DA:302,0
LF:62
LH:39
BRDA:15,0,0,0
BRDA:15,0,1,1
BRDA:66,1,0,0
BRDA:66,1,1,1
BRDA:129,2,0,1
BRDA:129,2,1,1
BRDA:151,3,0,1
BRDA:151,3,1,1
BRDA:164,4,0,0
BRDA:164,4,1,0
BRDA:174,5,0,0
BRDA:174,5,1,0
BRDA:183,6,0,0
BRDA:183,6,1,0
BRDA:200,7,0,1
BRDA:200,7,1,1
BRDA:216,8,0,1
BRDA:216,8,1,1
BRDA:239,9,0,0
BRDA:239,9,1,1
BRDA:239,10,0,1
BRDA:239,10,1,1
BRDA:287,11,0,1
BRDA:287,11,1,0
BRDA:292,12,0,1
BRDA:292,12,1,0
BRDA:297,13,0,1
BRDA:297,13,1,0
BRF:28
BRH:16
end_of_record
TN:
SF:client/src/Components/Shared/ProductDetailModal.jsx
FN:10,ProductDetailModalWindow
FNF:1
FNH:1
FNDA:1,ProductDetailModalWindow
DA:5,1
DA:6,1
DA:7,1
DA:8,1
DA:18,1
DA:20,1
LF:6
LH:6
BRF:0
BRH:0
end_of_record
TN:
SF:client/src/Components/Shared/StarHandler.jsx
FN:34,StarHandler
FN:42,(anonymous_1)
FN:44,(anonymous_2)
FN:45,(anonymous_3)
FN:49,(anonymous_4)
FN:52,(anonymous_5)
FN:87,(anonymous_6)
FN:115,(anonymous_7)
FNF:8
FNH:0
FNDA:0,StarHandler
FNDA:0,(anonymous_1)
FNDA:0,(anonymous_2)
FNDA:0,(anonymous_3)
FNDA:0,(anonymous_4)
FNDA:0,(anonymous_5)
FNDA:0,(anonymous_6)
FNDA:0,(anonymous_7)
DA:14,1
DA:22,1
DA:26,1
DA:39,0
DA:40,0
DA:41,0
DA:42,0
DA:43,0
DA:44,0
DA:45,0
DA:49,0
DA:52,0
DA:53,0
DA:54,0
DA:56,0
DA:60,0
DA:62,0
DA:64,0
DA:70,0
DA:71,0
DA:76,0
DA:77,0
DA:84,0
DA:85,0
DA:87,0
DA:89,0
DA:90,0
DA:91,0
DA:92,0
DA:93,0
DA:95,0
DA:96,0
DA:97,0
DA:99,0
DA:100,0
DA:101,0
DA:105,0
DA:108,0
DA:111,0
DA:116,0
LF:40
LH:3
BRDA:49,0,0,0
BRDA:49,0,1,0
BRDA:62,1,0,0
BRDA:62,1,1,0
BRDA:62,2,0,0
BRDA:62,2,1,0
BRDA:70,3,0,0
BRDA:70,3,1,0
BRDA:84,4,0,0
BRDA:84,4,1,0
BRDA:96,5,0,0
BRDA:96,5,1,0
BRDA:113,6,0,0
BRDA:113,6,1,0
BRDA:115,7,0,0
BRDA:115,7,1,0
BRF:16
BRH:0
end_of_record
TN:
SF:client/src/utils/helper.js
FN:6,sortResults
FN:9,compare
FN:25,imcrementVote
FN:31,(anonymous_3)
FN:35,(anonymous_4)
FN:40,report
FN:44,(anonymous_6)
FN:47,(anonymous_7)
FNF:8
FNH:0
FNDA:0,sortResults
FNDA:0,compare
FNDA:0,imcrementVote
FNDA:0,(anonymous_3)
FNDA:0,(anonymous_4)
FNDA:0,report
FNDA:0,(anonymous_6)
FNDA:0,(anonymous_7)
DA:10,0
DA:11,0
DA:13,0
DA:14,0
DA:16,0
DA:19,0
DA:21,0
DA:26,0
DA:29,0
DA:30,0
DA:32,0
DA:33,0
DA:36,0
DA:41,0
DA:42,0
DA:43,0
DA:45,0
DA:48,0
LF:18
LH:0
BRDA:10,0,0,0
BRDA:10,0,1,0
BRDA:13,1,0,0
BRDA:13,1,1,0
BRF:4
BRH:0
end_of_record
