TN:
SF:config.js
FNF:0
FNH:0
DA:1,2
LF:1
LH:1
BRF:0
BRH:0
end_of_record
TN:
SF:client/src/Components/Questions/AnswerItem.jsx
FN:44,AnswerItem
FN:46,(anonymous_1)
FN:50,(anonymous_2)
FNF:3
FNH:0
FNDA:0,AnswerItem
FNDA:0,(anonymous_1)
FNDA:0,(anonymous_2)
DA:7,1
DA:21,1
DA:29,1
DA:38,1
DA:46,0
DA:47,0
DA:50,0
DA:51,0
DA:56,0
LF:9
LH:4
BRF:0
BRH:0
end_of_record
TN:
SF:client/src/Components/Questions/PhotoGallery.jsx
FN:58,PhotoGallery
FN:62,(anonymous_1)
FN:68,(anonymous_2)
FN:72,(anonymous_3)
FN:81,(anonymous_4)
FN:82,(anonymous_5)
FN:83,(anonymous_6)
FN:84,(anonymous_7)
FN:85,(anonymous_8)
FNF:9
FNH:0
FNDA:0,PhotoGallery
FNDA:0,(anonymous_1)
FNDA:0,(anonymous_2)
FNDA:0,(anonymous_3)
FNDA:0,(anonymous_4)
FNDA:0,(anonymous_5)
FNDA:0,(anonymous_6)
FNDA:0,(anonymous_7)
FNDA:0,(anonymous_8)
DA:8,1
DA:21,1
DA:28,1
DA:35,1
DA:42,1
DA:49,1
DA:60,0
DA:62,0
DA:63,0
DA:66,0
DA:68,0
DA:69,0
DA:72,0
DA:74,0
DA:75,0
DA:79,0
DA:81,0
DA:82,0
DA:83,0
DA:84,0
DA:85,0
LF:21
LH:6
BRDA:81,0,0,0
BRDA:81,0,1,0
BRDA:82,1,0,0
BRDA:82,1,1,0
BRDA:83,2,0,0
BRDA:83,2,1,0
BRDA:84,3,0,0
BRDA:84,3,1,0
BRDA:85,4,0,0
BRDA:85,4,1,0
BRF:10
BRH:0
end_of_record
TN:
SF:client/src/Components/Questions/Questions.jsx
FN:70,Questions
FN:79,(anonymous_1)
FN:83,(anonymous_2)
FN:87,(anonymous_3)
FN:93,(anonymous_4)
FN:98,(anonymous_5)
FN:100,(anonymous_6)
FN:111,(anonymous_7)
FN:134,(anonymous_8)
FN:138,(anonymous_9)
FN:143,(anonymous_10)
FN:159,(anonymous_11)
FN:160,(anonymous_12)
FN:165,(anonymous_13)
FN:169,(anonymous_14)
FN:172,(anonymous_15)
FN:188,(anonymous_16)
FNF:17
FNH:0
FNDA:0,Questions
FNDA:0,(anonymous_1)
FNDA:0,(anonymous_2)
FNDA:0,(anonymous_3)
FNDA:0,(anonymous_4)
FNDA:0,(anonymous_5)
FNDA:0,(anonymous_6)
FNDA:0,(anonymous_7)
FNDA:0,(anonymous_8)
FNDA:0,(anonymous_9)
FNDA:0,(anonymous_10)
FNDA:0,(anonymous_11)
FNDA:0,(anonymous_12)
FNDA:0,(anonymous_13)
FNDA:0,(anonymous_14)
FNDA:0,(anonymous_15)
FNDA:0,(anonymous_16)
DA:16,1
DA:34,1
DA:40,1
DA:45,1
DA:57,1
DA:63,1
DA:68,1
DA:72,0
DA:73,0
DA:74,0
DA:76,0
DA:77,0
DA:79,0
DA:80,0
DA:83,0
DA:84,0
DA:87,0
DA:89,0
DA:90,0
DA:93,0
DA:94,0
DA:98,0
DA:99,0
DA:102,0
DA:103,0
DA:104,0
DA:134,0
DA:136,0
DA:137,0
DA:138,0
DA:139,0
DA:141,0
DA:143,0
DA:144,0
DA:145,0
DA:147,0
DA:148,0
DA:155,0
DA:159,0
DA:160,0
DA:161,0
DA:165,0
DA:167,0
DA:168,0
DA:177,0
DA:188,0
LF:46
LH:7
BRDA:103,0,0,0
BRDA:103,0,1,0
BRDA:139,1,0,0
BRDA:139,1,1,0
BRDA:144,2,0,0
BRDA:144,2,1,0
BRDA:145,3,0,0
BRDA:145,3,1,0
BRDA:188,4,0,0
BRDA:188,4,1,0
BRDA:191,5,0,0
BRDA:191,5,1,0
BRF:12
BRH:0
end_of_record
TN:
SF:client/src/Components/Questions/QuestionsItem.jsx
FN:70,QuestionsItem
FN:72,(anonymous_1)
FN:73,(anonymous_2)
FN:94,(anonymous_3)
FN:98,(anonymous_4)
FN:102,(anonymous_5)
FN:108,(anonymous_6)
FN:125,(anonymous_7)
FN:129,(anonymous_8)
FN:133,(anonymous_9)
FN:137,(anonymous_10)
FN:140,(anonymous_11)
FN:159,(anonymous_12)
FNF:13
FNH:0
FNDA:0,QuestionsItem
FNDA:0,(anonymous_1)
FNDA:0,(anonymous_2)
FNDA:0,(anonymous_3)
FNDA:0,(anonymous_4)
FNDA:0,(anonymous_5)
FNDA:0,(anonymous_6)
FNDA:0,(anonymous_7)
FNDA:0,(anonymous_8)
FNDA:0,(anonymous_9)
FNDA:0,(anonymous_10)
FNDA:0,(anonymous_11)
FNDA:0,(anonymous_12)
DA:12,1
DA:27,1
DA:34,1
DA:43,1
DA:52,1
DA:60,1
DA:69,1
DA:72,0
DA:73,0
DA:74,0
DA:75,0
DA:77,0
DA:78,0
DA:80,0
DA:81,0
DA:87,0
DA:88,0
DA:89,0
DA:91,0
DA:92,0
DA:94,0
DA:95,0
DA:98,0
DA:99,0
DA:102,0
DA:104,0
DA:105,0
DA:108,0
DA:110,0
DA:113,0
DA:114,0
DA:115,0
DA:117,0
DA:118,0
DA:121,0
DA:125,0
DA:126,0
DA:129,0
DA:130,0
DA:133,0
DA:134,0
DA:135,0
DA:136,0
DA:138,0
DA:141,0
DA:146,0
DA:161,0
LF:47
LH:7
BRDA:75,0,0,0
BRDA:75,0,1,0
BRDA:113,1,0,0
BRDA:113,1,1,0
BRDA:114,2,0,0
BRDA:114,2,1,0
BRDA:164,3,0,0
BRDA:164,3,1,0
BRF:8
BRH:0
end_of_record
TN:
SF:client/src/Components/Questions/SearchBar.jsx
FN:40,SearchBar
FN:44,(anonymous_1)
FN:56,(anonymous_2)
FNF:3
FNH:2
FNDA:3,SearchBar
FNDA:1,(anonymous_1)
FNDA:0,(anonymous_2)
DA:9,1
DA:22,1
DA:36,1
DA:41,3
DA:44,3
DA:46,1
DA:48,1
DA:50,1
DA:52,0
DA:56,3
DA:58,0
DA:59,0
DA:62,3
LF:13
LH:10
BRDA:48,0,0,1
BRDA:48,0,1,0
BRF:2
BRH:1
end_of_record
TN:
SF:client/src/Components/Questions/clear.svg
FNF:0
FNH:0
DA:1,1
LF:1
LH:1
BRF:0
BRH:0
end_of_record
TN:
SF:client/src/Components/Questions/search.svg
FNF:0
FNH:0
DA:1,1
LF:1
LH:1
BRF:0
BRH:0
end_of_record
TN:
SF:client/src/Components/Reviews/CreateReview.jsx
FN:18,CreateReview
FNF:1
FNH:1
FNDA:1,CreateReview
DA:5,1
DA:21,1
LF:2
LH:2
BRF:0
BRH:0
end_of_record
TN:
SF:client/src/Components/Reviews/FilterBy.jsx
FN:7,FilterBy
FN:10,(anonymous_1)
FN:12,(anonymous_2)
FN:13,(anonymous_3)
FN:16,(anonymous_4)
FN:18,(anonymous_5)
FNF:6
FNH:2
FNDA:1,FilterBy
FNDA:0,(anonymous_1)
FNDA:0,(anonymous_2)
FNDA:0,(anonymous_3)
FNDA:1,(anonymous_4)
FNDA:0,(anonymous_5)
DA:10,1
DA:11,0
DA:12,0
DA:13,0
DA:16,1
DA:18,1
DA:19,1
DA:22,1
LF:8
LH:5
BRDA:16,0,0,0
BRDA:16,0,1,1
BRDA:23,1,0,0
BRDA:23,1,1,1
BRF:4
BRH:2
end_of_record
TN:
SF:client/src/Components/Reviews/FilterSelector.jsx
FN:4,FilterSelector
FN:6,(anonymous_1)
FNF:2
FNH:0
FNDA:0,FilterSelector
FNDA:0,(anonymous_1)
DA:5,0
DA:6,0
DA:7,0
DA:11,0
LF:4
LH:0
BRF:0
BRH:0
end_of_record
TN:
SF:client/src/Components/Reviews/ProductBreakdown.jsx
FN:3,ProductBreakdown
FNF:1
FNH:1
FNDA:1,ProductBreakdown
DA:8,1
LF:1
LH:1
BRF:0
BRH:0
end_of_record
TN:
SF:client/src/Components/Reviews/RatingsBreakdown.jsx
FN:37,RatingsBreakdown
FN:41,(anonymous_1)
FN:43,(anonymous_2)
FN:44,(anonymous_3)
FN:47,(anonymous_4)
FNF:5
FNH:2
FNDA:1,RatingsBreakdown
FNDA:0,(anonymous_1)
FNDA:0,(anonymous_2)
FNDA:0,(anonymous_3)
FNDA:1,(anonymous_4)
DA:10,1
DA:18,1
DA:22,1
DA:25,1
DA:38,1
DA:39,1
DA:41,1
DA:42,0
DA:43,0
DA:44,0
DA:47,1
DA:56,1
LF:12
LH:9
BRDA:47,0,0,0
BRDA:47,0,1,1
BRDA:60,1,0,0
BRDA:60,1,1,1
BRF:4
BRH:2
end_of_record
TN:
SF:client/src/Components/Reviews/RatingsGraph.jsx
FN:48,RatingsGraph
FN:61,(anonymous_1)
FN:69,(anonymous_2)
FN:91,(anonymous_3)
FN:97,(anonymous_4)
FN:99,(anonymous_5)
FNF:6
FNH:1
FNDA:1,RatingsGraph
FNDA:0,(anonymous_1)
FNDA:0,(anonymous_2)
FNDA:0,(anonymous_3)
FNDA:0,(anonymous_4)
FNDA:0,(anonymous_5)
DA:6,1
DA:13,1
DA:20,1
DA:29,1
DA:37,1
DA:50,1
DA:59,1
DA:61,1
DA:62,0
DA:63,0
DA:64,0
DA:65,0
DA:67,0
DA:69,0
DA:71,0
DA:72,0
DA:73,0
DA:77,0
DA:80,0
DA:81,0
DA:90,1
DA:91,1
DA:92,0
DA:95,1
DA:98,0
DA:99,0
LF:26
LH:11
BRDA:71,0,0,0
BRDA:71,0,1,0
BRDA:80,1,0,0
BRDA:80,1,1,0
BRDA:100,2,0,0
BRDA:100,2,1,0
BRF:6
BRH:0
end_of_record
TN:
SF:client/src/Components/Reviews/ReviewItem.jsx
FN:94,(anonymous_0)
FN:101,ReviewItem
FN:124,(anonymous_2)
FNF:3
FNH:0
FNDA:0,(anonymous_0)
FNDA:0,ReviewItem
FNDA:0,(anonymous_2)
DA:6,1
DA:15,1
DA:23,1
DA:34,1
DA:50,1
DA:56,1
DA:62,1
DA:69,1
DA:76,1
DA:86,1
DA:94,1
DA:95,0
DA:96,0
DA:103,0
DA:125,0
LF:15
LH:11
BRDA:104,0,0,0
BRDA:104,0,1,0
BRDA:120,1,0,0
BRDA:120,1,1,0
BRDA:122,2,0,0
BRDA:122,2,1,0
BRDA:124,3,0,0
BRDA:124,3,1,0
BRF:8
BRH:0
end_of_record
TN:
SF:client/src/Components/Reviews/Reviews.jsx
FN:69,Reviews
FN:80,(anonymous_1)
FN:82,(anonymous_2)
FN:83,(anonymous_3)
FN:86,(anonymous_4)
FN:89,(anonymous_5)
FN:111,(anonymous_6)
FN:118,(anonymous_7)
FNF:8
FNH:2
FNDA:1,Reviews
FNDA:0,(anonymous_1)
FNDA:0,(anonymous_2)
FNDA:0,(anonymous_3)
FNDA:1,(anonymous_4)
FNDA:0,(anonymous_5)
FNDA:0,(anonymous_6)
FNDA:0,(anonymous_7)
DA:14,1
DA:29,1
DA:36,1
DA:43,1
DA:51,1
DA:60,1
DA:70,1
DA:71,1
DA:72,1
DA:73,1
DA:74,1
DA:75,1
DA:76,1
DA:79,1
DA:80,1
DA:81,0
DA:82,0
DA:83,0
DA:86,1
DA:89,1
DA:90,0
DA:93,1
DA:97,1
DA:112,0
DA:119,0
LF:25
LH:19
BRDA:86,0,0,0
BRDA:86,0,1,1
BRDA:111,1,0,0
BRDA:111,1,1,1
BRDA:111,2,0,1
BRDA:111,2,1,0
BRDA:128,3,0,0
BRDA:128,3,1,1
BRF:8
BRH:4
end_of_record
TN:
SF:client/src/Components/Shared/ModalForm.jsx
FN:84,(anonymous_0)
FN:109,ModalForm
FN:131,(anonymous_2)
FN:141,(anonymous_3)
FN:154,(anonymous_4)
FNF:5
FNH:0
FNDA:0,(anonymous_0)
FNDA:0,ModalForm
FNDA:0,(anonymous_2)
FNDA:0,(anonymous_3)
FNDA:0,(anonymous_4)
DA:16,1
DA:22,1
DA:43,1
DA:62,1
DA:82,1
DA:84,0
DA:88,1
DA:93,1
DA:98,1
DA:105,1
DA:111,0
DA:112,0
DA:113,0
DA:114,0
DA:115,0
DA:116,0
DA:119,0
DA:120,0
DA:121,0
DA:122,0
DA:128,0
DA:129,0
DA:131,0
DA:133,0
DA:134,0
DA:141,0
DA:143,0
DA:144,0
DA:145,0
DA:146,0
DA:147,0
DA:150,0
DA:154,0
DA:155,0
DA:156,0
DA:157,0
DA:158,0
DA:159,0
DA:161,0
DA:162,0
DA:163,0
DA:166,0
DA:167,0
DA:168,0
DA:169,0
DA:171,0
DA:172,0
DA:173,0
DA:174,0
DA:175,0
DA:176,0
DA:180,0
DA:184,0
DA:187,0
LF:54
LH:9
BRDA:121,0,0,0
BRDA:121,0,1,0
BRDA:144,1,0,0
BRDA:144,1,1,0
BRDA:146,2,0,0
BRDA:146,2,1,0
BRDA:150,3,0,0
BRDA:150,3,1,0
BRDA:156,4,0,0
BRDA:156,4,1,0
BRDA:157,5,0,0
BRDA:157,5,1,0
BRDA:161,6,0,0
BRDA:161,6,1,0
BRDA:171,7,0,0
BRDA:171,7,1,0
BRDA:173,8,0,0
BRDA:173,8,1,0
BRDA:189,9,0,0
BRDA:189,9,1,0
BRDA:192,10,0,0
BRDA:192,10,1,0
BRDA:200,11,0,0
BRDA:200,11,1,0
BRDA:201,12,0,0
BRDA:201,12,1,0
BRDA:209,13,0,0
BRDA:209,13,1,0
BRF:28
BRH:0
end_of_record
TN:
SF:client/src/Components/Shared/ModalWindow.jsx
FN:10,ModalWindow
FNF:1
FNH:0
FNDA:0,ModalWindow
DA:5,1
DA:6,1
DA:7,1
DA:8,1
DA:17,0
DA:21,0
LF:6
LH:4
BRF:0
BRH:0
end_of_record
TN:
SF:client/src/Components/Shared/ModalWindowImpl.jsx
FN:10,(anonymous_0)
FN:22,(anonymous_1)
FN:30,(anonymous_2)
FN:38,(anonymous_3)
FN:46,(anonymous_4)
FN:61,(anonymous_5)
FN:93,ModalWindowImpl
FN:102,(anonymous_7)
FN:104,(anonymous_8)
FNF:9
FNH:0
FNDA:0,(anonymous_0)
FNDA:0,(anonymous_1)
FNDA:0,(anonymous_2)
FNDA:0,(anonymous_3)
FNDA:0,(anonymous_4)
FNDA:0,(anonymous_5)
FNDA:0,ModalWindowImpl
FNDA:0,(anonymous_7)
FNDA:0,(anonymous_8)
DA:8,1
DA:10,0
DA:20,1
DA:22,0
DA:31,0
DA:39,0
DA:47,0
DA:59,1
DA:61,0
DA:70,1
DA:77,1
DA:86,1
DA:100,0
DA:102,0
DA:104,0
DA:105,0
DA:106,0
DA:110,0
DA:115,0
DA:116,0
LF:20
LH:6
BRDA:10,0,0,0
BRDA:10,0,1,0
BRDA:22,1,0,0
BRDA:22,1,1,0
BRDA:61,2,0,0
BRDA:61,2,1,0
BRDA:105,3,0,0
BRDA:105,3,1,0
BRDA:105,4,0,0
BRDA:105,4,1,0
BRF:10
BRH:0
end_of_record
TN:
SF:client/src/Components/Shared/MoreButton.jsx
FN:33,MoreButton
FN:34,(anonymous_1)
FNF:2
FNH:2
FNDA:6,MoreButton
FNDA:2,(anonymous_1)
DA:4,2
DA:34,6
DA:36,2
DA:37,2
DA:39,2
DA:42,6
LF:6
LH:6
BRDA:37,0,0,0
BRDA:37,0,1,2
BRDA:38,1,0,2
BRDA:38,1,1,0
BRF:4
BRH:2
end_of_record
TN:
SF:client/src/Components/Shared/StarHandler.jsx
FN:34,StarHandler
FN:42,(anonymous_1)
FN:44,(anonymous_2)
FN:45,(anonymous_3)
FN:49,(anonymous_4)
FN:52,(anonymous_5)
FN:87,(anonymous_6)
FN:115,(anonymous_7)
FNF:8
FNH:0
FNDA:0,StarHandler
FNDA:0,(anonymous_1)
FNDA:0,(anonymous_2)
FNDA:0,(anonymous_3)
FNDA:0,(anonymous_4)
FNDA:0,(anonymous_5)
FNDA:0,(anonymous_6)
FNDA:0,(anonymous_7)
DA:14,1
DA:22,1
DA:26,1
DA:39,0
DA:40,0
DA:41,0
DA:42,0
DA:43,0
DA:44,0
DA:45,0
DA:49,0
DA:52,0
DA:53,0
DA:54,0
DA:56,0
DA:60,0
DA:62,0
DA:64,0
DA:70,0
DA:71,0
DA:76,0
DA:77,0
DA:84,0
DA:85,0
DA:87,0
DA:89,0
DA:90,0
DA:91,0
DA:92,0
DA:93,0
DA:95,0
DA:96,0
DA:97,0
DA:99,0
DA:100,0
DA:101,0
DA:105,0
DA:108,0
DA:111,0
DA:116,0
LF:40
LH:3
BRDA:49,0,0,0
BRDA:49,0,1,0
BRDA:62,1,0,0
BRDA:62,1,1,0
BRDA:62,2,0,0
BRDA:62,2,1,0
BRDA:70,3,0,0
BRDA:70,3,1,0
BRDA:84,4,0,0
BRDA:84,4,1,0
BRDA:96,5,0,0
BRDA:96,5,1,0
BRDA:113,6,0,0
BRDA:113,6,1,0
BRDA:115,7,0,0
BRDA:115,7,1,0
BRF:16
BRH:0
end_of_record
TN:
SF:client/src/Components/Shared/blackStar.svg
FNF:0
FNH:0
DA:1,1
LF:1
LH:1
BRF:0
BRH:0
end_of_record
TN:
SF:client/src/Components/Shared/halfStar.svg
FNF:0
FNH:0
DA:1,1
LF:1
LH:1
BRF:0
BRH:0
end_of_record
TN:
SF:client/src/Components/Shared/quarterStar.svg
FNF:0
FNH:0
DA:1,1
LF:1
LH:1
BRF:0
BRH:0
end_of_record
TN:
SF:client/src/Components/Shared/starOutline.svg
FNF:0
FNH:0
DA:1,1
LF:1
LH:1
BRF:0
BRH:0
end_of_record
TN:
SF:client/src/Components/Shared/validateForm.js
FN:2,validateForm
FNF:1
FNH:0
FNDA:0,validateForm
DA:3,0
DA:4,0
DA:5,0
DA:6,0
DA:10,0
DA:12,0
DA:13,0
DA:16,0
DA:17,0
DA:19,0
DA:23,0
DA:24,0
DA:25,0
DA:26,0
DA:27,0
DA:30,0
LF:16
LH:0
BRDA:3,0,0,0
BRDA:3,0,1,0
BRDA:5,1,0,0
BRDA:5,1,1,0
BRDA:12,2,0,0
BRDA:12,2,1,0
BRDA:16,3,0,0
BRDA:16,3,1,0
BRDA:17,4,0,0
BRDA:17,4,1,0
BRDA:24,5,0,0
BRDA:24,5,1,0
BRDA:26,6,0,0
BRDA:26,6,1,0
BRF:14
BRH:0
end_of_record
TN:
SF:client/src/utils/helper.js
FN:6,sortResults
FN:9,compare
FN:25,imcrementVote
FN:31,(anonymous_3)
FN:35,(anonymous_4)
FN:40,report
FN:44,(anonymous_6)
FN:47,(anonymous_7)
FNF:8
FNH:0
FNDA:0,sortResults
FNDA:0,compare
FNDA:0,imcrementVote
FNDA:0,(anonymous_3)
FNDA:0,(anonymous_4)
FNDA:0,report
FNDA:0,(anonymous_6)
FNDA:0,(anonymous_7)
DA:10,0
DA:11,0
DA:13,0
DA:14,0
DA:16,0
DA:19,0
DA:21,0
DA:26,0
DA:29,0
DA:30,0
DA:32,0
DA:33,0
DA:36,0
DA:41,0
DA:42,0
DA:43,0
DA:45,0
DA:48,0
LF:18
LH:0
BRDA:10,0,0,0
BRDA:10,0,1,0
BRDA:13,1,0,0
BRDA:13,1,1,0
BRF:4
BRH:0
end_of_record
